Using pre-set license
Built from '2021.1/staging' branch; Version is '2021.1.7f1 (d91830b65d9b) revision 14227504'; Using compiler version '192528614'; Build Type 'Release'
OS: 'Windows 10 Home; OS build 19041.1415; Version 2004; 64bit' Language: 'en' Physical Memory: 16329 MB
BatchMode: 1, IsHumanControllingUs: 0, StartBugReporterOnCrash: 0, Is64bit: 1, IsPro: 0

 COMMAND LINE ARGUMENTS:
C:\Program Files\Unity\Hub\Editor\2021.1.7f1\Editor\Unity.exe
-adb2
-batchMode
-noUpm
-name
AssetImportWorker1
-projectPath
C:/Users/CraigHussey/Documents/GitHub/10-14-ratc-game-final
-logFile
Logs/AssetImportWorker1.log
-srvPort
53858
Successfully changed project path to: C:/Users/CraigHussey/Documents/GitHub/10-14-ratc-game-final
C:/Users/CraigHussey/Documents/GitHub/10-14-ratc-game-final
Using Asset Import Pipeline V2.
Refreshing native plugins compatible for Editor in 50.12 ms, found 2 plugins.
Preloading 0 native plugins for Editor in 0.00 ms.
Initialize engine version: 2021.1.7f1 (d91830b65d9b)
[Subsystems] Discovering subsystems at path C:/Program Files/Unity/Hub/Editor/2021.1.7f1/Editor/Data/Resources/UnitySubsystems
[Subsystems] Discovering subsystems at path C:/Users/CraigHussey/Documents/GitHub/10-14-ratc-game-final/Assets
GfxDevice: creating device client; threaded=0; jobified=0
Direct3D:
    Version:  Direct3D 11.0 [level 11.1]
    Renderer: NVIDIA GeForce GTX 1060 6GB (ID=0x1c03)
    Vendor:   NVIDIA
    VRAM:     6052 MB
    Driver:   30.0.14.9709
Initialize mono
Mono path[0] = 'C:/Program Files/Unity/Hub/Editor/2021.1.7f1/Editor/Data/Managed'
Mono path[1] = 'C:/Program Files/Unity/Hub/Editor/2021.1.7f1/Editor/Data/MonoBleedingEdge/lib/mono/unityjit'
Mono config path = 'C:/Program Files/Unity/Hub/Editor/2021.1.7f1/Editor/Data/MonoBleedingEdge/etc'
Using monoOptions --debugger-agent=transport=dt_socket,embedding=1,server=y,suspend=n,address=127.0.0.1:56696
Begin MonoManager ReloadAssembly
Registering precompiled unity dll's ...
Register platform support module: C:/Program Files/Unity/Hub/Editor/2021.1.7f1/Editor/Data/PlaybackEngines/WebGLSupport/UnityEditor.WebGL.Extensions.dll
Register platform support module: C:/Program Files/Unity/Hub/Editor/2021.1.7f1/Editor/Data/PlaybackEngines/WindowsStandaloneSupport/UnityEditor.WindowsStandalone.Extensions.dll
Registered in 0.002172 seconds.
Native extension for WindowsStandalone target not found
Native extension for WebGL target not found
Refreshing native plugins compatible for Editor in 44.81 ms, found 2 plugins.
Preloading 0 native plugins for Editor in 0.00 ms.
Mono: successfully reloaded assembly
- Completed reload, in 25.397 seconds
Platform modules already initialized, skipping
Registering precompiled user dll's ...
Registered in 0.003912 seconds.
Begin MonoManager ReloadAssembly
Native extension for WindowsStandalone target not found
Native extension for WebGL target not found
Refreshing native plugins compatible for Editor in 45.12 ms, found 2 plugins.
Preloading 0 native plugins for Editor in 0.00 ms.
Mono: successfully reloaded assembly
- Completed reload, in  1.175 seconds
Platform modules already initialized, skipping
========================================================================
Worker process is ready to serve import requests
Launched and connected shader compiler UnityShaderCompiler.exe after 0.05 seconds
Refreshing native plugins compatible for Editor in 0.58 ms, found 2 plugins.
Preloading 0 native plugins for Editor in 0.00 ms.
Unloading 2313 Unused Serialized files (Serialized files now loaded: 0)
System memory in use before: 94.5 MB.
System memory in use after: 94.7 MB.

Unloading 58 unused Assets to reduce memory usage. Loaded Objects now: 2737.
Total: 6.100400 ms (FindLiveObjects: 0.174000 ms CreateObjectMapping: 0.100800 ms MarkObjects: 5.758300 ms  DeleteObjects: 0.066300 ms)

========================================================================
Received Import Request.
  path: Assets/Everything Craig did without other code/Player_3_Score.asset
  artifactKey: Guid(62169af6a3dfe2e4a9933dddfcaa6d14) Importer(815301076,1909f56bfc062723c751e8b465ee728b)
Start importing Assets/Everything Craig did without other code/Player_3_Score.asset using Guid(62169af6a3dfe2e4a9933dddfcaa6d14) Importer(815301076,1909f56bfc062723c751e8b465ee728b)  -> (artifact id: 'c0518fdf965f08e2179ca1d90876b399') in 0.025119 seconds 
========================================================================
Received Import Request.
  Time since last request: 0.798558 seconds.
  path: Assets/Everything Craig did without other code/GameManager.cs
  artifactKey: Guid(27209b267fd1e1d45975920788af0c61) Importer(815301076,1909f56bfc062723c751e8b465ee728b)
Start importing Assets/Everything Craig did without other code/GameManager.cs using Guid(27209b267fd1e1d45975920788af0c61) Importer(815301076,1909f56bfc062723c751e8b465ee728b)  -> (artifact id: 'd989957bfdf5e772c38840ccacbd497b') in 0.011844 seconds 
========================================================================
Received Prepare
Registering precompiled user dll's ...
Registered in 0.004561 seconds.
Begin MonoManager ReloadAssembly
Native extension for WindowsStandalone target not found
Native extension for WebGL target not found
Refreshing native plugins compatible for Editor in 0.59 ms, found 2 plugins.
Preloading 0 native plugins for Editor in 0.00 ms.
Mono: successfully reloaded assembly
- Completed reload, in  1.005 seconds
Platform modules already initialized, skipping
Refreshing native plugins compatible for Editor in 0.65 ms, found 2 plugins.
Preloading 0 native plugins for Editor in 0.00 ms.
Unloading 2307 Unused Serialized files (Serialized files now loaded: 0)
System memory in use before: 94.6 MB.
System memory in use after: 94.8 MB.

Unloading 47 unused Assets to reduce memory usage. Loaded Objects now: 2739.
Total: 5.308900 ms (FindLiveObjects: 0.172700 ms CreateObjectMapping: 0.101000 ms MarkObjects: 5.008700 ms  DeleteObjects: 0.025400 ms)

========================================================================
Received Import Request.
  Time since last request: 70.908855 seconds.
  path: Assets/Everything Craig did without other code/GameManager.cs
  artifactKey: Guid(27209b267fd1e1d45975920788af0c61) Importer(815301076,1909f56bfc062723c751e8b465ee728b)
Start importing Assets/Everything Craig did without other code/GameManager.cs using Guid(27209b267fd1e1d45975920788af0c61) Importer(815301076,1909f56bfc062723c751e8b465ee728b)  -> (artifact id: 'd41164f31740fd6a22d34c9cb8bbe388') in 0.004621 seconds 
========================================================================
Received Prepare
Registering precompiled user dll's ...
Registered in 0.003652 seconds.
Begin MonoManager ReloadAssembly
Native extension for WindowsStandalone target not found
Native extension for WebGL target not found
Refreshing native plugins compatible for Editor in 0.62 ms, found 2 plugins.
Preloading 0 native plugins for Editor in 0.00 ms.
Mono: successfully reloaded assembly
- Completed reload, in  0.977 seconds
Platform modules already initialized, skipping
Refreshing native plugins compatible for Editor in 0.60 ms, found 2 plugins.
Preloading 0 native plugins for Editor in 0.00 ms.
Unloading 2307 Unused Serialized files (Serialized files now loaded: 0)
System memory in use before: 94.7 MB.
System memory in use after: 94.9 MB.

Unloading 47 unused Assets to reduce memory usage. Loaded Objects now: 2741.
Total: 5.559500 ms (FindLiveObjects: 0.170600 ms CreateObjectMapping: 0.092600 ms MarkObjects: 5.272100 ms  DeleteObjects: 0.023400 ms)

========================================================================
Received Prepare
Registering precompiled user dll's ...
Registered in 0.003860 seconds.
Begin MonoManager ReloadAssembly
Native extension for WindowsStandalone target not found
Native extension for WebGL target not found
Refreshing native plugins compatible for Editor in 0.60 ms, found 2 plugins.
Preloading 0 native plugins for Editor in 0.00 ms.
Mono: successfully reloaded assembly
- Completed reload, in  0.985 seconds
Platform modules already initialized, skipping
Refreshing native plugins compatible for Editor in 0.64 ms, found 2 plugins.
Preloading 0 native plugins for Editor in 0.00 ms.
Unloading 2307 Unused Serialized files (Serialized files now loaded: 0)
System memory in use before: 94.7 MB.
System memory in use after: 94.9 MB.

Unloading 47 unused Assets to reduce memory usage. Loaded Objects now: 2743.
Total: 5.614000 ms (FindLiveObjects: 0.172400 ms CreateObjectMapping: 0.091800 ms MarkObjects: 5.320200 ms  DeleteObjects: 0.027100 ms)

