Using pre-set license
Pro License: NO

 COMMAND LINE ARGUMENTS:
/Applications/Unity/EditorsFolder/2021.1.12f1/Unity.app/Contents/MacOS/Unity
-adb2
-batchMode
-noUpm
-name
AssetImportWorker15
-projectPath
/Users/admin/Documents/Unity/Learn/10-14-ratc-game-final
-logFile
Logs/AssetImportWorker15.log
-srvPort
63389
Successfully changed project path to: /Users/admin/Documents/Unity/Learn/10-14-ratc-game-final
/Users/admin/Documents/Unity/Learn/10-14-ratc-game-final
Using Asset Import Pipeline V2.
Refreshing native plugins compatible for Editor in 1632.86 ms, found 3 plugins.
Preloading 0 native plugins for Editor in 0.00 ms.
Initialize engine version: 2021.1.12f1 (afcadd793de6)
[Subsystems] Discovering subsystems at path /Applications/Unity/EditorsFolder/2021.1.12f1/Unity.app/Contents/Resources/UnitySubsystems
[Subsystems] Discovering subsystems at path /Users/admin/Documents/Unity/Learn/10-14-ratc-game-final/Assets
GfxDevice: creating device client; threaded=0; jobified=0
2021-12-02 07:31:43.527 Unity[55833:997602] Color LCD preferred device: NVIDIA GeForce GT 650M (high power)
2021-12-02 07:31:43.527 Unity[55833:997602] Metal devices available: 2
2021-12-02 07:31:43.527 Unity[55833:997602] 0: NVIDIA GeForce GT 650M (high power)
2021-12-02 07:31:43.527 Unity[55833:997602] 1: Intel HD Graphics 4000 (low power)
2021-12-02 07:31:43.528 Unity[55833:997602] Using device NVIDIA GeForce GT 650M (high power)
Initializing Metal device caps: NVIDIA GeForce GT 650M
Initialize mono
Mono path[0] = '/Applications/Unity/EditorsFolder/2021.1.12f1/Unity.app/Contents/Managed'
Mono path[1] = '/Applications/Unity/EditorsFolder/2021.1.12f1/Unity.app/Contents/MonoBleedingEdge/lib/mono/unityjit'
Mono config path = '/Applications/Unity/EditorsFolder/2021.1.12f1/Unity.app/Contents/MonoBleedingEdge/etc'
Using monoOptions --debugger-agent=transport=dt_socket,embedding=1,server=y,suspend=n,address=127.0.0.1:56833
Begin MonoManager ReloadAssembly
Registering precompiled unity dll's ...
Register platform support module: /Applications/Unity/EditorsFolder/2021.1.12f1/Unity.app/Contents/PlaybackEngines/MacStandaloneSupport/UnityEditor.OSXStandalone.Extensions.dll
Registered in 0.000868 seconds.
Native extension for OSXStandalone target not found
Refreshing native plugins compatible for Editor in 94.69 ms, found 3 plugins.
Preloading 0 native plugins for Editor in 0.00 ms.
Mono: successfully reloaded assembly
- Completed reload, in  7.226 seconds
Domain Reload Profiling:
	ReloadAssembly (7227ms)
		BeginReloadAssembly (140ms)
			ExecutionOrderSort (0ms)
			DisableScriptedObjects (0ms)
			BackupInstance (0ms)
			ReleaseScriptingObjects (0ms)
			CreateAndSetChildDomain (1ms)
		EndReloadAssembly (1144ms)
			LoadAssemblies (206ms)
			RebuildTransferFunctionScriptingTraits (0ms)
			SetupTypeCache (377ms)
			ReleaseScriptCaches (0ms)
			RebuildScriptCaches (80ms)
			SetupLoadedEditorAssemblies (444ms)
				LogAssemblyErrors (0ms)
				InitializePlatformSupportModulesInManaged (13ms)
				SetLoadedEditorAssemblies (0ms)
				RefreshPlugins (95ms)
				BeforeProcessingInitializeOnLoad (3ms)
				ProcessInitializeOnLoadAttributes (234ms)
				ProcessInitializeOnLoadMethodAttributes (99ms)
				AfterProcessingInitializeOnLoad (0ms)
				EditorAssembliesLoaded (1ms)
			ExecutionOrderSort2 (0ms)
			AwakeInstancesAfterBackupRestoration (0ms)
Platform modules already initialized, skipping
Registering precompiled user dll's ...
Registered in 1.005636 seconds.
