Using pre-set license
Built from '2021.1/staging' branch; Version is '2021.1.7f1 (d91830b65d9b) revision 14227504'; Using compiler version '192528614'; Build Type 'Release'
OS: 'Windows 10 Home; OS build 19041.1348; Version 2004; 64bit' Language: 'en' Physical Memory: 16329 MB
BatchMode: 1, IsHumanControllingUs: 0, StartBugReporterOnCrash: 0, Is64bit: 1, IsPro: 0

 COMMAND LINE ARGUMENTS:
C:\Program Files\Unity\Hub\Editor\2021.1.7f1\Editor\Unity.exe
-adb2
-batchMode
-noUpm
-name
AssetImportWorker1
-projectPath
C:/Users/Craig Hussey/Documents/GitHub/10-14-ratc-game-final
-logFile
Logs/AssetImportWorker1.log
-srvPort
61971
Successfully changed project path to: C:/Users/Craig Hussey/Documents/GitHub/10-14-ratc-game-final
C:/Users/Craig Hussey/Documents/GitHub/10-14-ratc-game-final
Using Asset Import Pipeline V2.
Refreshing native plugins compatible for Editor in 41.33 ms, found 0 plugins.
Preloading 0 native plugins for Editor in 0.00 ms.
Initialize engine version: 2021.1.7f1 (d91830b65d9b)
[Subsystems] Discovering subsystems at path C:/Program Files/Unity/Hub/Editor/2021.1.7f1/Editor/Data/Resources/UnitySubsystems
[Subsystems] Discovering subsystems at path C:/Users/Craig Hussey/Documents/GitHub/10-14-ratc-game-final/Assets
GfxDevice: creating device client; threaded=0; jobified=0
Direct3D:
    Version:  Direct3D 11.0 [level 11.1]
    Renderer: Microsoft Basic Render Driver (ID=0x8c)
    Vendor:   Microsoft
    VRAM:     8164 MB
Initialize mono
Mono path[0] = 'C:/Program Files/Unity/Hub/Editor/2021.1.7f1/Editor/Data/Managed'
Mono path[1] = 'C:/Program Files/Unity/Hub/Editor/2021.1.7f1/Editor/Data/MonoBleedingEdge/lib/mono/unityjit'
Mono config path = 'C:/Program Files/Unity/Hub/Editor/2021.1.7f1/Editor/Data/MonoBleedingEdge/etc'
Using monoOptions --debugger-agent=transport=dt_socket,embedding=1,server=y,suspend=n,address=127.0.0.1:56440
Begin MonoManager ReloadAssembly
Registering precompiled unity dll's ...
Register platform support module: C:/Program Files/Unity/Hub/Editor/2021.1.7f1/Editor/Data/PlaybackEngines/WebGLSupport/UnityEditor.WebGL.Extensions.dll
Register platform support module: C:/Program Files/Unity/Hub/Editor/2021.1.7f1/Editor/Data/PlaybackEngines/WindowsStandaloneSupport/UnityEditor.WindowsStandalone.Extensions.dll
Registered in 0.002153 seconds.
Native extension for WindowsStandalone target not found
Native extension for WebGL target not found
Refreshing native plugins compatible for Editor in 33.65 ms, found 0 plugins.
Preloading 0 native plugins for Editor in 0.00 ms.
Mono: successfully reloaded assembly
- Completed reload, in  2.056 seconds
Platform modules already initialized, skipping
Registering precompiled user dll's ...
Registered in 0.002023 seconds.
Begin MonoManager ReloadAssembly
Native extension for WindowsStandalone target not found
Native extension for WebGL target not found
Refreshing native plugins compatible for Editor in 0.46 ms, found 0 plugins.
Preloading 0 native plugins for Editor in 0.00 ms.
Mono: successfully reloaded assembly
- Completed reload, in  1.406 seconds
Platform modules already initialized, skipping
========================================================================
Worker process is ready to serve import requests
Launched and connected shader compiler UnityShaderCompiler.exe after 0.07 seconds
Refreshing native plugins compatible for Editor in 0.44 ms, found 0 plugins.
Preloading 0 native plugins for Editor in 0.00 ms.
Unloading 1687 Unused Serialized files (Serialized files now loaded: 0)
System memory in use before: 74.1 MB.
System memory in use after: 74.2 MB.

Unloading 49 unused Assets to reduce memory usage. Loaded Objects now: 2117.
Total: 4.749500 ms (FindLiveObjects: 0.114000 ms CreateObjectMapping: 0.044900 ms MarkObjects: 4.534000 ms  DeleteObjects: 0.055900 ms)

========================================================================
Received Import Request.
  path: Assets/__Startup_Scene_Settings_0.unity
  artifactKey: Guid(612df8fbccc61f44cbb87406f9d3f50c) Importer(815301076,1909f56bfc062723c751e8b465ee728b)
Start importing Assets/__Startup_Scene_Settings_0.unity using Guid(612df8fbccc61f44cbb87406f9d3f50c) Importer(815301076,1909f56bfc062723c751e8b465ee728b)  -> (artifact id: 'd13615e1551fae959a0e3b28a84d4dee') in 0.011848 seconds 
========================================================================
Received Import Request.
  Time since last request: 0.005589 seconds.
  path: Assets/__Prospector_Scene_0.unity
  artifactKey: Guid(e7876eae655084f8d9b344b33478f0fa) Importer(815301076,1909f56bfc062723c751e8b465ee728b)
Start importing Assets/__Prospector_Scene_0.unity using Guid(e7876eae655084f8d9b344b33478f0fa) Importer(815301076,1909f56bfc062723c751e8b465ee728b)  -> (artifact id: '08d4685e91c72c25a96a15dfff713cdd') in 0.024367 seconds 
========================================================================
Received Import Request.
  Time since last request: 0.000262 seconds.
  path: Assets/supportScripts
  artifactKey: Guid(6c003218949f59e449a8d7ef61f17e37) Importer(815301076,1909f56bfc062723c751e8b465ee728b)
Start importing Assets/supportScripts using Guid(6c003218949f59e449a8d7ef61f17e37) Importer(815301076,1909f56bfc062723c751e8b465ee728b)  -> (artifact id: '7bc87accc2b2810366693680e4059336') in 0.006423 seconds 
========================================================================
Received Import Request.
  Time since last request: 0.008367 seconds.
  path: Assets/__Bartok_Scene_0.unity
  artifactKey: Guid(51522ca524a145c419dff906deae731e) Importer(815301076,1909f56bfc062723c751e8b465ee728b)
Start importing Assets/__Bartok_Scene_0.unity using Guid(51522ca524a145c419dff906deae731e) Importer(815301076,1909f56bfc062723c751e8b465ee728b)  -> (artifact id: 'ed809242dcdd41aa8f9fc92211916c55') in 0.033207 seconds 
========================================================================
Received Import Request.
  Time since last request: 0.000197 seconds.
  path: Assets/supportScripts/LoadNewScene.cs
  artifactKey: Guid(ac8ffc0f9053a4a7489cc52c960c67b1) Importer(815301076,1909f56bfc062723c751e8b465ee728b)
Start importing Assets/supportScripts/LoadNewScene.cs using Guid(ac8ffc0f9053a4a7489cc52c960c67b1) Importer(815301076,1909f56bfc062723c751e8b465ee728b)  -> (artifact id: '9cedcec64256460a93e8ac42c8f16072') in 0.114479 seconds 
========================================================================
Received Import Request.
  Time since last request: 0.000112 seconds.
  path: Assets/__Startup_Scene_0.unity
  artifactKey: Guid(d9614ef2e652a6e4aa23809034666f99) Importer(815301076,1909f56bfc062723c751e8b465ee728b)
Start importing Assets/__Startup_Scene_0.unity using Guid(d9614ef2e652a6e4aa23809034666f99) Importer(815301076,1909f56bfc062723c751e8b465ee728b)  -> (artifact id: 'd7a70a7bd47e4a7c900645ae296679b3') in 0.023949 seconds 
========================================================================
Received Prepare
Registering precompiled user dll's ...
Registered in 0.002187 seconds.
Begin MonoManager ReloadAssembly
Native extension for WindowsStandalone target not found
Native extension for WebGL target not found
Refreshing native plugins compatible for Editor in 0.48 ms, found 0 plugins.
Preloading 0 native plugins for Editor in 0.00 ms.
Mono: successfully reloaded assembly
- Completed reload, in  0.991 seconds
Platform modules already initialized, skipping
Refreshing native plugins compatible for Editor in 0.48 ms, found 0 plugins.
Preloading 0 native plugins for Editor in 0.00 ms.
Unloading 1681 Unused Serialized files (Serialized files now loaded: 0)
System memory in use before: 74.0 MB.
System memory in use after: 74.1 MB.

Unloading 40 unused Assets to reduce memory usage. Loaded Objects now: 2120.
Total: 5.332800 ms (FindLiveObjects: 0.147100 ms CreateObjectMapping: 0.063000 ms MarkObjects: 5.090600 ms  DeleteObjects: 0.030300 ms)

========================================================================
Received Import Request.
  Time since last request: 279.755475 seconds.
  path: Assets/supportScripts/LoadNewScene.cs
  artifactKey: Guid(ac8ffc0f9053a4a7489cc52c960c67b1) Importer(815301076,1909f56bfc062723c751e8b465ee728b)
Start importing Assets/supportScripts/LoadNewScene.cs using Guid(ac8ffc0f9053a4a7489cc52c960c67b1) Importer(815301076,1909f56bfc062723c751e8b465ee728b)  -> (artifact id: 'da707e16f12776e63eaa7e90914b61cf') in 0.004033 seconds 
========================================================================
Received Prepare
Registering precompiled user dll's ...
Registered in 0.001941 seconds.
Begin MonoManager ReloadAssembly
Native extension for WindowsStandalone target not found
Native extension for WebGL target not found
Refreshing native plugins compatible for Editor in 0.48 ms, found 0 plugins.
Preloading 0 native plugins for Editor in 0.00 ms.
Mono: successfully reloaded assembly
- Completed reload, in  0.953 seconds
Platform modules already initialized, skipping
Refreshing native plugins compatible for Editor in 0.47 ms, found 0 plugins.
Preloading 0 native plugins for Editor in 0.00 ms.
Unloading 1681 Unused Serialized files (Serialized files now loaded: 0)
System memory in use before: 74.0 MB.
System memory in use after: 74.1 MB.

Unloading 40 unused Assets to reduce memory usage. Loaded Objects now: 2123.
Total: 4.675100 ms (FindLiveObjects: 0.124200 ms CreateObjectMapping: 0.047100 ms MarkObjects: 4.477800 ms  DeleteObjects: 0.024400 ms)

========================================================================
Received Import Request.
  Time since last request: 3105.375629 seconds.
  path: Assets/supportScripts/LoadNewScene.cs
  artifactKey: Guid(ac8ffc0f9053a4a7489cc52c960c67b1) Importer(815301076,1909f56bfc062723c751e8b465ee728b)
Start importing Assets/supportScripts/LoadNewScene.cs using Guid(ac8ffc0f9053a4a7489cc52c960c67b1) Importer(815301076,1909f56bfc062723c751e8b465ee728b)  -> (artifact id: 'c6bf26edea6639f47552f3557d21155f') in 0.004274 seconds 
