Using pre-set license
Built from '2020.3/staging' branch; Version is '2020.3.4f1 (0abb6314276a) revision 703331'; Using compiler version '192528614'; Build Type 'Release'
OS: 'Windows 10 Education; OS build 19043.1348; Version 2009; 64bit' Language: 'en' Physical Memory: 32563 MB
BatchMode: 1, IsHumanControllingUs: 0, StartBugReporterOnCrash: 0, Is64bit: 1, IsPro: 0

 COMMAND LINE ARGUMENTS:
C:\Program Files\Unity\Hub\Editor\2020.3.4f1\Editor\Unity.exe
-adb2
-batchMode
-noUpm
-name
AssetImportWorker0
-projectPath
D:/GitHub-D/10-14-ratc-game-final
-logFile
Logs/AssetImportWorker0.log
-srvPort
54001
Successfully changed project path to: D:/GitHub-D/10-14-ratc-game-final
D:/GitHub-D/10-14-ratc-game-final
Using Asset Import Pipeline V2.
Refreshing native plugins compatible for Editor in 82.92 ms, found 1 plugins.
Preloading 0 native plugins for Editor in 0.00 ms.
Initialize engine version: 2020.3.4f1 (0abb6314276a)
[Subsystems] Discovering subsystems at path C:/Program Files/Unity/Hub/Editor/2020.3.4f1/Editor/Data/Resources/UnitySubsystems
[Subsystems] Discovering subsystems at path D:/GitHub-D/10-14-ratc-game-final/Assets
GfxDevice: creating device client; threaded=0
Direct3D:
    Version:  Direct3D 11.0 [level 11.1]
    Renderer: NVIDIA GeForce RTX 2060 (ID=0x1f11)
    Vendor:   
    VRAM:     5980 MB
    Driver:   27.21.14.6618
Initialize mono
Mono path[0] = 'C:/Program Files/Unity/Hub/Editor/2020.3.4f1/Editor/Data/Managed'
Mono path[1] = 'C:/Program Files/Unity/Hub/Editor/2020.3.4f1/Editor/Data/MonoBleedingEdge/lib/mono/unityjit'
Mono config path = 'C:/Program Files/Unity/Hub/Editor/2020.3.4f1/Editor/Data/MonoBleedingEdge/etc'
Using monoOptions --debugger-agent=transport=dt_socket,embedding=1,server=y,suspend=n,address=127.0.0.1:56460
Begin MonoManager ReloadAssembly
Registering precompiled unity dll's ...
Register platform support module: C:/Program Files/Unity/Hub/Editor/2020.3.4f1/Editor/Data/PlaybackEngines/WebGLSupport/UnityEditor.WebGL.Extensions.dll
Register platform support module: C:/Program Files/Unity/Hub/Editor/2020.3.4f1/Editor/Data/PlaybackEngines/WindowsStandaloneSupport/UnityEditor.WindowsStandalone.Extensions.dll
Registered in 0.002468 seconds.
Native extension for WindowsStandalone target not found
Native extension for WebGL target not found
Refreshing native plugins compatible for Editor in 53.30 ms, found 1 plugins.
Preloading 0 native plugins for Editor in 0.00 ms.
Mono: successfully reloaded assembly
- Completed reload, in  1.387 seconds
Platform modules already initialized, skipping
Registering precompiled user dll's ...
Registered in 0.001981 seconds.
Begin MonoManager ReloadAssembly
Native extension for WindowsStandalone target not found
Native extension for WebGL target not found
Refreshing native plugins compatible for Editor in 53.84 ms, found 1 plugins.
Preloading 0 native plugins for Editor in 0.00 ms.
Mono: successfully reloaded assembly
- Completed reload, in  1.124 seconds
Platform modules already initialized, skipping
========================================================================
Worker process is ready to serve import requests
Launched and connected shader compiler UnityShaderCompiler.exe after 0.06 seconds
Refreshing native plugins compatible for Editor in 1.22 ms, found 1 plugins.
Preloading 0 native plugins for Editor in 0.00 ms.
Unloading 2214 Unused Serialized files (Serialized files now loaded: 0)
System memory in use before: 95.0 MB.
System memory in use after: 95.1 MB.

Unloading 55 unused Assets to reduce memory usage. Loaded Objects now: 2630.
Total: 6.093700 ms (FindLiveObjects: 0.384500 ms CreateObjectMapping: 0.182600 ms MarkObjects: 5.406200 ms  DeleteObjects: 0.118300 ms)

========================================================================
Received Import Request.
  path: Assets/__ratc_Pregame_Scene_0.unity
  artifactKey: Guid(a303674d69d7f734d8dc933dfd4e6392) Importer(815301076,1909f56bfc062723c751e8b465ee728b)
Start importing Assets/__ratc_Pregame_Scene_0.unity using Guid(a303674d69d7f734d8dc933dfd4e6392) Importer(815301076,1909f56bfc062723c751e8b465ee728b)  -> (artifact id: '70e750424b59ba632592dc40cc73dd27') in 0.011971 seconds
  Import took 0.016227 seconds .

========================================================================
Received Import Request.
  Time since last request: 1.558206 seconds.
  path: Assets/__ratc_Pregame_Scene_0.unity
  artifactKey: Guid(a303674d69d7f734d8dc933dfd4e6392) Importer(815301076,1909f56bfc062723c751e8b465ee728b)
Start importing Assets/__ratc_Pregame_Scene_0.unity using Guid(a303674d69d7f734d8dc933dfd4e6392) Importer(815301076,1909f56bfc062723c751e8b465ee728b)  -> (artifact id: '70e750424b59ba632592dc40cc73dd27') in 0.001481 seconds
  Import took 0.004927 seconds .

========================================================================
Received Import Request.
  Time since last request: 96.452847 seconds.
  path: Assets/__Prospector_Scene_0.unity
  artifactKey: Guid(e7876eae655084f8d9b344b33478f0fa) Importer(815301076,1909f56bfc062723c751e8b465ee728b)
Start importing Assets/__Prospector_Scene_0.unity using Guid(e7876eae655084f8d9b344b33478f0fa) Importer(815301076,1909f56bfc062723c751e8b465ee728b)  -> (artifact id: '8e0544a82c37546240ae7b0b29f0fc9e') in 0.002162 seconds
  Import took 0.006293 seconds .

========================================================================
Received Import Request.
  Time since last request: 15.557339 seconds.
  path: Assets/__Bartok_Scene_0.unity
  artifactKey: Guid(51522ca524a145c419dff906deae731e) Importer(815301076,1909f56bfc062723c751e8b465ee728b)
Start importing Assets/__Bartok_Scene_0.unity using Guid(51522ca524a145c419dff906deae731e) Importer(815301076,1909f56bfc062723c751e8b465ee728b)  -> (artifact id: 'afc554e9d2aff8bac96c4dbb10b151e7') in 0.001808 seconds
  Import took 0.006199 seconds .

========================================================================
Received Import Request.
  Time since last request: 7.663906 seconds.
  path: Assets/__Startup_Scene_0.unity
  artifactKey: Guid(d9614ef2e652a6e4aa23809034666f99) Importer(815301076,1909f56bfc062723c751e8b465ee728b)
Start importing Assets/__Startup_Scene_0.unity using Guid(d9614ef2e652a6e4aa23809034666f99) Importer(815301076,1909f56bfc062723c751e8b465ee728b)  -> (artifact id: 'f8e7f45e1264a42842b407fc413d47c0') in 0.002184 seconds
  Import took 0.009455 seconds .

========================================================================
Received Import Request.
  Time since last request: 7.146794 seconds.
  path: Assets/__Startup_Scene_Settings_0.unity
  artifactKey: Guid(612df8fbccc61f44cbb87406f9d3f50c) Importer(815301076,1909f56bfc062723c751e8b465ee728b)
Start importing Assets/__Startup_Scene_Settings_0.unity using Guid(612df8fbccc61f44cbb87406f9d3f50c) Importer(815301076,1909f56bfc062723c751e8b465ee728b)  -> (artifact id: '42778471f92ca02c5d8efbd473a3d256') in 0.002033 seconds
  Import took 0.005772 seconds .

========================================================================
Received Import Request.
  Time since last request: 11.034276 seconds.
  path: Assets/cardTesingGrounds.unity
  artifactKey: Guid(51e6c4fe28444c44986e07400e80cf49) Importer(815301076,1909f56bfc062723c751e8b465ee728b)
Start importing Assets/cardTesingGrounds.unity using Guid(51e6c4fe28444c44986e07400e80cf49) Importer(815301076,1909f56bfc062723c751e8b465ee728b)  -> (artifact id: 'dc2886987b0fcd072d91c058dd4dba6b') in 0.002158 seconds
  Import took 0.007085 seconds .

========================================================================
Received Import Request.
  Time since last request: 10.656445 seconds.
  path: Assets/Testing Grounds.unity
  artifactKey: Guid(aa6d82ebc496be94ba2eafcf20d73c98) Importer(815301076,1909f56bfc062723c751e8b465ee728b)
Start importing Assets/Testing Grounds.unity using Guid(aa6d82ebc496be94ba2eafcf20d73c98) Importer(815301076,1909f56bfc062723c751e8b465ee728b)  -> (artifact id: 'c85994af0523a9b55ddd00535d1aacb2') in 0.002156 seconds
  Import took 0.006539 seconds .

========================================================================
Received Prepare
Registering precompiled user dll's ...
Registered in 0.001836 seconds.
Begin MonoManager ReloadAssembly
Native extension for WindowsStandalone target not found
Native extension for WebGL target not found
Refreshing native plugins compatible for Editor in 0.68 ms, found 1 plugins.
Preloading 0 native plugins for Editor in 0.00 ms.
Mono: successfully reloaded assembly
- Completed reload, in  0.979 seconds
Platform modules already initialized, skipping
Refreshing native plugins compatible for Editor in 0.66 ms, found 1 plugins.
Preloading 0 native plugins for Editor in 0.00 ms.
Unloading 2205 Unused Serialized files (Serialized files now loaded: 0)
System memory in use before: 94.6 MB.
System memory in use after: 94.7 MB.

Unloading 43 unused Assets to reduce memory usage. Loaded Objects now: 2634.
Total: 5.518400 ms (FindLiveObjects: 0.184300 ms CreateObjectMapping: 0.084300 ms MarkObjects: 5.226000 ms  DeleteObjects: 0.022600 ms)

========================================================================
Received Import Request.
  Time since last request: 100.316772 seconds.
  path: Assets/Resources/RatatatCatDeck.xml
  artifactKey: Guid(406e84ec16fb02f4b9cd23bc06a6da0f) Importer(815301076,1909f56bfc062723c751e8b465ee728b)
Start importing Assets/Resources/RatatatCatDeck.xml using Guid(406e84ec16fb02f4b9cd23bc06a6da0f) Importer(815301076,1909f56bfc062723c751e8b465ee728b)  -> (artifact id: '1f6b46c3d974b2c166e3e121839355ba') in 0.037033 seconds
  Import took 0.041455 seconds .

========================================================================
Received Import Request.
  Time since last request: 67.329291 seconds.
  path: Assets/new Sprites/card_Template_shorterUpdate.psb
  artifactKey: Guid(35b2b39716a9fef4bab37f1a130aa637) Importer(815301076,1909f56bfc062723c751e8b465ee728b)
Start importing Assets/new Sprites/card_Template_shorterUpdate.psb using Guid(35b2b39716a9fef4bab37f1a130aa637) Importer(815301076,1909f56bfc062723c751e8b465ee728b)  -> (artifact id: '83968aaaf0dd947a653c903dc185c4be') in 0.596340 seconds
  Import took 0.600930 seconds .

========================================================================
Received Import Request.
  Time since last request: 2.972907 seconds.
  path: Assets/new Sprites/card_back.psd
  artifactKey: Guid(28b17caa155bde549bc32f1ab56b3ada) Importer(815301076,1909f56bfc062723c751e8b465ee728b)
Start importing Assets/new Sprites/card_back.psd using Guid(28b17caa155bde549bc32f1ab56b3ada) Importer(815301076,1909f56bfc062723c751e8b465ee728b)  -> (artifact id: 'bf98019d223dc411e4ff167afc8f231f') in 0.015068 seconds
  Import took 0.021506 seconds .

========================================================================
Received Import Request.
  Time since last request: 0.000370 seconds.
  path: Assets/new Sprites/card_Template_shorter.psb
  artifactKey: Guid(ea31e1d754f2048418fd25239052c0ba) Importer(815301076,1909f56bfc062723c751e8b465ee728b)
Start importing Assets/new Sprites/card_Template_shorter.psb using Guid(ea31e1d754f2048418fd25239052c0ba) Importer(815301076,1909f56bfc062723c751e8b465ee728b)  -> (artifact id: 'f6d1b1d464eab0a89b73365305b95d3f') in 0.476457 seconds
  Import took 0.485234 seconds .

========================================================================
Received Import Request.
  Time since last request: 0.000267 seconds.
  path: Assets/new Sprites/card_back.psd
  artifactKey: Guid(28b17caa155bde549bc32f1ab56b3ada) Importer(815301076,1909f56bfc062723c751e8b465ee728b)
Start importing Assets/new Sprites/card_back.psd using Guid(28b17caa155bde549bc32f1ab56b3ada) Importer(815301076,1909f56bfc062723c751e8b465ee728b)  -> (artifact id: 'bf98019d223dc411e4ff167afc8f231f') in 0.005251 seconds
  Import took 0.008814 seconds .

========================================================================
Received Import Request.
  Time since last request: 0.000301 seconds.
  path: Assets/new Sprites/card_Template_shorter.psb
  artifactKey: Guid(ea31e1d754f2048418fd25239052c0ba) Importer(815301076,1909f56bfc062723c751e8b465ee728b)
Start importing Assets/new Sprites/card_Template_shorter.psb using Guid(ea31e1d754f2048418fd25239052c0ba) Importer(815301076,1909f56bfc062723c751e8b465ee728b)  -> (artifact id: 'f6d1b1d464eab0a89b73365305b95d3f') in 0.424653 seconds
  Import took 0.429851 seconds .

========================================================================
Received Import Request.
  Time since last request: 233.100111 seconds.
  path: Assets/new Sprites/Prefabs
  artifactKey: Guid(274c6040a5f02bd4bb90229728424242) Importer(815301076,1909f56bfc062723c751e8b465ee728b)
Start importing Assets/new Sprites/Prefabs using Guid(274c6040a5f02bd4bb90229728424242) Importer(815301076,1909f56bfc062723c751e8b465ee728b)  -> (artifact id: '7a141ff2a146d61bc1a9acc0e7bbcd13') in 0.001932 seconds
  Import took 0.006872 seconds .

========================================================================
Received Import Request.
  Time since last request: 0.096867 seconds.
  path: Assets/new Sprites/Prefabs/Back Card.prefab
  artifactKey: Guid(6b2a6f307d7fe324ba5be3f346fff6ff) Importer(815301076,1909f56bfc062723c751e8b465ee728b)
Start importing Assets/new Sprites/Prefabs/Back Card.prefab using Guid(6b2a6f307d7fe324ba5be3f346fff6ff) Importer(815301076,1909f56bfc062723c751e8b465ee728b)  -> (artifact id: '9df334808a299523e3c6726d3180e270') in 0.005682 seconds
  Import took 0.009640 seconds .

========================================================================
Received Import Request.
  Time since last request: 0.000375 seconds.
  path: Assets/new Sprites/Prefabs/face3.prefab
  artifactKey: Guid(cae84483932c08148a4a76ba9ec9894d) Importer(815301076,1909f56bfc062723c751e8b465ee728b)
Start importing Assets/new Sprites/Prefabs/face3.prefab using Guid(cae84483932c08148a4a76ba9ec9894d) Importer(815301076,1909f56bfc062723c751e8b465ee728b)  -> (artifact id: 'f28d992dffff369110ef3822211d6efd') in 0.003517 seconds
  Import took 0.007508 seconds .

========================================================================
Received Import Request.
  Time since last request: 0.000399 seconds.
  path: Assets/new Sprites/Prefabs/face4.prefab
  artifactKey: Guid(56b39754599e75940a5ccd9784e0542c) Importer(815301076,1909f56bfc062723c751e8b465ee728b)
Start importing Assets/new Sprites/Prefabs/face4.prefab using Guid(56b39754599e75940a5ccd9784e0542c) Importer(815301076,1909f56bfc062723c751e8b465ee728b)  -> (artifact id: '29efad42da99eea07e16133808392cca') in 0.002832 seconds
  Import took 0.008278 seconds .

========================================================================
Received Import Request.
  Time since last request: 0.000374 seconds.
  path: Assets/new Sprites/Prefabs/faceP.prefab
  artifactKey: Guid(fd2f0ef0ec50a3f459a6c1712201ad34) Importer(815301076,1909f56bfc062723c751e8b465ee728b)
Start importing Assets/new Sprites/Prefabs/faceP.prefab using Guid(fd2f0ef0ec50a3f459a6c1712201ad34) Importer(815301076,1909f56bfc062723c751e8b465ee728b)  -> (artifact id: '4b921f68710b6c861522de042076b853') in 0.005201 seconds
  Import took 0.010010 seconds .

========================================================================
Received Import Request.
  Time since last request: 0.000357 seconds.
  path: Assets/new Sprites/Prefabs/face5.prefab
  artifactKey: Guid(b951f2c211f015e48bb02d17daa06957) Importer(815301076,1909f56bfc062723c751e8b465ee728b)
Start importing Assets/new Sprites/Prefabs/face5.prefab using Guid(b951f2c211f015e48bb02d17daa06957) Importer(815301076,1909f56bfc062723c751e8b465ee728b)  -> (artifact id: '122724e2b1d843ff5ac739b288161e85') in 0.004874 seconds
  Import took 0.010336 seconds .

========================================================================
Received Import Request.
  Time since last request: 0.000316 seconds.
  path: Assets/new Sprites/Prefabs/pip3.prefab
  artifactKey: Guid(1efc5f85733d5be448889edd65940f4c) Importer(815301076,1909f56bfc062723c751e8b465ee728b)
Start importing Assets/new Sprites/Prefabs/pip3.prefab using Guid(1efc5f85733d5be448889edd65940f4c) Importer(815301076,1909f56bfc062723c751e8b465ee728b)  -> (artifact id: '1ba0188a3a9acded50a62fb4d3b69821') in 0.002864 seconds
  Import took 0.007656 seconds .

========================================================================
Received Import Request.
  Time since last request: 0.000433 seconds.
  path: Assets/new Sprites/Prefabs/pipP.prefab
  artifactKey: Guid(bd684e1836a06fd42aa8420f1144afad) Importer(815301076,1909f56bfc062723c751e8b465ee728b)
Start importing Assets/new Sprites/Prefabs/pipP.prefab using Guid(bd684e1836a06fd42aa8420f1144afad) Importer(815301076,1909f56bfc062723c751e8b465ee728b)  -> (artifact id: '1c06ffad36967e4070ba09719b610783') in 0.004848 seconds
  Import took 0.010528 seconds .

========================================================================
Received Import Request.
  Time since last request: 0.000364 seconds.
  path: Assets/new Sprites/Prefabs/pip8.prefab
  artifactKey: Guid(08cac5e227b9a8c419c336d11e7e809c) Importer(815301076,1909f56bfc062723c751e8b465ee728b)
Start importing Assets/new Sprites/Prefabs/pip8.prefab using Guid(08cac5e227b9a8c419c336d11e7e809c) Importer(815301076,1909f56bfc062723c751e8b465ee728b)  -> (artifact id: 'd407e849f630ab2585056d97e5e29deb') in 0.003386 seconds
  Import took 0.009363 seconds .

========================================================================
Received Import Request.
  Time since last request: 0.000250 seconds.
  path: Assets/new Sprites/Prefabs/pipD.prefab
  artifactKey: Guid(b1d45b4aae08a694cb4afacbb491dab7) Importer(815301076,1909f56bfc062723c751e8b465ee728b)
Start importing Assets/new Sprites/Prefabs/pipD.prefab using Guid(b1d45b4aae08a694cb4afacbb491dab7) Importer(815301076,1909f56bfc062723c751e8b465ee728b)  -> (artifact id: '1585ed69b840142e093734745f9e6557') in 0.003923 seconds
  Import took 0.007517 seconds .

========================================================================
Received Import Request.
  Time since last request: 0.000326 seconds.
  path: Assets/new Sprites/Prefabs/pip0.prefab
  artifactKey: Guid(102d7f8bb805ae64395b492847b29132) Importer(815301076,1909f56bfc062723c751e8b465ee728b)
Start importing Assets/new Sprites/Prefabs/pip0.prefab using Guid(102d7f8bb805ae64395b492847b29132) Importer(815301076,1909f56bfc062723c751e8b465ee728b)  -> (artifact id: '86d797329fc5b2021a7e5ad2daaa3447') in 0.003720 seconds
  Import took 0.008120 seconds .

========================================================================
Received Import Request.
  Time since last request: 0.000360 seconds.
  path: Assets/new Sprites/Prefabs/CardFrontBG.prefab
  artifactKey: Guid(c67b42fbcf2d39a409c27c94b0b06f8b) Importer(815301076,1909f56bfc062723c751e8b465ee728b)
Start importing Assets/new Sprites/Prefabs/CardFrontBG.prefab using Guid(c67b42fbcf2d39a409c27c94b0b06f8b) Importer(815301076,1909f56bfc062723c751e8b465ee728b)  -> (artifact id: '353b6b80f8370e3c07cc5de851c6f451') in 0.004559 seconds
  Import took 0.010727 seconds .

========================================================================
Received Import Request.
  Time since last request: 0.000381 seconds.
  path: Assets/new Sprites/Prefabs/pip9.prefab
  artifactKey: Guid(929e8f0b59b49074eaaeef2b3e848430) Importer(815301076,1909f56bfc062723c751e8b465ee728b)
Start importing Assets/new Sprites/Prefabs/pip9.prefab using Guid(929e8f0b59b49074eaaeef2b3e848430) Importer(815301076,1909f56bfc062723c751e8b465ee728b)  -> (artifact id: '4c126502c2ce79e19c2288438168c0c1') in 0.004252 seconds
  Import took 0.009364 seconds .

========================================================================
Received Import Request.
  Time since last request: 0.000400 seconds.
  path: Assets/new Sprites/Prefabs/faceD.prefab
  artifactKey: Guid(14cf42c55a958c444bbee26c16073955) Importer(815301076,1909f56bfc062723c751e8b465ee728b)
Start importing Assets/new Sprites/Prefabs/faceD.prefab using Guid(14cf42c55a958c444bbee26c16073955) Importer(815301076,1909f56bfc062723c751e8b465ee728b)  -> (artifact id: '3231e290a299e66a54c414455e8d8a1d') in 0.003950 seconds
  Import took 0.009677 seconds .

========================================================================
Received Import Request.
  Time since last request: 0.000502 seconds.
  path: Assets/new Sprites/Prefabs/face7.prefab
  artifactKey: Guid(23046c66068fa4047bf4da8746dbd80c) Importer(815301076,1909f56bfc062723c751e8b465ee728b)
Start importing Assets/new Sprites/Prefabs/face7.prefab using Guid(23046c66068fa4047bf4da8746dbd80c) Importer(815301076,1909f56bfc062723c751e8b465ee728b)  -> (artifact id: 'f290015eeee456f147d0586f57d5f27c') in 0.004120 seconds
  Import took 0.008711 seconds .

========================================================================
Received Import Request.
  Time since last request: 0.000466 seconds.
  path: Assets/new Sprites/Prefabs/Special Text.prefab
  artifactKey: Guid(7957a93968847b64d85429eeac42655a) Importer(815301076,1909f56bfc062723c751e8b465ee728b)
Start importing Assets/new Sprites/Prefabs/Special Text.prefab using Guid(7957a93968847b64d85429eeac42655a) Importer(815301076,1909f56bfc062723c751e8b465ee728b)  -> (artifact id: '1f3bb1d7b0c444b22911c597631fddb4') in 0.004167 seconds
  Import took 0.009941 seconds .

========================================================================
Received Import Request.
  Time since last request: 0.000403 seconds.
  path: Assets/new Sprites/Prefabs/pip7.prefab
  artifactKey: Guid(f6157520337cbf942905e0b9f9023efe) Importer(815301076,1909f56bfc062723c751e8b465ee728b)
Start importing Assets/new Sprites/Prefabs/pip7.prefab using Guid(f6157520337cbf942905e0b9f9023efe) Importer(815301076,1909f56bfc062723c751e8b465ee728b)  -> (artifact id: '20fb0037db44821afcb53091825ecde5') in 0.003016 seconds
  Import took 0.008623 seconds .

========================================================================
Received Import Request.
  Time since last request: 0.000409 seconds.
  path: Assets/new Sprites/Prefabs/face0.prefab
  artifactKey: Guid(3f91b54c3c888d44eb6e8796863cff7b) Importer(815301076,1909f56bfc062723c751e8b465ee728b)
Start importing Assets/new Sprites/Prefabs/face0.prefab using Guid(3f91b54c3c888d44eb6e8796863cff7b) Importer(815301076,1909f56bfc062723c751e8b465ee728b)  -> (artifact id: '59259ff8fa8a0711c102843f044084ee') in 0.005080 seconds
  Import took 0.010620 seconds .

========================================================================
Received Import Request.
  Time since last request: 0.000473 seconds.
  path: Assets/new Sprites/Prefabs/face8.prefab
  artifactKey: Guid(5201729dae10c5a4aa4fdd5f511c8192) Importer(815301076,1909f56bfc062723c751e8b465ee728b)
Start importing Assets/new Sprites/Prefabs/face8.prefab using Guid(5201729dae10c5a4aa4fdd5f511c8192) Importer(815301076,1909f56bfc062723c751e8b465ee728b)  -> (artifact id: 'd62a1dcf4c40f2d1ca139dc171de3256') in 0.004019 seconds
  Import took 0.010145 seconds .

========================================================================
Received Import Request.
  Time since last request: 0.000440 seconds.
  path: Assets/new Sprites/Prefabs/pip6.prefab
  artifactKey: Guid(65956f031370dff4287ba4ad88093e69) Importer(815301076,1909f56bfc062723c751e8b465ee728b)
Start importing Assets/new Sprites/Prefabs/pip6.prefab using Guid(65956f031370dff4287ba4ad88093e69) Importer(815301076,1909f56bfc062723c751e8b465ee728b)  -> (artifact id: '258bf1a7511ed683f7a9e28bb2ede36f') in 0.003760 seconds
  Import took 0.008670 seconds .

========================================================================
Received Import Request.
  Time since last request: 0.000263 seconds.
  path: Assets/new Sprites/Prefabs/pip2.prefab
  artifactKey: Guid(67d758fe638b2e84d9624cd878fadbf7) Importer(815301076,1909f56bfc062723c751e8b465ee728b)
Start importing Assets/new Sprites/Prefabs/pip2.prefab using Guid(67d758fe638b2e84d9624cd878fadbf7) Importer(815301076,1909f56bfc062723c751e8b465ee728b)  -> (artifact id: 'a66e8c194ceec0d4be125ee98132e3e4') in 0.002733 seconds
  Import took 0.006334 seconds .

========================================================================
Received Import Request.
  Time since last request: 0.000562 seconds.
  path: Assets/new Sprites/Prefabs/faceS.prefab
  artifactKey: Guid(ca39f4f2133fefa44a84a488978eafe8) Importer(815301076,1909f56bfc062723c751e8b465ee728b)
Start importing Assets/new Sprites/Prefabs/faceS.prefab using Guid(ca39f4f2133fefa44a84a488978eafe8) Importer(815301076,1909f56bfc062723c751e8b465ee728b)  -> (artifact id: '57c43274d5c59c9df788d29e8cec6fd3') in 0.003314 seconds
  Import took 0.007850 seconds .

========================================================================
Received Import Request.
  Time since last request: 0.000251 seconds.
  path: Assets/new Sprites/Prefabs/pip5.prefab
  artifactKey: Guid(a7f47371feced154d94900c0f580a6af) Importer(815301076,1909f56bfc062723c751e8b465ee728b)
Start importing Assets/new Sprites/Prefabs/pip5.prefab using Guid(a7f47371feced154d94900c0f580a6af) Importer(815301076,1909f56bfc062723c751e8b465ee728b)  -> (artifact id: 'e44a3314cab45e60512e4f60ef357cba') in 0.004263 seconds
  Import took 0.008271 seconds .

========================================================================
Received Import Request.
  Time since last request: 0.000313 seconds.
  path: Assets/new Sprites/Prefabs/face9.prefab
  artifactKey: Guid(6956eb2db4800064aaae17cb1c329a43) Importer(815301076,1909f56bfc062723c751e8b465ee728b)
Start importing Assets/new Sprites/Prefabs/face9.prefab using Guid(6956eb2db4800064aaae17cb1c329a43) Importer(815301076,1909f56bfc062723c751e8b465ee728b)  -> (artifact id: '0b7bff6a3ee5ce1cadcfa907c2d00aab') in 0.003533 seconds
  Import took 0.007408 seconds .

========================================================================
Received Import Request.
  Time since last request: 0.000316 seconds.
  path: Assets/new Sprites/Prefabs/pip4.prefab
  artifactKey: Guid(873b93ac1e2e05842b6349f25382abdf) Importer(815301076,1909f56bfc062723c751e8b465ee728b)
Start importing Assets/new Sprites/Prefabs/pip4.prefab using Guid(873b93ac1e2e05842b6349f25382abdf) Importer(815301076,1909f56bfc062723c751e8b465ee728b)  -> (artifact id: 'a43ee395ff17020c42888c167c197322') in 0.003347 seconds
  Import took 0.007557 seconds .

========================================================================
Received Import Request.
  Time since last request: 0.000313 seconds.
  path: Assets/new Sprites/Prefabs/pipS.prefab
  artifactKey: Guid(25c78a1f6323c8e4cbf110339fba20e7) Importer(815301076,1909f56bfc062723c751e8b465ee728b)
Start importing Assets/new Sprites/Prefabs/pipS.prefab using Guid(25c78a1f6323c8e4cbf110339fba20e7) Importer(815301076,1909f56bfc062723c751e8b465ee728b)  -> (artifact id: '1ee771cdf430a7d147d026ed85d82921') in 0.003194 seconds
  Import took 0.007396 seconds .

========================================================================
Received Import Request.
  Time since last request: 0.000301 seconds.
  path: Assets/new Sprites/Prefabs/face6.prefab
  artifactKey: Guid(a5346e9edf0137b488b935270715c22a) Importer(815301076,1909f56bfc062723c751e8b465ee728b)
Start importing Assets/new Sprites/Prefabs/face6.prefab using Guid(a5346e9edf0137b488b935270715c22a) Importer(815301076,1909f56bfc062723c751e8b465ee728b)  -> (artifact id: 'a8f0a7c91e08ee5aa7426444a37f2d50') in 0.002972 seconds
  Import took 0.007408 seconds .

========================================================================
Received Import Request.
  Time since last request: 0.000247 seconds.
  path: Assets/new Sprites/Prefabs/face2.prefab
  artifactKey: Guid(eb750113f1e280241a08b85d38ec2495) Importer(815301076,1909f56bfc062723c751e8b465ee728b)
Start importing Assets/new Sprites/Prefabs/face2.prefab using Guid(eb750113f1e280241a08b85d38ec2495) Importer(815301076,1909f56bfc062723c751e8b465ee728b)  -> (artifact id: 'fda64cf9d04011de258d069a10fe8b44') in 0.003056 seconds
  Import took 0.008112 seconds .

========================================================================
Received Import Request.
  Time since last request: 0.000238 seconds.
  path: Assets/new Sprites/Prefabs/pip1.prefab
  artifactKey: Guid(9222402676ae5964abf0e4dcff0e28b8) Importer(815301076,1909f56bfc062723c751e8b465ee728b)
Start importing Assets/new Sprites/Prefabs/pip1.prefab using Guid(9222402676ae5964abf0e4dcff0e28b8) Importer(815301076,1909f56bfc062723c751e8b465ee728b)  -> (artifact id: '1df2ab937d2c75e954bca598cc35ed94') in 0.003130 seconds
  Import took 0.007497 seconds .

========================================================================
Received Import Request.
  Time since last request: 0.000225 seconds.
  path: Assets/new Sprites/Prefabs/face1.prefab
  artifactKey: Guid(d233ecebaba7716479491e297cf39301) Importer(815301076,1909f56bfc062723c751e8b465ee728b)
Start importing Assets/new Sprites/Prefabs/face1.prefab using Guid(d233ecebaba7716479491e297cf39301) Importer(815301076,1909f56bfc062723c751e8b465ee728b)  -> (artifact id: '89059eb99682f074122695a976a46ae8') in 0.003070 seconds
  Import took 0.006898 seconds .

========================================================================
Received Import Request.
  Time since last request: 83.841258 seconds.
  path: Assets/_Sprites/button png.png
  artifactKey: Guid(cb5bec6e2840ef949b25ff45f4801943) Importer(815301076,1909f56bfc062723c751e8b465ee728b)
Start importing Assets/_Sprites/button png.png using Guid(cb5bec6e2840ef949b25ff45f4801943) Importer(815301076,1909f56bfc062723c751e8b465ee728b)  -> (artifact id: '4dcceb68833fa86f69c67bc77cde6166') in 0.045992 seconds
  Import took 0.050159 seconds .

========================================================================
Received Import Request.
  Time since last request: 0.000463 seconds.
  path: Assets/_Sprites/Card_Front.png
  artifactKey: Guid(873a7658b7ec742228520c7b15510f4d) Importer(815301076,1909f56bfc062723c751e8b465ee728b)
Start importing Assets/_Sprites/Card_Front.png using Guid(873a7658b7ec742228520c7b15510f4d) Importer(815301076,1909f56bfc062723c751e8b465ee728b)  -> (artifact id: '2c99d80eda96f501cecb0c0fc1c404ff') in 0.011165 seconds
  Import took 0.015606 seconds .

========================================================================
Received Import Request.
  Time since last request: 0.000383 seconds.
  path: Assets/_Sprites/FaceCard_11C.png
  artifactKey: Guid(0044ad2d99ea04858a663c3491cc9a91) Importer(815301076,1909f56bfc062723c751e8b465ee728b)
Start importing Assets/_Sprites/FaceCard_11C.png using Guid(0044ad2d99ea04858a663c3491cc9a91) Importer(815301076,1909f56bfc062723c751e8b465ee728b)  -> (artifact id: 'c8dbaa875d8820b475a24e521b84341d') in 0.016202 seconds
  Import took 0.023654 seconds .

========================================================================
Received Import Request.
  Time since last request: 0.000289 seconds.
  path: Assets/_Sprites/Club.png
  artifactKey: Guid(f2e3abd22e9ae4d17ab5c0659ff3e024) Importer(815301076,1909f56bfc062723c751e8b465ee728b)
Start importing Assets/_Sprites/Club.png using Guid(f2e3abd22e9ae4d17ab5c0659ff3e024) Importer(815301076,1909f56bfc062723c751e8b465ee728b)  -> (artifact id: '63811f41017e8dbe273f97aaa62f3784') in 0.009973 seconds
  Import took 0.016644 seconds .

========================================================================
Received Import Request.
  Time since last request: 0.000276 seconds.
  path: Assets/_Sprites/Heart.png
  artifactKey: Guid(3f3ffa8970b63467cad6ba98725b1c95) Importer(815301076,1909f56bfc062723c751e8b465ee728b)
Start importing Assets/_Sprites/Heart.png using Guid(3f3ffa8970b63467cad6ba98725b1c95) Importer(815301076,1909f56bfc062723c751e8b465ee728b)  -> (artifact id: 'db79663b33e6ec0bbe6d9a934813fe6d') in 0.009539 seconds
  Import took 0.015039 seconds .

========================================================================
Received Import Request.
  Time since last request: 0.000381 seconds.
  path: Assets/_Sprites/FaceCard_12H.png
  artifactKey: Guid(ee100e0d0a1c04759a5a7537cf5e8752) Importer(815301076,1909f56bfc062723c751e8b465ee728b)
Start importing Assets/_Sprites/FaceCard_12H.png using Guid(ee100e0d0a1c04759a5a7537cf5e8752) Importer(815301076,1909f56bfc062723c751e8b465ee728b)  -> (artifact id: 'd5643e28ae98c6e94aec8637a6ae0082') in 0.013540 seconds
  Import took 0.018970 seconds .

========================================================================
Received Import Request.
  Time since last request: 0.000373 seconds.
  path: Assets/_Sprites/Card_Front_Gold.png
  artifactKey: Guid(944dc539459fe4109b973bd4c97f68ee) Importer(815301076,1909f56bfc062723c751e8b465ee728b)
Start importing Assets/_Sprites/Card_Front_Gold.png using Guid(944dc539459fe4109b973bd4c97f68ee) Importer(815301076,1909f56bfc062723c751e8b465ee728b)  -> (artifact id: '46f8884d92951dedf1b58d941493b486') in 0.011900 seconds
  Import took 0.016946 seconds .

========================================================================
Received Import Request.
  Time since last request: 0.000399 seconds.
  path: Assets/_Sprites/FaceCard_11S.png
  artifactKey: Guid(21570ac654411438d8f6cc233ffb28e4) Importer(815301076,1909f56bfc062723c751e8b465ee728b)
Start importing Assets/_Sprites/FaceCard_11S.png using Guid(21570ac654411438d8f6cc233ffb28e4) Importer(815301076,1909f56bfc062723c751e8b465ee728b)  -> (artifact id: '2bfe0cc55afc72813bbd80aaaa88eea2') in 0.012807 seconds
  Import took 0.018447 seconds .

========================================================================
Received Import Request.
  Time since last request: 0.000365 seconds.
  path: Assets/_Sprites/FaceCard_13H.png
  artifactKey: Guid(ef50d4f09a2b3425fbbdb8ad5f8957b0) Importer(815301076,1909f56bfc062723c751e8b465ee728b)
Start importing Assets/_Sprites/FaceCard_13H.png using Guid(ef50d4f09a2b3425fbbdb8ad5f8957b0) Importer(815301076,1909f56bfc062723c751e8b465ee728b)  -> (artifact id: '790f8414b9a4e092f5887f83aefe6499') in 0.011829 seconds
  Import took 0.019162 seconds .

========================================================================
Received Import Request.
  Time since last request: 0.000516 seconds.
  path: Assets/_Sprites/FaceCard_12C.png
  artifactKey: Guid(d86c46d6378144162964786d621fb0ca) Importer(815301076,1909f56bfc062723c751e8b465ee728b)
Start importing Assets/_Sprites/FaceCard_12C.png using Guid(d86c46d6378144162964786d621fb0ca) Importer(815301076,1909f56bfc062723c751e8b465ee728b)  -> (artifact id: 'a17e0086f0e50875cad8f744dfff274a') in 0.009936 seconds
  Import took 0.014601 seconds .

========================================================================
Received Import Request.
  Time since last request: 0.000251 seconds.
  path: Assets/_Sprites/FaceCard_13C.png
  artifactKey: Guid(c6955b0be0ed8469d8907eb75524a9d8) Importer(815301076,1909f56bfc062723c751e8b465ee728b)
Start importing Assets/_Sprites/FaceCard_13C.png using Guid(c6955b0be0ed8469d8907eb75524a9d8) Importer(815301076,1909f56bfc062723c751e8b465ee728b)  -> (artifact id: '4d1482e4a6d59a39224223ce73f11e8b') in 0.009128 seconds
  Import took 0.013753 seconds .

========================================================================
Received Import Request.
  Time since last request: 0.000270 seconds.
  path: Assets/_Sprites/Diamond.png
  artifactKey: Guid(f8c2745f3b53149c595d8fde43185468) Importer(815301076,1909f56bfc062723c751e8b465ee728b)
Start importing Assets/_Sprites/Diamond.png using Guid(f8c2745f3b53149c595d8fde43185468) Importer(815301076,1909f56bfc062723c751e8b465ee728b)  -> (artifact id: 'b201273a6caab03baba56705700e7d13') in 0.006048 seconds
  Import took 0.010845 seconds .

========================================================================
Received Import Request.
  Time since last request: 0.000234 seconds.
  path: Assets/_Sprites/Letters.png
  artifactKey: Guid(a3dfadce2ec324208b9305ffd5119ba8) Importer(815301076,1909f56bfc062723c751e8b465ee728b)
Start importing Assets/_Sprites/Letters.png using Guid(a3dfadce2ec324208b9305ffd5119ba8) Importer(815301076,1909f56bfc062723c751e8b465ee728b)  -> (artifact id: '3460818dba97eebd2c3c4cd299650420') in 0.027942 seconds
  Import took 0.032230 seconds .

========================================================================
Received Import Request.
  Time since last request: 0.000218 seconds.
  path: Assets/_Sprites/Card_Back_Gold.png
  artifactKey: Guid(8ecf4828943064b3a96f6258b54c0f11) Importer(815301076,1909f56bfc062723c751e8b465ee728b)
Start importing Assets/_Sprites/Card_Back_Gold.png using Guid(8ecf4828943064b3a96f6258b54c0f11) Importer(815301076,1909f56bfc062723c751e8b465ee728b)  -> (artifact id: 'a6f91a6dd123694c1a98eb7281585649') in 0.008728 seconds
  Import took 0.012526 seconds .

========================================================================
Received Import Request.
  Time since last request: 0.000344 seconds.
  path: Assets/_Sprites/FaceCard_12D.png
  artifactKey: Guid(4ec6a5b1f47934636a6280e5abb475f8) Importer(815301076,1909f56bfc062723c751e8b465ee728b)
Start importing Assets/_Sprites/FaceCard_12D.png using Guid(4ec6a5b1f47934636a6280e5abb475f8) Importer(815301076,1909f56bfc062723c751e8b465ee728b)  -> (artifact id: '1678a2a573fa27ebdeca5e448e4592b0') in 0.009643 seconds
  Import took 0.014734 seconds .

========================================================================
Received Import Request.
  Time since last request: 0.000275 seconds.
  path: Assets/_Sprites/ProspectorBackground.png
  artifactKey: Guid(410722e641735434fa9000d31a38bd1b) Importer(815301076,1909f56bfc062723c751e8b465ee728b)
Start importing Assets/_Sprites/ProspectorBackground.png using Guid(410722e641735434fa9000d31a38bd1b) Importer(815301076,1909f56bfc062723c751e8b465ee728b)  -> (artifact id: '6d292ab0b6e6d0543e6e80006fa63ffe') in 0.012199 seconds
  Import took 0.017536 seconds .

========================================================================
Received Import Request.
  Time since last request: 0.000269 seconds.
  path: Assets/_Sprites/Card_Back.png
  artifactKey: Guid(a8185ed8d47594bb8a3b8e2d9233f769) Importer(815301076,1909f56bfc062723c751e8b465ee728b)
Start importing Assets/_Sprites/Card_Back.png using Guid(a8185ed8d47594bb8a3b8e2d9233f769) Importer(815301076,1909f56bfc062723c751e8b465ee728b)  -> (artifact id: '33519d0da6c035de4912be19ff390285') in 0.010733 seconds
  Import took 0.017014 seconds .

========================================================================
Received Import Request.
  Time since last request: 0.000289 seconds.
  path: Assets/_Sprites/FaceCard_12S.png
  artifactKey: Guid(1b117bad312e24b2791cbc7dd2ea6d87) Importer(815301076,1909f56bfc062723c751e8b465ee728b)
Start importing Assets/_Sprites/FaceCard_12S.png using Guid(1b117bad312e24b2791cbc7dd2ea6d87) Importer(815301076,1909f56bfc062723c751e8b465ee728b)  -> (artifact id: '42294a3b7f210d1602fe4090ea87e949') in 0.009917 seconds
  Import took 0.014801 seconds .

========================================================================
Received Import Request.
  Time since last request: 0.000299 seconds.
  path: Assets/_Sprites/FaceCard_11D.png
  artifactKey: Guid(c10418368653749f796f63e87cde78ec) Importer(815301076,1909f56bfc062723c751e8b465ee728b)
Start importing Assets/_Sprites/FaceCard_11D.png using Guid(c10418368653749f796f63e87cde78ec) Importer(815301076,1909f56bfc062723c751e8b465ee728b)  -> (artifact id: 'baa783b850798cb3cfd7eacb5a8a0cb1') in 0.009807 seconds
  Import took 0.013858 seconds .

========================================================================
Received Import Request.
  Time since last request: 0.000295 seconds.
  path: Assets/_Sprites/FaceCard_13S.png
  artifactKey: Guid(a61ea2d4e7838406b97649cd8a3f3f34) Importer(815301076,1909f56bfc062723c751e8b465ee728b)
Start importing Assets/_Sprites/FaceCard_13S.png using Guid(a61ea2d4e7838406b97649cd8a3f3f34) Importer(815301076,1909f56bfc062723c751e8b465ee728b)  -> (artifact id: 'b07dbeb80a0850e230560edcde80ee3e') in 0.010060 seconds
  Import took 0.015225 seconds .

========================================================================
Received Import Request.
  Time since last request: 0.000262 seconds.
  path: Assets/_Sprites/Spade.png
  artifactKey: Guid(a7994da692eef4500be008b80674eecb) Importer(815301076,1909f56bfc062723c751e8b465ee728b)
Start importing Assets/_Sprites/Spade.png using Guid(a7994da692eef4500be008b80674eecb) Importer(815301076,1909f56bfc062723c751e8b465ee728b)  -> (artifact id: 'aa0d3bd84ddf5bd76f3570dea0bdce83') in 0.006927 seconds
  Import took 0.011579 seconds .

========================================================================
Received Import Request.
  Time since last request: 0.000238 seconds.
  path: Assets/_Sprites/FaceCard_13D.png
  artifactKey: Guid(6f1efb7f571f948dfa995e521af3100a) Importer(815301076,1909f56bfc062723c751e8b465ee728b)
Start importing Assets/_Sprites/FaceCard_13D.png using Guid(6f1efb7f571f948dfa995e521af3100a) Importer(815301076,1909f56bfc062723c751e8b465ee728b)  -> (artifact id: 'a8b72b0b42feaabf4f056bb995b63c2d') in 0.012599 seconds
  Import took 0.016875 seconds .

========================================================================
Received Import Request.
  Time since last request: 0.000287 seconds.
  path: Assets/_Sprites/ProspectorBackground Mat.mat
  artifactKey: Guid(c8ca95433cc67409b8b7e8c5fed52cce) Importer(815301076,1909f56bfc062723c751e8b465ee728b)
Start importing Assets/_Sprites/ProspectorBackground Mat.mat using Guid(c8ca95433cc67409b8b7e8c5fed52cce) Importer(815301076,1909f56bfc062723c751e8b465ee728b)  -> (artifact id: 'a9f5dda8375e578486dea7fc53df971e') in 0.030928 seconds
  Import took 0.037190 seconds .

========================================================================
Received Import Request.
  Time since last request: 0.000240 seconds.
  path: Assets/_Sprites/FaceCard_11H.png
  artifactKey: Guid(21a6739a4135346e6956ca54075d8c25) Importer(815301076,1909f56bfc062723c751e8b465ee728b)
Start importing Assets/_Sprites/FaceCard_11H.png using Guid(21a6739a4135346e6956ca54075d8c25) Importer(815301076,1909f56bfc062723c751e8b465ee728b)  -> (artifact id: 'b07357dbba41d5ca428c4b814bb26bea') in 0.009377 seconds
  Import took 0.014139 seconds .

========================================================================
Received Import Request.
  Time since last request: 19.359788 seconds.
  path: Assets/__RATC_Sprites
  artifactKey: Guid(24ed92bbb4320914e80db7e4bbfd4702) Importer(815301076,1909f56bfc062723c751e8b465ee728b)
Start importing Assets/__RATC_Sprites using Guid(24ed92bbb4320914e80db7e4bbfd4702) Importer(815301076,1909f56bfc062723c751e8b465ee728b)  -> (artifact id: '4951f9558b62215704369f88ea28dcbb') in 0.001947 seconds
  Import took 0.007286 seconds .

========================================================================
Received Import Request.
  Time since last request: 177.583984 seconds.
  path: Assets/__RATC_Sprites/card_0.png
  artifactKey: Guid(29b7e6d2cf1357e4a8c5932abbb741ef) Importer(815301076,1909f56bfc062723c751e8b465ee728b)
Start importing Assets/__RATC_Sprites/card_0.png using Guid(29b7e6d2cf1357e4a8c5932abbb741ef) Importer(815301076,1909f56bfc062723c751e8b465ee728b)  -> (artifact id: 'c80d42b3c7c4484d714f72404fa7def3') in 0.005465 seconds
  Import took 0.010419 seconds .

========================================================================
Received Import Request.
  Time since last request: 0.000324 seconds.
  path: Assets/__RATC_Sprites/card_1.png
  artifactKey: Guid(db89c76b72134cf4a9474a412d623e57) Importer(815301076,1909f56bfc062723c751e8b465ee728b)
Start importing Assets/__RATC_Sprites/card_1.png using Guid(db89c76b72134cf4a9474a412d623e57) Importer(815301076,1909f56bfc062723c751e8b465ee728b)  -> (artifact id: '28b186e0b0deac8f34e3156740ddf6d6') in 0.006039 seconds
  Import took 0.009790 seconds .

========================================================================
Received Import Request.
  Time since last request: 22.279181 seconds.
  path: Assets/__RATC_Sprites/card_0.png
  artifactKey: Guid(29b7e6d2cf1357e4a8c5932abbb741ef) Importer(815301076,1909f56bfc062723c751e8b465ee728b)
Start importing Assets/__RATC_Sprites/card_0.png using Guid(29b7e6d2cf1357e4a8c5932abbb741ef) Importer(815301076,1909f56bfc062723c751e8b465ee728b)  -> (artifact id: 'eca1ca69957c58e2f38501e58f8c8ef9') in 0.009905 seconds
  Import took 0.016042 seconds .

========================================================================
Received Import Request.
  Time since last request: 0.030583 seconds.
  path: Assets/__RATC_Sprites/card_0.png
  artifactKey: Guid(29b7e6d2cf1357e4a8c5932abbb741ef) Importer(815301076,1909f56bfc062723c751e8b465ee728b)
Start importing Assets/__RATC_Sprites/card_0.png using Guid(29b7e6d2cf1357e4a8c5932abbb741ef) Importer(815301076,1909f56bfc062723c751e8b465ee728b)  -> (artifact id: 'eca1ca69957c58e2f38501e58f8c8ef9') in 0.008630 seconds
  Import took 0.013175 seconds .

========================================================================
Received Import Request.
  Time since last request: 28.130484 seconds.
  path: Assets/__RATC_Sprites/card_0.png
  artifactKey: Guid(29b7e6d2cf1357e4a8c5932abbb741ef) Importer(815301076,1909f56bfc062723c751e8b465ee728b)
Start importing Assets/__RATC_Sprites/card_0.png using Guid(29b7e6d2cf1357e4a8c5932abbb741ef) Importer(815301076,1909f56bfc062723c751e8b465ee728b)  -> (artifact id: '0a22f2fad5589881758f8b1c71e02671') in 0.010003 seconds
  Import took 0.015417 seconds .

========================================================================
Received Import Request.
  Time since last request: 0.021299 seconds.
  path: Assets/__RATC_Sprites/card_0.png
  artifactKey: Guid(29b7e6d2cf1357e4a8c5932abbb741ef) Importer(815301076,1909f56bfc062723c751e8b465ee728b)
Start importing Assets/__RATC_Sprites/card_0.png using Guid(29b7e6d2cf1357e4a8c5932abbb741ef) Importer(815301076,1909f56bfc062723c751e8b465ee728b)  -> (artifact id: '0a22f2fad5589881758f8b1c71e02671') in 0.019793 seconds
  Import took 0.024150 seconds .

========================================================================
Received Import Request.
  Time since last request: 8.010033 seconds.
  path: Assets/__RATC_Sprites/card_0.png
  artifactKey: Guid(29b7e6d2cf1357e4a8c5932abbb741ef) Importer(815301076,1909f56bfc062723c751e8b465ee728b)
Start importing Assets/__RATC_Sprites/card_0.png using Guid(29b7e6d2cf1357e4a8c5932abbb741ef) Importer(815301076,1909f56bfc062723c751e8b465ee728b)  -> (artifact id: '0ee6fd27d598f624f2d5029905c13d76') in 0.008759 seconds
  Import took 0.013153 seconds .

========================================================================
Received Import Request.
  Time since last request: 0.018534 seconds.
  path: Assets/__RATC_Sprites/card_0.png
  artifactKey: Guid(29b7e6d2cf1357e4a8c5932abbb741ef) Importer(815301076,1909f56bfc062723c751e8b465ee728b)
Start importing Assets/__RATC_Sprites/card_0.png using Guid(29b7e6d2cf1357e4a8c5932abbb741ef) Importer(815301076,1909f56bfc062723c751e8b465ee728b)  -> (artifact id: '0ee6fd27d598f624f2d5029905c13d76') in 0.008964 seconds
  Import took 0.013507 seconds .

========================================================================
Received Import Request.
  Time since last request: 36.943042 seconds.
  path: Assets/__RATC_Sprites/card_0.png
  artifactKey: Guid(29b7e6d2cf1357e4a8c5932abbb741ef) Importer(815301076,1909f56bfc062723c751e8b465ee728b)
Start importing Assets/__RATC_Sprites/card_0.png using Guid(29b7e6d2cf1357e4a8c5932abbb741ef) Importer(815301076,1909f56bfc062723c751e8b465ee728b)  -> (artifact id: '6cdb9093baf705278704afa533cd93a0') in 0.010059 seconds
  Import took 0.015150 seconds .

========================================================================
Received Import Request.
  Time since last request: 0.025845 seconds.
  path: Assets/__RATC_Sprites/card_0.png
  artifactKey: Guid(29b7e6d2cf1357e4a8c5932abbb741ef) Importer(815301076,1909f56bfc062723c751e8b465ee728b)
Start importing Assets/__RATC_Sprites/card_0.png using Guid(29b7e6d2cf1357e4a8c5932abbb741ef) Importer(815301076,1909f56bfc062723c751e8b465ee728b)  -> (artifact id: '6cdb9093baf705278704afa533cd93a0') in 0.010427 seconds
  Import took 0.017563 seconds .

========================================================================
Received Import Request.
  Time since last request: 22.824192 seconds.
  path: Assets/__RATC_Sprites/card_0.png
  artifactKey: Guid(29b7e6d2cf1357e4a8c5932abbb741ef) Importer(815301076,1909f56bfc062723c751e8b465ee728b)
Start importing Assets/__RATC_Sprites/card_0.png using Guid(29b7e6d2cf1357e4a8c5932abbb741ef) Importer(815301076,1909f56bfc062723c751e8b465ee728b)  -> (artifact id: 'c713077ae6d16908fa428c23cb172eb0') in 0.009539 seconds
  Import took 0.014530 seconds .

========================================================================
Received Import Request.
  Time since last request: 0.017886 seconds.
  path: Assets/__RATC_Sprites/card_0.png
  artifactKey: Guid(29b7e6d2cf1357e4a8c5932abbb741ef) Importer(815301076,1909f56bfc062723c751e8b465ee728b)
Start importing Assets/__RATC_Sprites/card_0.png using Guid(29b7e6d2cf1357e4a8c5932abbb741ef) Importer(815301076,1909f56bfc062723c751e8b465ee728b)  -> (artifact id: 'c713077ae6d16908fa428c23cb172eb0') in 0.009330 seconds
  Import took 0.015500 seconds .

========================================================================
Received Import Request.
  Time since last request: 45.323100 seconds.
  path: Assets/__RATC_Sprites/card_1.png
  artifactKey: Guid(db89c76b72134cf4a9474a412d623e57) Importer(815301076,1909f56bfc062723c751e8b465ee728b)
Start importing Assets/__RATC_Sprites/card_1.png using Guid(db89c76b72134cf4a9474a412d623e57) Importer(815301076,1909f56bfc062723c751e8b465ee728b)  -> (artifact id: '65caef1d810d71ad32fc2b60959565d5') in 0.009331 seconds
  Import took 0.014080 seconds .

========================================================================
Received Import Request.
  Time since last request: 0.020543 seconds.
  path: Assets/__RATC_Sprites/card_1.png
  artifactKey: Guid(db89c76b72134cf4a9474a412d623e57) Importer(815301076,1909f56bfc062723c751e8b465ee728b)
Start importing Assets/__RATC_Sprites/card_1.png using Guid(db89c76b72134cf4a9474a412d623e57) Importer(815301076,1909f56bfc062723c751e8b465ee728b)  -> (artifact id: '65caef1d810d71ad32fc2b60959565d5') in 0.011069 seconds
  Import took 0.015788 seconds .

========================================================================
Received Import Request.
  Time since last request: 21.834694 seconds.
  path: Assets/__RATC_Sprites/card_1.png
  artifactKey: Guid(db89c76b72134cf4a9474a412d623e57) Importer(815301076,1909f56bfc062723c751e8b465ee728b)
Start importing Assets/__RATC_Sprites/card_1.png using Guid(db89c76b72134cf4a9474a412d623e57) Importer(815301076,1909f56bfc062723c751e8b465ee728b)  -> (artifact id: 'ba241ab16f3167dc3449615826b50f8b') in 0.008934 seconds
  Import took 0.013673 seconds .

========================================================================
Received Import Request.
  Time since last request: 0.018538 seconds.
  path: Assets/__RATC_Sprites/card_1.png
  artifactKey: Guid(db89c76b72134cf4a9474a412d623e57) Importer(815301076,1909f56bfc062723c751e8b465ee728b)
Start importing Assets/__RATC_Sprites/card_1.png using Guid(db89c76b72134cf4a9474a412d623e57) Importer(815301076,1909f56bfc062723c751e8b465ee728b)  -> (artifact id: 'ba241ab16f3167dc3449615826b50f8b') in 0.011440 seconds
  Import took 0.017121 seconds .

========================================================================
Received Import Request.
  Time since last request: 572.242584 seconds.
  path: Assets/__RATC_Sprites/card_0.png
  artifactKey: Guid(29b7e6d2cf1357e4a8c5932abbb741ef) Importer(815301076,1909f56bfc062723c751e8b465ee728b)
Start importing Assets/__RATC_Sprites/card_0.png using Guid(29b7e6d2cf1357e4a8c5932abbb741ef) Importer(815301076,1909f56bfc062723c751e8b465ee728b)  -> (artifact id: '1ef0ec467765431203877479574ac581') in 0.010553 seconds
  Import took 0.014967 seconds .

========================================================================
Received Import Request.
  Time since last request: 0.000380 seconds.
  path: Assets/__RATC_Sprites/card_6.png
  artifactKey: Guid(2682efe8389370a42bb5b7058f1a4e3d) Importer(815301076,1909f56bfc062723c751e8b465ee728b)
Start importing Assets/__RATC_Sprites/card_6.png using Guid(2682efe8389370a42bb5b7058f1a4e3d) Importer(815301076,1909f56bfc062723c751e8b465ee728b)  -> (artifact id: '52c042ec43414803d6835e2f48726afa') in 0.006720 seconds
  Import took 0.010970 seconds .

========================================================================
Received Import Request.
  Time since last request: 0.000335 seconds.
  path: Assets/__RATC_Sprites/card_4.png
  artifactKey: Guid(d09808b4adda0424890e9eee3912aee4) Importer(815301076,1909f56bfc062723c751e8b465ee728b)
Start importing Assets/__RATC_Sprites/card_4.png using Guid(d09808b4adda0424890e9eee3912aee4) Importer(815301076,1909f56bfc062723c751e8b465ee728b)  -> (artifact id: 'b0c605905cd175dc847e9a16c1a57906') in 0.006835 seconds
  Import took 0.011976 seconds .

========================================================================
Received Import Request.
  Time since last request: 0.000251 seconds.
  path: Assets/__RATC_Sprites/card_3.png
  artifactKey: Guid(68eea200b16288948b3444dd823479e2) Importer(815301076,1909f56bfc062723c751e8b465ee728b)
Start importing Assets/__RATC_Sprites/card_3.png using Guid(68eea200b16288948b3444dd823479e2) Importer(815301076,1909f56bfc062723c751e8b465ee728b)  -> (artifact id: '28d152654d85c11482d5b2397445c383') in 0.008016 seconds
  Import took 0.014392 seconds .

========================================================================
Received Import Request.
  Time since last request: 0.000356 seconds.
  path: Assets/__RATC_Sprites/card_7.png
  artifactKey: Guid(d45f7771dc81717498ddf87d94db7dff) Importer(815301076,1909f56bfc062723c751e8b465ee728b)
Start importing Assets/__RATC_Sprites/card_7.png using Guid(d45f7771dc81717498ddf87d94db7dff) Importer(815301076,1909f56bfc062723c751e8b465ee728b)  -> (artifact id: '49ebdcf2dad7157c4b326b37537f0cae') in 0.005622 seconds
  Import took 0.010078 seconds .

========================================================================
Received Import Request.
  Time since last request: 0.000387 seconds.
  path: Assets/__RATC_Sprites/card_5.png
  artifactKey: Guid(4c3e6d1191c1a3d4582eba06a6c40f7f) Importer(815301076,1909f56bfc062723c751e8b465ee728b)
Start importing Assets/__RATC_Sprites/card_5.png using Guid(4c3e6d1191c1a3d4582eba06a6c40f7f) Importer(815301076,1909f56bfc062723c751e8b465ee728b)  -> (artifact id: 'fbee6d2cefd432e1e3c81321ddd48309') in 0.008277 seconds
  Import took 0.016738 seconds .

========================================================================
Received Import Request.
  Time since last request: 0.000288 seconds.
  path: Assets/__RATC_Sprites/card_2.png
  artifactKey: Guid(7137bb9da40ead44c9b0b2a393386236) Importer(815301076,1909f56bfc062723c751e8b465ee728b)
Start importing Assets/__RATC_Sprites/card_2.png using Guid(7137bb9da40ead44c9b0b2a393386236) Importer(815301076,1909f56bfc062723c751e8b465ee728b)  -> (artifact id: 'f4ae41e5b35280fab1882ba91fd1a290') in 0.007414 seconds
  Import took 0.014214 seconds .

========================================================================
Received Import Request.
  Time since last request: 0.000275 seconds.
  path: Assets/__RATC_Sprites/card_8.png
  artifactKey: Guid(b71ea6d6649dd9a4ba7b2fcab4bec7b5) Importer(815301076,1909f56bfc062723c751e8b465ee728b)
Start importing Assets/__RATC_Sprites/card_8.png using Guid(b71ea6d6649dd9a4ba7b2fcab4bec7b5) Importer(815301076,1909f56bfc062723c751e8b465ee728b)  -> (artifact id: 'b8e80120c011932ff28fcc03e7613869') in 0.008256 seconds
  Import took 0.013873 seconds .

========================================================================
Received Import Request.
  Time since last request: 0.000380 seconds.
  path: Assets/__RATC_Sprites/card_12.png
  artifactKey: Guid(cc5774cdd87e6cd44b67208a90d0f20b) Importer(815301076,1909f56bfc062723c751e8b465ee728b)
Start importing Assets/__RATC_Sprites/card_12.png using Guid(cc5774cdd87e6cd44b67208a90d0f20b) Importer(815301076,1909f56bfc062723c751e8b465ee728b)  -> (artifact id: 'dbb2564aa2a36b20d38d694b8e6de59e') in 0.007279 seconds
  Import took 0.013886 seconds .

========================================================================
Received Import Request.
  Time since last request: 0.000270 seconds.
  path: Assets/__RATC_Sprites/card_9.png
  artifactKey: Guid(7fb0d279bc08de246b7737dd9f6dc9d6) Importer(815301076,1909f56bfc062723c751e8b465ee728b)
Start importing Assets/__RATC_Sprites/card_9.png using Guid(7fb0d279bc08de246b7737dd9f6dc9d6) Importer(815301076,1909f56bfc062723c751e8b465ee728b)  -> (artifact id: 'fd19bb34b0bea1c478590c2e8ab70520') in 0.009333 seconds
  Import took 0.017533 seconds .

========================================================================
Received Import Request.
  Time since last request: 0.000297 seconds.
  path: Assets/__RATC_Sprites/card_11.png
  artifactKey: Guid(569771d8c57fb854385bce698fec5616) Importer(815301076,1909f56bfc062723c751e8b465ee728b)
Start importing Assets/__RATC_Sprites/card_11.png using Guid(569771d8c57fb854385bce698fec5616) Importer(815301076,1909f56bfc062723c751e8b465ee728b)  -> (artifact id: 'afc431969dcbf388030bbd2694c7a356') in 0.006152 seconds
  Import took 0.012309 seconds .

========================================================================
Received Import Request.
  Time since last request: 0.000251 seconds.
  path: Assets/__RATC_Sprites/card_10.png
  artifactKey: Guid(3d53c1a6362d4454b9359f1cfc05b516) Importer(815301076,1909f56bfc062723c751e8b465ee728b)
Start importing Assets/__RATC_Sprites/card_10.png using Guid(3d53c1a6362d4454b9359f1cfc05b516) Importer(815301076,1909f56bfc062723c751e8b465ee728b)  -> (artifact id: 'fdd3b779d49bf920230856f97abe9a7d') in 0.008023 seconds
  Import took 0.012774 seconds .

========================================================================
Received Import Request.
  Time since last request: 0.000244 seconds.
  path: Assets/__RATC_Sprites/card_Template_shorter.png
  artifactKey: Guid(3bc6e6da3d1cd0f47979403ae636eaba) Importer(815301076,1909f56bfc062723c751e8b465ee728b)
Start importing Assets/__RATC_Sprites/card_Template_shorter.png using Guid(3bc6e6da3d1cd0f47979403ae636eaba) Importer(815301076,1909f56bfc062723c751e8b465ee728b)  -> (artifact id: '8dcffe03430e7ebb9680c077022ca650') in 0.007663 seconds
  Import took 0.013320 seconds .

========================================================================
Received Import Request.
  Time since last request: 0.000251 seconds.
  path: Assets/__RATC_Sprites/card_10.png
  artifactKey: Guid(3d53c1a6362d4454b9359f1cfc05b516) Importer(815301076,1909f56bfc062723c751e8b465ee728b)
Start importing Assets/__RATC_Sprites/card_10.png using Guid(3d53c1a6362d4454b9359f1cfc05b516) Importer(815301076,1909f56bfc062723c751e8b465ee728b)  -> (artifact id: 'fdd3b779d49bf920230856f97abe9a7d') in 0.009403 seconds
  Import took 0.015737 seconds .

========================================================================
Received Import Request.
  Time since last request: 44.389425 seconds.
  path: Assets/__RATC_Sprites/card_1.png
  artifactKey: Guid(db89c76b72134cf4a9474a412d623e57) Importer(815301076,1909f56bfc062723c751e8b465ee728b)
Start importing Assets/__RATC_Sprites/card_1.png using Guid(db89c76b72134cf4a9474a412d623e57) Importer(815301076,1909f56bfc062723c751e8b465ee728b)  -> (artifact id: '7f8c5e2570e380920d5fdf5a79759099') in 0.009082 seconds
  Import took 0.013551 seconds .

========================================================================
Received Import Request.
  Time since last request: 0.019187 seconds.
  path: Assets/__RATC_Sprites/card_0.png
  artifactKey: Guid(29b7e6d2cf1357e4a8c5932abbb741ef) Importer(815301076,1909f56bfc062723c751e8b465ee728b)
Start importing Assets/__RATC_Sprites/card_0.png using Guid(29b7e6d2cf1357e4a8c5932abbb741ef) Importer(815301076,1909f56bfc062723c751e8b465ee728b)  -> (artifact id: '3a5645d63bc12d550725bfe211ed859f') in 0.009895 seconds
  Import took 0.015766 seconds .

========================================================================
Received Import Request.
  Time since last request: 22.848997 seconds.
  path: Assets/__RATC_Sprites/card_1.png
  artifactKey: Guid(db89c76b72134cf4a9474a412d623e57) Importer(815301076,1909f56bfc062723c751e8b465ee728b)
Start importing Assets/__RATC_Sprites/card_1.png using Guid(db89c76b72134cf4a9474a412d623e57) Importer(815301076,1909f56bfc062723c751e8b465ee728b)  -> (artifact id: 'f3c983ac53f410a725b7766244037102') in 0.008509 seconds
  Import took 0.012953 seconds .

========================================================================
Received Import Request.
  Time since last request: 10.840238 seconds.
  path: Assets/__RATC_Sprites/card_2.png
  artifactKey: Guid(7137bb9da40ead44c9b0b2a393386236) Importer(815301076,1909f56bfc062723c751e8b465ee728b)
Start importing Assets/__RATC_Sprites/card_2.png using Guid(7137bb9da40ead44c9b0b2a393386236) Importer(815301076,1909f56bfc062723c751e8b465ee728b)  -> (artifact id: '19d23550c2c2b15fe80a9ed11f534e1f') in 0.007584 seconds
  Import took 0.011286 seconds .

========================================================================
Received Import Request.
  Time since last request: 0.009885 seconds.
  path: Assets/__RATC_Sprites/card_2.png
  artifactKey: Guid(7137bb9da40ead44c9b0b2a393386236) Importer(815301076,1909f56bfc062723c751e8b465ee728b)
Start importing Assets/__RATC_Sprites/card_2.png using Guid(7137bb9da40ead44c9b0b2a393386236) Importer(815301076,1909f56bfc062723c751e8b465ee728b)  -> (artifact id: '19d23550c2c2b15fe80a9ed11f534e1f') in 0.008525 seconds
  Import took 0.012963 seconds .

========================================================================
Received Import Request.
  Time since last request: 0.016515 seconds.
  path: Assets/__RATC_Sprites/card_3.png
  artifactKey: Guid(68eea200b16288948b3444dd823479e2) Importer(815301076,1909f56bfc062723c751e8b465ee728b)
Start importing Assets/__RATC_Sprites/card_3.png using Guid(68eea200b16288948b3444dd823479e2) Importer(815301076,1909f56bfc062723c751e8b465ee728b)  -> (artifact id: '8d2a5ff2c2f82b4063d0c739ed8a003f') in 0.010125 seconds
  Import took 0.015408 seconds .

========================================================================
Received Import Request.
  Time since last request: 0.000468 seconds.
  path: Assets/__RATC_Sprites/card_6.png
  artifactKey: Guid(2682efe8389370a42bb5b7058f1a4e3d) Importer(815301076,1909f56bfc062723c751e8b465ee728b)
Start importing Assets/__RATC_Sprites/card_6.png using Guid(2682efe8389370a42bb5b7058f1a4e3d) Importer(815301076,1909f56bfc062723c751e8b465ee728b)  -> (artifact id: '496070d8db1d783e31ffda66ff3c7c7d') in 0.007753 seconds
  Import took 0.011541 seconds .

========================================================================
Received Import Request.
  Time since last request: 0.000262 seconds.
  path: Assets/__RATC_Sprites/card_4.png
  artifactKey: Guid(d09808b4adda0424890e9eee3912aee4) Importer(815301076,1909f56bfc062723c751e8b465ee728b)
Start importing Assets/__RATC_Sprites/card_4.png using Guid(d09808b4adda0424890e9eee3912aee4) Importer(815301076,1909f56bfc062723c751e8b465ee728b)  -> (artifact id: '3436511d99a699c686dcbacc35cd9608') in 0.007331 seconds
  Import took 0.011936 seconds .

========================================================================
Received Import Request.
  Time since last request: 0.000286 seconds.
  path: Assets/__RATC_Sprites/card_7.png
  artifactKey: Guid(d45f7771dc81717498ddf87d94db7dff) Importer(815301076,1909f56bfc062723c751e8b465ee728b)
Start importing Assets/__RATC_Sprites/card_7.png using Guid(d45f7771dc81717498ddf87d94db7dff) Importer(815301076,1909f56bfc062723c751e8b465ee728b)  -> (artifact id: '19d7b8e8cf16d107edcceddb68439088') in 0.009126 seconds
  Import took 0.013602 seconds .

========================================================================
Received Import Request.
  Time since last request: 0.000328 seconds.
  path: Assets/__RATC_Sprites/card_5.png
  artifactKey: Guid(4c3e6d1191c1a3d4582eba06a6c40f7f) Importer(815301076,1909f56bfc062723c751e8b465ee728b)
Start importing Assets/__RATC_Sprites/card_5.png using Guid(4c3e6d1191c1a3d4582eba06a6c40f7f) Importer(815301076,1909f56bfc062723c751e8b465ee728b)  -> (artifact id: 'e4d462278af66af1db0078ea56221b41') in 0.011428 seconds
  Import took 0.019113 seconds .

========================================================================
Received Import Request.
  Time since last request: 0.000384 seconds.
  path: Assets/__RATC_Sprites/card_8.png
  artifactKey: Guid(b71ea6d6649dd9a4ba7b2fcab4bec7b5) Importer(815301076,1909f56bfc062723c751e8b465ee728b)
Start importing Assets/__RATC_Sprites/card_8.png using Guid(b71ea6d6649dd9a4ba7b2fcab4bec7b5) Importer(815301076,1909f56bfc062723c751e8b465ee728b)  -> (artifact id: '38ef68fb687802918fa0121abb3861a2') in 0.013298 seconds
  Import took 0.019289 seconds .

========================================================================
Received Import Request.
  Time since last request: 0.000293 seconds.
  path: Assets/__RATC_Sprites/card_12.png
  artifactKey: Guid(cc5774cdd87e6cd44b67208a90d0f20b) Importer(815301076,1909f56bfc062723c751e8b465ee728b)
Start importing Assets/__RATC_Sprites/card_12.png using Guid(cc5774cdd87e6cd44b67208a90d0f20b) Importer(815301076,1909f56bfc062723c751e8b465ee728b)  -> (artifact id: 'da1627d68220d318e81aa97bead5b50a') in 0.010986 seconds
  Import took 0.016919 seconds .

========================================================================
Received Import Request.
  Time since last request: 0.000278 seconds.
  path: Assets/__RATC_Sprites/card_9.png
  artifactKey: Guid(7fb0d279bc08de246b7737dd9f6dc9d6) Importer(815301076,1909f56bfc062723c751e8b465ee728b)
Start importing Assets/__RATC_Sprites/card_9.png using Guid(7fb0d279bc08de246b7737dd9f6dc9d6) Importer(815301076,1909f56bfc062723c751e8b465ee728b)  -> (artifact id: '7a86e11cb732784260722273ca3721cd') in 0.009340 seconds
  Import took 0.016632 seconds .

========================================================================
Received Import Request.
  Time since last request: 0.000290 seconds.
  path: Assets/__RATC_Sprites/card_11.png
  artifactKey: Guid(569771d8c57fb854385bce698fec5616) Importer(815301076,1909f56bfc062723c751e8b465ee728b)
Start importing Assets/__RATC_Sprites/card_11.png using Guid(569771d8c57fb854385bce698fec5616) Importer(815301076,1909f56bfc062723c751e8b465ee728b)  -> (artifact id: '53a632fd24bbab4362f6c5da4ccb9e19') in 0.008556 seconds
  Import took 0.014687 seconds .

========================================================================
Received Import Request.
  Time since last request: 0.000225 seconds.
  path: Assets/__RATC_Sprites/card_9.png
  artifactKey: Guid(7fb0d279bc08de246b7737dd9f6dc9d6) Importer(815301076,1909f56bfc062723c751e8b465ee728b)
Start importing Assets/__RATC_Sprites/card_9.png using Guid(7fb0d279bc08de246b7737dd9f6dc9d6) Importer(815301076,1909f56bfc062723c751e8b465ee728b)  -> (artifact id: '7a86e11cb732784260722273ca3721cd') in 0.016972 seconds
  Import took 0.021234 seconds .

========================================================================
Received Import Request.
  Time since last request: 0.000189 seconds.
  path: Assets/__RATC_Sprites/card_10.png
  artifactKey: Guid(3d53c1a6362d4454b9359f1cfc05b516) Importer(815301076,1909f56bfc062723c751e8b465ee728b)
Start importing Assets/__RATC_Sprites/card_10.png using Guid(3d53c1a6362d4454b9359f1cfc05b516) Importer(815301076,1909f56bfc062723c751e8b465ee728b)  -> (artifact id: '491e774bba7030cb5b910a2dc7292f0a') in 0.010009 seconds
  Import took 0.014203 seconds .

========================================================================
Received Import Request.
  Time since last request: 0.000410 seconds.
  path: Assets/__RATC_Sprites/card_Template_shorter.png
  artifactKey: Guid(3bc6e6da3d1cd0f47979403ae636eaba) Importer(815301076,1909f56bfc062723c751e8b465ee728b)
Start importing Assets/__RATC_Sprites/card_Template_shorter.png using Guid(3bc6e6da3d1cd0f47979403ae636eaba) Importer(815301076,1909f56bfc062723c751e8b465ee728b)  -> (artifact id: 'b53652cb1af79fbc65cad5b3ba1dc7a6') in 0.009409 seconds
  Import took 0.016077 seconds .

========================================================================
Received Import Request.
  Time since last request: 0.011996 seconds.
  path: Assets/__RATC_Sprites/card_Template_shorter.png
  artifactKey: Guid(3bc6e6da3d1cd0f47979403ae636eaba) Importer(815301076,1909f56bfc062723c751e8b465ee728b)
Start importing Assets/__RATC_Sprites/card_Template_shorter.png using Guid(3bc6e6da3d1cd0f47979403ae636eaba) Importer(815301076,1909f56bfc062723c751e8b465ee728b)  -> (artifact id: 'b53652cb1af79fbc65cad5b3ba1dc7a6') in 0.008705 seconds
  Import took 0.014375 seconds .

========================================================================
Received Import Request.
  Time since last request: 18.494663 seconds.
  path: Assets/Testing Grounds.unity
  artifactKey: Guid(aa6d82ebc496be94ba2eafcf20d73c98) Importer(815301076,1909f56bfc062723c751e8b465ee728b)
Start importing Assets/Testing Grounds.unity using Guid(aa6d82ebc496be94ba2eafcf20d73c98) Importer(815301076,1909f56bfc062723c751e8b465ee728b)  -> (artifact id: '2bcf203c51d36b3a30fe2382d7b6b773') in 0.002616 seconds
  Import took 0.007371 seconds .

========================================================================
Received Import Request.
  Time since last request: 426.624476 seconds.
  path: Assets/__RATC_Sprites/card_back.png
  artifactKey: Guid(0700079c2b56f43418657f535f0b5039) Importer(815301076,1909f56bfc062723c751e8b465ee728b)
Start importing Assets/__RATC_Sprites/card_back.png using Guid(0700079c2b56f43418657f535f0b5039) Importer(815301076,1909f56bfc062723c751e8b465ee728b)  -> (artifact id: '81851df514e1579164914a4067749eb7') in 0.006219 seconds
  Import took 0.011909 seconds .

========================================================================
Received Import Request.
  Time since last request: 9.415645 seconds.
  path: Assets/__RATC_Sprites/card_back.png
  artifactKey: Guid(0700079c2b56f43418657f535f0b5039) Importer(815301076,1909f56bfc062723c751e8b465ee728b)
Start importing Assets/__RATC_Sprites/card_back.png using Guid(0700079c2b56f43418657f535f0b5039) Importer(815301076,1909f56bfc062723c751e8b465ee728b)  -> (artifact id: '888938825054ca8bd52d05dd48318386') in 0.007634 seconds
  Import took 0.012221 seconds .

========================================================================
Received Import Request.
  Time since last request: 0.015135 seconds.
  path: Assets/__RATC_Sprites/card_back.png
  artifactKey: Guid(0700079c2b56f43418657f535f0b5039) Importer(815301076,1909f56bfc062723c751e8b465ee728b)
Start importing Assets/__RATC_Sprites/card_back.png using Guid(0700079c2b56f43418657f535f0b5039) Importer(815301076,1909f56bfc062723c751e8b465ee728b)  -> (artifact id: '888938825054ca8bd52d05dd48318386') in 0.007426 seconds
  Import took 0.011854 seconds .

========================================================================
Received Import Request.
  Time since last request: 71.209724 seconds.
  path: Assets/__Scripts/CardScripts/catDeck.cs
  artifactKey: Guid(fcd771d79e2d43b48831872e46ee9a7e) Importer(815301076,1909f56bfc062723c751e8b465ee728b)
Start importing Assets/__Scripts/CardScripts/catDeck.cs using Guid(fcd771d79e2d43b48831872e46ee9a7e) Importer(815301076,1909f56bfc062723c751e8b465ee728b)  -> (artifact id: '3c638a38615e59bb5983e0285c4e7566') in 0.006485 seconds
  Import took 0.011183 seconds .

========================================================================
Received Prepare
Registering precompiled user dll's ...
Registered in 0.002931 seconds.
Begin MonoManager ReloadAssembly
Native extension for WindowsStandalone target not found
Native extension for WebGL target not found
Refreshing native plugins compatible for Editor in 1.30 ms, found 1 plugins.
Preloading 0 native plugins for Editor in 0.00 ms.
Mono: successfully reloaded assembly
- Completed reload, in  0.992 seconds
Platform modules already initialized, skipping
Refreshing native plugins compatible for Editor in 0.70 ms, found 1 plugins.
Preloading 0 native plugins for Editor in 0.00 ms.
Unloading 2205 Unused Serialized files (Serialized files now loaded: 0)
System memory in use before: 98.7 MB.
System memory in use after: 98.9 MB.

Unloading 43 unused Assets to reduce memory usage. Loaded Objects now: 2795.
Total: 5.394300 ms (FindLiveObjects: 0.281100 ms CreateObjectMapping: 0.171800 ms MarkObjects: 4.916600 ms  DeleteObjects: 0.022900 ms)

========================================================================
Received Import Request.
  Time since last request: 60.455112 seconds.
  path: Assets/__Scripts/CardScripts/CatDeck.cs
  artifactKey: Guid(fcd771d79e2d43b48831872e46ee9a7e) Importer(815301076,1909f56bfc062723c751e8b465ee728b)
Start importing Assets/__Scripts/CardScripts/CatDeck.cs using Guid(fcd771d79e2d43b48831872e46ee9a7e) Importer(815301076,1909f56bfc062723c751e8b465ee728b)  -> (artifact id: '5d71e89bf479f718f3dc355a09390c04') in 0.003647 seconds
  Import took 0.006985 seconds .

========================================================================
Received Import Request.
  Time since last request: 22.115199 seconds.
  path: Assets/Resources/DeckXML.xml
  artifactKey: Guid(c76312a0fb08948699e1abf935e4a957) Importer(815301076,1909f56bfc062723c751e8b465ee728b)
Start importing Assets/Resources/DeckXML.xml using Guid(c76312a0fb08948699e1abf935e4a957) Importer(815301076,1909f56bfc062723c751e8b465ee728b)  -> (artifact id: '2051eb1cd83e92d65c921a665407ccc8') in 0.007999 seconds
  Import took 0.012312 seconds .

========================================================================
Received Import Request.
  Time since last request: 1089.285253 seconds.
  path: Assets/__RATC_Sprites/card_front.png
  artifactKey: Guid(02c8bc879abe93240b89ee8bd4c396b8) Importer(815301076,1909f56bfc062723c751e8b465ee728b)
Start importing Assets/__RATC_Sprites/card_front.png using Guid(02c8bc879abe93240b89ee8bd4c396b8) Importer(815301076,1909f56bfc062723c751e8b465ee728b)  -> (artifact id: '9c38520a5129a8bee3bca8e14688203b') in 0.024716 seconds
  Import took 0.029821 seconds .

========================================================================
Received Prepare
Registering precompiled user dll's ...
Registered in 0.001876 seconds.
Begin MonoManager ReloadAssembly
Native extension for WindowsStandalone target not found
Native extension for WebGL target not found
Refreshing native plugins compatible for Editor in 0.64 ms, found 1 plugins.
Preloading 0 native plugins for Editor in 0.00 ms.
Mono: successfully reloaded assembly
- Completed reload, in  1.020 seconds
Platform modules already initialized, skipping
Refreshing native plugins compatible for Editor in 0.64 ms, found 1 plugins.
Preloading 0 native plugins for Editor in 0.00 ms.
Unloading 2205 Unused Serialized files (Serialized files now loaded: 0)
System memory in use before: 98.7 MB.
System memory in use after: 98.9 MB.

Unloading 43 unused Assets to reduce memory usage. Loaded Objects now: 2799.
Total: 5.495000 ms (FindLiveObjects: 0.261700 ms CreateObjectMapping: 0.085500 ms MarkObjects: 5.073200 ms  DeleteObjects: 0.073600 ms)

========================================================================
Received Import Request.
  Time since last request: 1036.513925 seconds.
  path: Assets/_Prefabs/PrefabCard.prefab
  artifactKey: Guid(ee93767be21efa14eaa16db1093e90b5) Importer(815301076,1909f56bfc062723c751e8b465ee728b)
Start importing Assets/_Prefabs/PrefabCard.prefab using Guid(ee93767be21efa14eaa16db1093e90b5) Importer(815301076,1909f56bfc062723c751e8b465ee728b)  -> (artifact id: 'ff8e0fced764d085c7e264234502a532') in 0.050691 seconds
  Import took 0.054970 seconds .

========================================================================
Received Import Request.
  Time since last request: 0.000277 seconds.
  path: Assets/_Prefabs/PrefabFloatingScore.prefab
  artifactKey: Guid(04cf8feb78410ea4891d9127ded834c9) Importer(815301076,1909f56bfc062723c751e8b465ee728b)
Start importing Assets/_Prefabs/PrefabFloatingScore.prefab using Guid(04cf8feb78410ea4891d9127ded834c9) Importer(815301076,1909f56bfc062723c751e8b465ee728b)  -> (artifact id: 'b8093060c9af9d9edbc0225cc318f633') in 0.010966 seconds
  Import took 0.015499 seconds .

========================================================================
Received Import Request.
  Time since last request: 0.000331 seconds.
  path: Assets/_Prefabs/PrefabSprite.prefab
  artifactKey: Guid(12a0355f16a4e3040b7c1daff1c8ed35) Importer(815301076,1909f56bfc062723c751e8b465ee728b)
Start importing Assets/_Prefabs/PrefabSprite.prefab using Guid(12a0355f16a4e3040b7c1daff1c8ed35) Importer(815301076,1909f56bfc062723c751e8b465ee728b)  -> (artifact id: 'c9578a699da58fd35f6a302b86b53841') in 0.002966 seconds
  Import took 0.006812 seconds .

========================================================================
Received Import Request.
  Time since last request: 0.000309 seconds.
  path: Assets/_Prefabs/PrefabCatCard.prefab
  artifactKey: Guid(34b07b33ea0efd348a19dcf83a6ffedb) Importer(815301076,1909f56bfc062723c751e8b465ee728b)
Start importing Assets/_Prefabs/PrefabCatCard.prefab using Guid(34b07b33ea0efd348a19dcf83a6ffedb) Importer(815301076,1909f56bfc062723c751e8b465ee728b)  -> (artifact id: '0477f4450cc83a58e5c691a241ea020d') in 0.012659 seconds
  Import took 0.016279 seconds .

========================================================================
Received Import Request.
  Time since last request: 49.384360 seconds.
  path: Assets/__RATC_Sprites/card_front.png
  artifactKey: Guid(02c8bc879abe93240b89ee8bd4c396b8) Importer(815301076,1909f56bfc062723c751e8b465ee728b)
Start importing Assets/__RATC_Sprites/card_front.png using Guid(02c8bc879abe93240b89ee8bd4c396b8) Importer(815301076,1909f56bfc062723c751e8b465ee728b)  -> (artifact id: '7248fe4f6c6e0a4a636b5d569c1593bf') in 0.024588 seconds
  Import took 0.028560 seconds .

========================================================================
Received Import Request.
  Time since last request: 0.008429 seconds.
  path: Assets/__RATC_Sprites/card_front.png
  artifactKey: Guid(02c8bc879abe93240b89ee8bd4c396b8) Importer(815301076,1909f56bfc062723c751e8b465ee728b)
Start importing Assets/__RATC_Sprites/card_front.png using Guid(02c8bc879abe93240b89ee8bd4c396b8) Importer(815301076,1909f56bfc062723c751e8b465ee728b)  -> (artifact id: '7248fe4f6c6e0a4a636b5d569c1593bf') in 0.007515 seconds
  Import took 0.011692 seconds .

========================================================================
Received Prepare
Registering precompiled user dll's ...
Registered in 0.002588 seconds.
Begin MonoManager ReloadAssembly
Native extension for WindowsStandalone target not found
Native extension for WebGL target not found
Refreshing native plugins compatible for Editor in 0.77 ms, found 1 plugins.
Preloading 0 native plugins for Editor in 0.00 ms.
Mono: successfully reloaded assembly
- Completed reload, in  1.329 seconds
Platform modules already initialized, skipping
Refreshing native plugins compatible for Editor in 0.80 ms, found 1 plugins.
Preloading 0 native plugins for Editor in 0.00 ms.
Unloading 2205 Unused Serialized files (Serialized files now loaded: 0)
System memory in use before: 98.8 MB.
System memory in use after: 99.0 MB.

Unloading 43 unused Assets to reduce memory usage. Loaded Objects now: 2806.
Total: 6.891000 ms (FindLiveObjects: 0.295200 ms CreateObjectMapping: 0.116300 ms MarkObjects: 6.431900 ms  DeleteObjects: 0.045900 ms)

========================================================================
Received Prepare
Registering precompiled user dll's ...
Registered in 0.002743 seconds.
Begin MonoManager ReloadAssembly
Native extension for WindowsStandalone target not found
Native extension for WebGL target not found
Refreshing native plugins compatible for Editor in 0.67 ms, found 1 plugins.
Preloading 0 native plugins for Editor in 0.00 ms.
Mono: successfully reloaded assembly
- Completed reload, in  1.006 seconds
Platform modules already initialized, skipping
Refreshing native plugins compatible for Editor in 0.66 ms, found 1 plugins.
Preloading 0 native plugins for Editor in 0.00 ms.
Unloading 2205 Unused Serialized files (Serialized files now loaded: 0)
System memory in use before: 98.8 MB.
System memory in use after: 99.1 MB.

Unloading 43 unused Assets to reduce memory usage. Loaded Objects now: 2810.
Total: 4.982600 ms (FindLiveObjects: 0.211000 ms CreateObjectMapping: 0.088200 ms MarkObjects: 4.657800 ms  DeleteObjects: 0.024600 ms)

========================================================================
Received Prepare
Registering precompiled user dll's ...
Registered in 0.002194 seconds.
Begin MonoManager ReloadAssembly
Native extension for WindowsStandalone target not found
Native extension for WebGL target not found
Refreshing native plugins compatible for Editor in 0.99 ms, found 1 plugins.
Preloading 0 native plugins for Editor in 0.00 ms.
Mono: successfully reloaded assembly
- Completed reload, in  1.206 seconds
Platform modules already initialized, skipping
Refreshing native plugins compatible for Editor in 0.65 ms, found 1 plugins.
Preloading 0 native plugins for Editor in 0.00 ms.
Unloading 2205 Unused Serialized files (Serialized files now loaded: 0)
System memory in use before: 98.9 MB.
System memory in use after: 99.1 MB.

Unloading 43 unused Assets to reduce memory usage. Loaded Objects now: 2814.
Total: 5.233900 ms (FindLiveObjects: 0.239900 ms CreateObjectMapping: 0.125800 ms MarkObjects: 4.843200 ms  DeleteObjects: 0.023200 ms)

========================================================================
Received Prepare
Registering precompiled user dll's ...
Registered in 0.003218 seconds.
Begin MonoManager ReloadAssembly
Native extension for WindowsStandalone target not found
Native extension for WebGL target not found
Refreshing native plugins compatible for Editor in 0.65 ms, found 1 plugins.
Preloading 0 native plugins for Editor in 0.00 ms.
Mono: successfully reloaded assembly
- Completed reload, in  0.970 seconds
Platform modules already initialized, skipping
Refreshing native plugins compatible for Editor in 0.64 ms, found 1 plugins.
Preloading 0 native plugins for Editor in 0.00 ms.
Unloading 2205 Unused Serialized files (Serialized files now loaded: 0)
System memory in use before: 98.9 MB.
System memory in use after: 99.1 MB.

Unloading 43 unused Assets to reduce memory usage. Loaded Objects now: 2818.
Total: 5.343900 ms (FindLiveObjects: 0.234500 ms CreateObjectMapping: 0.100500 ms MarkObjects: 4.984500 ms  DeleteObjects: 0.023100 ms)

========================================================================
Received Prepare
Registering precompiled user dll's ...
Registered in 0.002829 seconds.
Begin MonoManager ReloadAssembly
Native extension for WindowsStandalone target not found
Native extension for WebGL target not found
Refreshing native plugins compatible for Editor in 1.22 ms, found 1 plugins.
Preloading 0 native plugins for Editor in 0.00 ms.
Mono: successfully reloaded assembly
- Completed reload, in  1.308 seconds
Platform modules already initialized, skipping
Refreshing native plugins compatible for Editor in 1.06 ms, found 1 plugins.
Preloading 0 native plugins for Editor in 0.00 ms.
Unloading 2205 Unused Serialized files (Serialized files now loaded: 0)
System memory in use before: 98.9 MB.
System memory in use after: 99.1 MB.

Unloading 43 unused Assets to reduce memory usage. Loaded Objects now: 2822.
Total: 5.725100 ms (FindLiveObjects: 0.299500 ms CreateObjectMapping: 0.111900 ms MarkObjects: 5.285400 ms  DeleteObjects: 0.027000 ms)

========================================================================
Received Prepare
Registering precompiled user dll's ...
Registered in 0.001681 seconds.
Begin MonoManager ReloadAssembly
Native extension for WindowsStandalone target not found
Native extension for WebGL target not found
Refreshing native plugins compatible for Editor in 0.83 ms, found 1 plugins.
Preloading 0 native plugins for Editor in 0.00 ms.
Mono: successfully reloaded assembly
- Completed reload, in  1.181 seconds
Platform modules already initialized, skipping
Refreshing native plugins compatible for Editor in 0.73 ms, found 1 plugins.
Preloading 0 native plugins for Editor in 0.00 ms.
Unloading 2205 Unused Serialized files (Serialized files now loaded: 0)
System memory in use before: 98.9 MB.
System memory in use after: 99.1 MB.

Unloading 43 unused Assets to reduce memory usage. Loaded Objects now: 2826.
Total: 6.414100 ms (FindLiveObjects: 0.319000 ms CreateObjectMapping: 0.131300 ms MarkObjects: 5.874400 ms  DeleteObjects: 0.087400 ms)

========================================================================
Received Prepare
Registering precompiled user dll's ...
Registered in 0.002073 seconds.
Begin MonoManager ReloadAssembly
Native extension for WindowsStandalone target not found
Native extension for WebGL target not found
Refreshing native plugins compatible for Editor in 0.74 ms, found 1 plugins.
Preloading 0 native plugins for Editor in 0.00 ms.
Mono: successfully reloaded assembly
- Completed reload, in  1.163 seconds
Platform modules already initialized, skipping
Refreshing native plugins compatible for Editor in 0.74 ms, found 1 plugins.
Preloading 0 native plugins for Editor in 0.00 ms.
Unloading 2205 Unused Serialized files (Serialized files now loaded: 0)
System memory in use before: 98.9 MB.
System memory in use after: 99.1 MB.

Unloading 43 unused Assets to reduce memory usage. Loaded Objects now: 2830.
Total: 6.691300 ms (FindLiveObjects: 0.270000 ms CreateObjectMapping: 0.111700 ms MarkObjects: 6.279700 ms  DeleteObjects: 0.028300 ms)

========================================================================
Received Prepare
Registering precompiled user dll's ...
Registered in 0.002340 seconds.
Begin MonoManager ReloadAssembly
Native extension for WindowsStandalone target not found
Native extension for WebGL target not found
Refreshing native plugins compatible for Editor in 0.64 ms, found 1 plugins.
Preloading 0 native plugins for Editor in 0.00 ms.
Mono: successfully reloaded assembly
- Completed reload, in  1.008 seconds
Platform modules already initialized, skipping
Refreshing native plugins compatible for Editor in 0.68 ms, found 1 plugins.
Preloading 0 native plugins for Editor in 0.00 ms.
Unloading 2205 Unused Serialized files (Serialized files now loaded: 0)
System memory in use before: 98.9 MB.
System memory in use after: 99.1 MB.

Unloading 43 unused Assets to reduce memory usage. Loaded Objects now: 2834.
Total: 5.689100 ms (FindLiveObjects: 0.264800 ms CreateObjectMapping: 0.118100 ms MarkObjects: 5.277400 ms  DeleteObjects: 0.027200 ms)

========================================================================
Received Prepare
Registering precompiled user dll's ...
Registered in 0.002012 seconds.
Begin MonoManager ReloadAssembly
Native extension for WindowsStandalone target not found
Native extension for WebGL target not found
Refreshing native plugins compatible for Editor in 0.81 ms, found 1 plugins.
Preloading 0 native plugins for Editor in 0.00 ms.
Mono: successfully reloaded assembly
- Completed reload, in  1.010 seconds
Platform modules already initialized, skipping
Refreshing native plugins compatible for Editor in 0.67 ms, found 1 plugins.
Preloading 0 native plugins for Editor in 0.00 ms.
Unloading 2205 Unused Serialized files (Serialized files now loaded: 0)
System memory in use before: 98.9 MB.
System memory in use after: 99.1 MB.

Unloading 43 unused Assets to reduce memory usage. Loaded Objects now: 2838.
Total: 5.219800 ms (FindLiveObjects: 0.279500 ms CreateObjectMapping: 0.102700 ms MarkObjects: 4.812800 ms  DeleteObjects: 0.023700 ms)

========================================================================
Received Prepare
Registering precompiled user dll's ...
Registered in 0.001922 seconds.
Begin MonoManager ReloadAssembly
Native extension for WindowsStandalone target not found
Native extension for WebGL target not found
Refreshing native plugins compatible for Editor in 0.63 ms, found 1 plugins.
Preloading 0 native plugins for Editor in 0.00 ms.
Mono: successfully reloaded assembly
- Completed reload, in  0.998 seconds
Platform modules already initialized, skipping
Refreshing native plugins compatible for Editor in 0.70 ms, found 1 plugins.
Preloading 0 native plugins for Editor in 0.00 ms.
Unloading 2205 Unused Serialized files (Serialized files now loaded: 0)
System memory in use before: 98.9 MB.
System memory in use after: 99.1 MB.

Unloading 43 unused Assets to reduce memory usage. Loaded Objects now: 2842.
Total: 5.351200 ms (FindLiveObjects: 0.245400 ms CreateObjectMapping: 0.098000 ms MarkObjects: 4.977600 ms  DeleteObjects: 0.028900 ms)

========================================================================
Received Prepare
Registering precompiled user dll's ...
Registered in 0.002469 seconds.
Begin MonoManager ReloadAssembly
Native extension for WindowsStandalone target not found
Native extension for WebGL target not found
Refreshing native plugins compatible for Editor in 0.78 ms, found 1 plugins.
Preloading 0 native plugins for Editor in 0.00 ms.
Mono: successfully reloaded assembly
- Completed reload, in  1.065 seconds
Platform modules already initialized, skipping
Refreshing native plugins compatible for Editor in 0.83 ms, found 1 plugins.
Preloading 0 native plugins for Editor in 0.00 ms.
Unloading 2205 Unused Serialized files (Serialized files now loaded: 0)
System memory in use before: 98.9 MB.
System memory in use after: 99.1 MB.

Unloading 43 unused Assets to reduce memory usage. Loaded Objects now: 2846.
Total: 7.096800 ms (FindLiveObjects: 0.437500 ms CreateObjectMapping: 0.171200 ms MarkObjects: 6.451800 ms  DeleteObjects: 0.034300 ms)

========================================================================
Received Prepare
Registering precompiled user dll's ...
Registered in 0.007318 seconds.
Begin MonoManager ReloadAssembly
Native extension for WindowsStandalone target not found
Native extension for WebGL target not found
Refreshing native plugins compatible for Editor in 0.95 ms, found 1 plugins.
Preloading 0 native plugins for Editor in 0.00 ms.
Mono: successfully reloaded assembly
- Completed reload, in  2.551 seconds
Platform modules already initialized, skipping
Refreshing native plugins compatible for Editor in 1.08 ms, found 1 plugins.
Preloading 0 native plugins for Editor in 0.00 ms.
Unloading 2205 Unused Serialized files (Serialized files now loaded: 0)
System memory in use before: 98.9 MB.
System memory in use after: 99.2 MB.

Unloading 43 unused Assets to reduce memory usage. Loaded Objects now: 2850.
Total: 8.967400 ms (FindLiveObjects: 0.433000 ms CreateObjectMapping: 0.150500 ms MarkObjects: 8.321100 ms  DeleteObjects: 0.061000 ms)

========================================================================
Received Prepare
Registering precompiled user dll's ...
Registered in 0.006448 seconds.
Begin MonoManager ReloadAssembly
Native extension for WindowsStandalone target not found
Native extension for WebGL target not found
Refreshing native plugins compatible for Editor in 1.20 ms, found 1 plugins.
Preloading 0 native plugins for Editor in 0.00 ms.
Mono: successfully reloaded assembly
- Completed reload, in  2.365 seconds
Platform modules already initialized, skipping
Refreshing native plugins compatible for Editor in 1.33 ms, found 1 plugins.
Preloading 0 native plugins for Editor in 0.00 ms.
Unloading 2205 Unused Serialized files (Serialized files now loaded: 0)
System memory in use before: 98.9 MB.
System memory in use after: 99.2 MB.

Unloading 43 unused Assets to reduce memory usage. Loaded Objects now: 2854.
Total: 8.989600 ms (FindLiveObjects: 0.722800 ms CreateObjectMapping: 0.149500 ms MarkObjects: 8.065200 ms  DeleteObjects: 0.049500 ms)

========================================================================
Received Prepare
Registering precompiled user dll's ...
Registered in 0.003457 seconds.
Begin MonoManager ReloadAssembly
Native extension for WindowsStandalone target not found
Native extension for WebGL target not found
Refreshing native plugins compatible for Editor in 1.60 ms, found 1 plugins.
Preloading 0 native plugins for Editor in 0.00 ms.
Mono: successfully reloaded assembly
- Completed reload, in  2.194 seconds
Platform modules already initialized, skipping
Refreshing native plugins compatible for Editor in 1.48 ms, found 1 plugins.
Preloading 0 native plugins for Editor in 0.00 ms.
Unloading 2205 Unused Serialized files (Serialized files now loaded: 0)
System memory in use before: 99.0 MB.
System memory in use after: 99.2 MB.

Unloading 43 unused Assets to reduce memory usage. Loaded Objects now: 2858.
Total: 11.645100 ms (FindLiveObjects: 0.830800 ms CreateObjectMapping: 0.375000 ms MarkObjects: 10.393000 ms  DeleteObjects: 0.043700 ms)

========================================================================
Received Prepare
Registering precompiled user dll's ...
Registered in 0.005014 seconds.
Begin MonoManager ReloadAssembly
Native extension for WindowsStandalone target not found
Native extension for WebGL target not found
Refreshing native plugins compatible for Editor in 1.06 ms, found 1 plugins.
Preloading 0 native plugins for Editor in 0.00 ms.
Mono: successfully reloaded assembly
- Completed reload, in  2.483 seconds
Platform modules already initialized, skipping
Refreshing native plugins compatible for Editor in 1.18 ms, found 1 plugins.
Preloading 0 native plugins for Editor in 0.00 ms.
Unloading 2205 Unused Serialized files (Serialized files now loaded: 0)
System memory in use before: 99.0 MB.
System memory in use after: 99.2 MB.

Unloading 43 unused Assets to reduce memory usage. Loaded Objects now: 2862.
Total: 14.231100 ms (FindLiveObjects: 0.621500 ms CreateObjectMapping: 0.407500 ms MarkObjects: 13.121900 ms  DeleteObjects: 0.078600 ms)

========================================================================
Received Import Request.
  Time since last request: 3836.043347 seconds.
  path: Assets/__RATC_Sprites/card_d.png
  artifactKey: Guid(3d53c1a6362d4454b9359f1cfc05b516) Importer(815301076,1909f56bfc062723c751e8b465ee728b)
Start importing Assets/__RATC_Sprites/card_d.png using Guid(3d53c1a6362d4454b9359f1cfc05b516) Importer(815301076,1909f56bfc062723c751e8b465ee728b)  -> (artifact id: 'cc1ccc0152184f1a16391273552ab9be') in 0.140489 seconds
  Import took 0.149390 seconds .

========================================================================
Received Import Request.
  Time since last request: 6.306890 seconds.
  path: Assets/__RATC_Sprites/card_p.png
  artifactKey: Guid(569771d8c57fb854385bce698fec5616) Importer(815301076,1909f56bfc062723c751e8b465ee728b)
Start importing Assets/__RATC_Sprites/card_p.png using Guid(569771d8c57fb854385bce698fec5616) Importer(815301076,1909f56bfc062723c751e8b465ee728b)  -> (artifact id: '28f07affafbaa72b199387bdb10b573b') in 0.032825 seconds
  Import took 0.042763 seconds .

========================================================================
Received Import Request.
  Time since last request: 0.005331 seconds.
  path: Assets/__RATC_Sprites/card_p.png
  artifactKey: Guid(569771d8c57fb854385bce698fec5616) Importer(815301076,1909f56bfc062723c751e8b465ee728b)
Start importing Assets/__RATC_Sprites/card_p.png using Guid(569771d8c57fb854385bce698fec5616) Importer(815301076,1909f56bfc062723c751e8b465ee728b)  -> (artifact id: '28f07affafbaa72b199387bdb10b573b') in 0.032337 seconds
  Import took 0.042544 seconds .

========================================================================
Received Import Request.
  Time since last request: 6.596071 seconds.
  path: Assets/__RATC_Sprites/card_s.png
  artifactKey: Guid(cc5774cdd87e6cd44b67208a90d0f20b) Importer(815301076,1909f56bfc062723c751e8b465ee728b)
Start importing Assets/__RATC_Sprites/card_s.png using Guid(cc5774cdd87e6cd44b67208a90d0f20b) Importer(815301076,1909f56bfc062723c751e8b465ee728b)  -> (artifact id: '2ec35f86560218b38c185f2a31e2e398') in 0.028637 seconds
  Import took 0.037881 seconds .

========================================================================
Received Import Request.
  Time since last request: 0.010393 seconds.
  path: Assets/__RATC_Sprites/card_s.png
  artifactKey: Guid(cc5774cdd87e6cd44b67208a90d0f20b) Importer(815301076,1909f56bfc062723c751e8b465ee728b)
Start importing Assets/__RATC_Sprites/card_s.png using Guid(cc5774cdd87e6cd44b67208a90d0f20b) Importer(815301076,1909f56bfc062723c751e8b465ee728b)  -> (artifact id: '2ec35f86560218b38c185f2a31e2e398') in 0.028685 seconds
  Import took 0.038468 seconds .

========================================================================
Received Prepare
Registering precompiled user dll's ...
Registered in 0.004760 seconds.
Begin MonoManager ReloadAssembly
Native extension for WindowsStandalone target not found
Native extension for WebGL target not found
Refreshing native plugins compatible for Editor in 1.74 ms, found 1 plugins.
Preloading 0 native plugins for Editor in 0.00 ms.
Mono: successfully reloaded assembly
- Completed reload, in  2.840 seconds
Platform modules already initialized, skipping
Refreshing native plugins compatible for Editor in 1.80 ms, found 1 plugins.
Preloading 0 native plugins for Editor in 0.00 ms.
Unloading 2205 Unused Serialized files (Serialized files now loaded: 0)
System memory in use before: 99.0 MB.
System memory in use after: 99.2 MB.

Unloading 43 unused Assets to reduce memory usage. Loaded Objects now: 2867.
Total: 16.627600 ms (FindLiveObjects: 0.762900 ms CreateObjectMapping: 0.352400 ms MarkObjects: 15.450200 ms  DeleteObjects: 0.059300 ms)

