Using pre-set license
Pro License: NO

 COMMAND LINE ARGUMENTS:
/Applications/Unity/EditorsFolder/2021.1.12f1/Unity.app/Contents/MacOS/Unity
-adb2
-batchMode
-noUpm
-name
AssetImportWorker86
-projectPath
/Users/admin/Documents/Unity/Learn/10-14-ratc-game-final
-logFile
Logs/AssetImportWorker86.log
-srvPort
57811
Successfully changed project path to: /Users/admin/Documents/Unity/Learn/10-14-ratc-game-final
/Users/admin/Documents/Unity/Learn/10-14-ratc-game-final
Using Asset Import Pipeline V2.
Refreshing native plugins compatible for Editor in 69.68 ms, found 2 plugins.
Preloading 0 native plugins for Editor in 0.00 ms.
Initialize engine version: 2021.1.12f1 (afcadd793de6)
[Subsystems] Discovering subsystems at path /Applications/Unity/EditorsFolder/2021.1.12f1/Unity.app/Contents/Resources/UnitySubsystems
[Subsystems] Discovering subsystems at path /Users/admin/Documents/Unity/Learn/10-14-ratc-game-final/Assets
GfxDevice: creating device client; threaded=0; jobified=0
2021-11-30 17:50:44.041 Unity[37067:705833] Color LCD preferred device: NVIDIA GeForce GT 650M (high power)
2021-11-30 17:50:44.041 Unity[37067:705833] Metal devices available: 2
2021-11-30 17:50:44.041 Unity[37067:705833] 0: NVIDIA GeForce GT 650M (high power)
2021-11-30 17:50:44.041 Unity[37067:705833] 1: Intel HD Graphics 4000 (low power)
2021-11-30 17:50:44.042 Unity[37067:705833] Using device NVIDIA GeForce GT 650M (high power)
Initializing Metal device caps: NVIDIA GeForce GT 650M
Initialize mono
Mono path[0] = '/Applications/Unity/EditorsFolder/2021.1.12f1/Unity.app/Contents/Managed'
Mono path[1] = '/Applications/Unity/EditorsFolder/2021.1.12f1/Unity.app/Contents/MonoBleedingEdge/lib/mono/unityjit'
Mono config path = '/Applications/Unity/EditorsFolder/2021.1.12f1/Unity.app/Contents/MonoBleedingEdge/etc'
Using monoOptions --debugger-agent=transport=dt_socket,embedding=1,server=y,suspend=n,address=127.0.0.1:56067
Begin MonoManager ReloadAssembly
Registering precompiled unity dll's ...
Register platform support module: /Applications/Unity/EditorsFolder/2021.1.12f1/Unity.app/Contents/PlaybackEngines/MacStandaloneSupport/UnityEditor.OSXStandalone.Extensions.dll
Registered in 0.000825 seconds.
Native extension for OSXStandalone target not found
Refreshing native plugins compatible for Editor in 60.17 ms, found 2 plugins.
Preloading 0 native plugins for Editor in 0.00 ms.
Mono: successfully reloaded assembly
- Completed reload, in  4.897 seconds
Domain Reload Profiling:
	ReloadAssembly (4897ms)
		BeginReloadAssembly (68ms)
			ExecutionOrderSort (0ms)
			DisableScriptedObjects (0ms)
			BackupInstance (0ms)
			ReleaseScriptingObjects (0ms)
			CreateAndSetChildDomain (1ms)
		EndReloadAssembly (851ms)
			LoadAssemblies (67ms)
			RebuildTransferFunctionScriptingTraits (0ms)
			SetupTypeCache (346ms)
			ReleaseScriptCaches (0ms)
			RebuildScriptCaches (75ms)
			SetupLoadedEditorAssemblies (347ms)
				LogAssemblyErrors (0ms)
				InitializePlatformSupportModulesInManaged (11ms)
				SetLoadedEditorAssemblies (0ms)
				RefreshPlugins (60ms)
				BeforeProcessingInitializeOnLoad (3ms)
				ProcessInitializeOnLoadAttributes (216ms)
				ProcessInitializeOnLoadMethodAttributes (55ms)
				AfterProcessingInitializeOnLoad (0ms)
				EditorAssembliesLoaded (0ms)
			ExecutionOrderSort2 (0ms)
			AwakeInstancesAfterBackupRestoration (0ms)
Platform modules already initialized, skipping
Registering precompiled user dll's ...
Registered in 0.003226 seconds.
Begin MonoManager ReloadAssembly
Native extension for OSXStandalone target not found
Refreshing native plugins compatible for Editor in 0.93 ms, found 2 plugins.
Preloading 0 native plugins for Editor in 0.00 ms.
Mono: successfully reloaded assembly
- Completed reload, in  6.841 seconds
Domain Reload Profiling:
	ReloadAssembly (6842ms)
		BeginReloadAssembly (290ms)
			ExecutionOrderSort (0ms)
			DisableScriptedObjects (9ms)
			BackupInstance (0ms)
			ReleaseScriptingObjects (0ms)
			CreateAndSetChildDomain (57ms)
		EndReloadAssembly (6432ms)
			LoadAssemblies (4463ms)
			RebuildTransferFunctionScriptingTraits (0ms)
			SetupTypeCache (580ms)
			ReleaseScriptCaches (1ms)
			RebuildScriptCaches (113ms)
			SetupLoadedEditorAssemblies (1056ms)
				LogAssemblyErrors (0ms)
				InitializePlatformSupportModulesInManaged (8ms)
				SetLoadedEditorAssemblies (1ms)
				RefreshPlugins (1ms)
				BeforeProcessingInitializeOnLoad (95ms)
				ProcessInitializeOnLoadAttributes (822ms)
				ProcessInitializeOnLoadMethodAttributes (126ms)
				AfterProcessingInitializeOnLoad (3ms)
				EditorAssembliesLoaded (0ms)
			ExecutionOrderSort2 (0ms)
			AwakeInstancesAfterBackupRestoration (14ms)
Platform modules already initialized, skipping
========================================================================
Worker process is ready to serve import requests
Launching external process: /Applications/Unity/EditorsFolder/2021.1.12f1/Unity.app/Contents/Tools/UnityShaderCompiler
Launched and connected shader compiler UnityShaderCompiler after 2.45 seconds
Refreshing native plugins compatible for Editor in 0.95 ms, found 2 plugins.
Preloading 0 native plugins for Editor in 0.00 ms.
Unloading 2004 Unused Serialized files (Serialized files now loaded: 0)
System memory in use before: 165.0 MB.
System memory in use after: 165.1 MB.

Unloading 58 unused Assets to reduce memory usage. Loaded Objects now: 2423.
Total: 9.190164 ms (FindLiveObjects: 0.284757 ms CreateObjectMapping: 0.180394 ms MarkObjects: 8.615672 ms  DeleteObjects: 0.107784 ms)

AssetImportParameters requested are different than current active one (requested -> active):
  custom:video-decoder-ogg-theora: a1e56fd34408186e4bbccfd4996cb3dc -> 
  custom:container-muxer-webm: aa71ff27fc2769a1b78a27578f13a17b -> 
  custom:container-demuxer-webm: 4f35f7cbe854078d1ac9338744f61a02 -> 
  custom:container-demuxer-ogg: 62fdf1f143b41e24485cea50d1cbac27 -> 
  custom:video-encoder-webm-vp8: eb34c28f22e8b96e1ab97ce403110664 -> 
  custom:framework-osx-AVFoundation: b23960f63f64bdc6ff669e2cdcee2391 -> 
  custom:video-decoder-webm-vp8: 9c59270c3fd7afecdb556c50c9e8de78 -> 
  custom:audio-decoder-ogg-vorbis: bf7c407c2cedff20999df2af8eb42d56 -> 
  custom:audio-encoder-webm-vorbis: bf7c407c2cedff20999df2af8eb42d56 -> 
========================================================================
Received Import Request.
  path: Assets/__Scripts/Bartok.cs
  artifactKey: Guid(35266b5ee33c892438252eaae5d0dd77) Importer(815301076,1909f56bfc062723c751e8b465ee728b)
Start importing Assets/__Scripts/Bartok.cs using Guid(35266b5ee33c892438252eaae5d0dd77) Importer(815301076,1909f56bfc062723c751e8b465ee728b)  -> (artifact id: 'ceb12d0cb548f4fbbc8e53b3de398bb8') in 5.214577 seconds 
========================================================================
Received Import Request.
  Time since last request: 0.000353 seconds.
  path: Assets/__Scripts/RATC scripts/RatatCat.cs
  artifactKey: Guid(1fe93f1e6d283498d93d9635ce92e116) Importer(815301076,1909f56bfc062723c751e8b465ee728b)
Start importing Assets/__Scripts/RATC scripts/RatatCat.cs using Guid(1fe93f1e6d283498d93d9635ce92e116) Importer(815301076,1909f56bfc062723c751e8b465ee728b)  -> (artifact id: '0a664cb73b526d72ec00929b2d060297') in 0.054480 seconds 
========================================================================
Received Import Request.
  Time since last request: 19.021400 seconds.
  path: Assets/__Scripts/RATC scripts
  artifactKey: Guid(1b38ff82ea9404a7cbca5fc6ad66d852) Importer(815301076,1909f56bfc062723c751e8b465ee728b)
Start importing Assets/__Scripts/RATC scripts using Guid(1b38ff82ea9404a7cbca5fc6ad66d852) Importer(815301076,1909f56bfc062723c751e8b465ee728b)  -> (artifact id: '26ee53db20a7b26a2a25b95852334eca') in 0.001389 seconds 
========================================================================
Received Import Request.
  Time since last request: 0.609466 seconds.
  path: Assets/__Scripts/RATC scripts/cardRATC.cs
  artifactKey: Guid(be539db3e26c84c8a9da6218e379201e) Importer(815301076,1909f56bfc062723c751e8b465ee728b)
Start importing Assets/__Scripts/RATC scripts/cardRATC.cs using Guid(be539db3e26c84c8a9da6218e379201e) Importer(815301076,1909f56bfc062723c751e8b465ee728b)  -> (artifact id: '38dffc085e945ba94b4d709f5cae286c') in 0.036877 seconds 
========================================================================
Received Import Request.
  Time since last request: 59.645060 seconds.
  path: Assets/__Scripts/RATC scripts/Card_Base.cs
  artifactKey: Guid(b3025cc7e28254700a3a9b5945a3f750) Importer(815301076,1909f56bfc062723c751e8b465ee728b)
Start importing Assets/__Scripts/RATC scripts/Card_Base.cs using Guid(b3025cc7e28254700a3a9b5945a3f750) Importer(815301076,1909f56bfc062723c751e8b465ee728b)  -> (artifact id: '0f31bcf304fcc355d4091d3170240c31') in 0.075782 seconds 
========================================================================
Received Prepare
Registering precompiled user dll's ...
Registered in 0.044419 seconds.
Begin MonoManager ReloadAssembly
Native extension for OSXStandalone target not found
Refreshing native plugins compatible for Editor in 0.88 ms, found 2 plugins.
Preloading 0 native plugins for Editor in 0.00 ms.
Mono: successfully reloaded assembly
- Completed reload, in  9.049 seconds
Domain Reload Profiling:
	ReloadAssembly (9076ms)
		BeginReloadAssembly (242ms)
			ExecutionOrderSort (0ms)
			DisableScriptedObjects (13ms)
			BackupInstance (0ms)
			ReleaseScriptingObjects (0ms)
			CreateAndSetChildDomain (112ms)
		EndReloadAssembly (8714ms)
			LoadAssemblies (6852ms)
			RebuildTransferFunctionScriptingTraits (2ms)
			SetupTypeCache (617ms)
			ReleaseScriptCaches (1ms)
			RebuildScriptCaches (113ms)
			SetupLoadedEditorAssemblies (851ms)
				LogAssemblyErrors (0ms)
				InitializePlatformSupportModulesInManaged (77ms)
				SetLoadedEditorAssemblies (1ms)
				RefreshPlugins (1ms)
				BeforeProcessingInitializeOnLoad (78ms)
				ProcessInitializeOnLoadAttributes (575ms)
				ProcessInitializeOnLoadMethodAttributes (116ms)
				AfterProcessingInitializeOnLoad (2ms)
				EditorAssembliesLoaded (0ms)
			ExecutionOrderSort2 (0ms)
			AwakeInstancesAfterBackupRestoration (15ms)
Platform modules already initialized, skipping
Switching build target platform(2) subTarget(0) extendedPlatform(0) -> platform(13) subTarget(65536) extendedPlatform(0)
Refreshing native plugins compatible for Editor in 1.00 ms, found 2 plugins.
Preloading 0 native plugins for Editor in 0.00 ms.
Unloading 2002 Unused Serialized files (Serialized files now loaded: 0)
System memory in use before: 169.3 MB.
System memory in use after: 169.4 MB.

Unloading 49 unused Assets to reduce memory usage. Loaded Objects now: 2427.
Total: 8.157053 ms (FindLiveObjects: 0.195646 ms CreateObjectMapping: 0.087575 ms MarkObjects: 7.834500 ms  DeleteObjects: 0.037605 ms)

AssetImportParameters requested are different than current active one (requested -> active):
  custom:video-decoder-ogg-theora: a1e56fd34408186e4bbccfd4996cb3dc -> 
  custom:container-muxer-webm: aa71ff27fc2769a1b78a27578f13a17b -> 
  custom:container-demuxer-webm: 4f35f7cbe854078d1ac9338744f61a02 -> 
  custom:container-demuxer-ogg: 62fdf1f143b41e24485cea50d1cbac27 -> 
  custom:video-encoder-webm-vp8: eb34c28f22e8b96e1ab97ce403110664 -> 
  custom:framework-osx-AVFoundation: b23960f63f64bdc6ff669e2cdcee2391 -> 
  custom:video-decoder-webm-vp8: 9c59270c3fd7afecdb556c50c9e8de78 -> 
  custom:graphics/normal-map-encoding: 01000000000000000000000000000000 -> 02000000000000000000000000000000
  custom:audio-decoder-ogg-vorbis: bf7c407c2cedff20999df2af8eb42d56 -> 
  custom:audio-encoder-webm-vorbis: bf7c407c2cedff20999df2af8eb42d56 -> 
========================================================================
Received Prepare
Registering precompiled user dll's ...
Registered in 0.050401 seconds.
Begin MonoManager ReloadAssembly
Native extension for OSXStandalone target not found
Refreshing native plugins compatible for Editor in 1.19 ms, found 2 plugins.
Preloading 0 native plugins for Editor in 0.00 ms.
Mono: successfully reloaded assembly
- Completed reload, in  4.788 seconds
Domain Reload Profiling:
	ReloadAssembly (4789ms)
		BeginReloadAssembly (228ms)
			ExecutionOrderSort (0ms)
			DisableScriptedObjects (13ms)
			BackupInstance (0ms)
			ReleaseScriptingObjects (0ms)
			CreateAndSetChildDomain (111ms)
		EndReloadAssembly (4431ms)
			LoadAssemblies (2657ms)
			RebuildTransferFunctionScriptingTraits (0ms)
			SetupTypeCache (624ms)
			ReleaseScriptCaches (1ms)
			RebuildScriptCaches (108ms)
			SetupLoadedEditorAssemblies (773ms)
				LogAssemblyErrors (0ms)
				InitializePlatformSupportModulesInManaged (9ms)
				SetLoadedEditorAssemblies (1ms)
				RefreshPlugins (1ms)
				BeforeProcessingInitializeOnLoad (88ms)
				ProcessInitializeOnLoadAttributes (547ms)
				ProcessInitializeOnLoadMethodAttributes (124ms)
				AfterProcessingInitializeOnLoad (3ms)
				EditorAssembliesLoaded (0ms)
			ExecutionOrderSort2 (0ms)
			AwakeInstancesAfterBackupRestoration (16ms)
Platform modules already initialized, skipping
Switching build target platform(2) subTarget(0) extendedPlatform(0) -> platform(13) subTarget(65536) extendedPlatform(0)
Refreshing native plugins compatible for Editor in 0.85 ms, found 2 plugins.
Preloading 0 native plugins for Editor in 0.00 ms.
Unloading 2002 Unused Serialized files (Serialized files now loaded: 0)
System memory in use before: 169.6 MB.
System memory in use after: 169.7 MB.

Unloading 49 unused Assets to reduce memory usage. Loaded Objects now: 2430.
Total: 9.595586 ms (FindLiveObjects: 0.272339 ms CreateObjectMapping: 0.167781 ms MarkObjects: 9.089116 ms  DeleteObjects: 0.064674 ms)

AssetImportParameters requested are different than current active one (requested -> active):
  custom:video-decoder-ogg-theora: a1e56fd34408186e4bbccfd4996cb3dc -> 
  custom:container-muxer-webm: aa71ff27fc2769a1b78a27578f13a17b -> 
  custom:container-demuxer-webm: 4f35f7cbe854078d1ac9338744f61a02 -> 
  custom:container-demuxer-ogg: 62fdf1f143b41e24485cea50d1cbac27 -> 
  custom:video-encoder-webm-vp8: eb34c28f22e8b96e1ab97ce403110664 -> 
  custom:framework-osx-AVFoundation: b23960f63f64bdc6ff669e2cdcee2391 -> 
  custom:video-decoder-webm-vp8: 9c59270c3fd7afecdb556c50c9e8de78 -> 
  custom:graphics/normal-map-encoding: 01000000000000000000000000000000 -> 02000000000000000000000000000000
  custom:audio-decoder-ogg-vorbis: bf7c407c2cedff20999df2af8eb42d56 -> 
  custom:audio-encoder-webm-vorbis: bf7c407c2cedff20999df2af8eb42d56 -> 
========================================================================
Received Prepare
Registering precompiled user dll's ...
Registered in 0.040928 seconds.
Begin MonoManager ReloadAssembly
Native extension for OSXStandalone target not found
Refreshing native plugins compatible for Editor in 0.86 ms, found 2 plugins.
Preloading 0 native plugins for Editor in 0.00 ms.
Mono: successfully reloaded assembly
- Completed reload, in  2.121 seconds
Domain Reload Profiling:
	ReloadAssembly (2121ms)
		BeginReloadAssembly (227ms)
			ExecutionOrderSort (0ms)
			DisableScriptedObjects (12ms)
			BackupInstance (0ms)
			ReleaseScriptingObjects (0ms)
			CreateAndSetChildDomain (105ms)
		EndReloadAssembly (1778ms)
			LoadAssemblies (124ms)
			RebuildTransferFunctionScriptingTraits (0ms)
			SetupTypeCache (569ms)
			ReleaseScriptCaches (1ms)
			RebuildScriptCaches (98ms)
			SetupLoadedEditorAssemblies (688ms)
				LogAssemblyErrors (0ms)
				InitializePlatformSupportModulesInManaged (8ms)
				SetLoadedEditorAssemblies (1ms)
				RefreshPlugins (1ms)
				BeforeProcessingInitializeOnLoad (78ms)
				ProcessInitializeOnLoadAttributes (483ms)
				ProcessInitializeOnLoadMethodAttributes (114ms)
				AfterProcessingInitializeOnLoad (3ms)
				EditorAssembliesLoaded (0ms)
			ExecutionOrderSort2 (0ms)
			AwakeInstancesAfterBackupRestoration (15ms)
Platform modules already initialized, skipping
Switching build target platform(2) subTarget(0) extendedPlatform(0) -> platform(13) subTarget(65536) extendedPlatform(0)
Refreshing native plugins compatible for Editor in 0.88 ms, found 2 plugins.
Preloading 0 native plugins for Editor in 0.00 ms.
Unloading 2002 Unused Serialized files (Serialized files now loaded: 0)
System memory in use before: 169.7 MB.
System memory in use after: 169.8 MB.

Unloading 49 unused Assets to reduce memory usage. Loaded Objects now: 2433.
Total: 9.610257 ms (FindLiveObjects: 0.263708 ms CreateObjectMapping: 0.182648 ms MarkObjects: 9.120311 ms  DeleteObjects: 0.041682 ms)

AssetImportParameters requested are different than current active one (requested -> active):
  custom:video-decoder-ogg-theora: a1e56fd34408186e4bbccfd4996cb3dc -> 
  custom:container-muxer-webm: aa71ff27fc2769a1b78a27578f13a17b -> 
  custom:container-demuxer-webm: 4f35f7cbe854078d1ac9338744f61a02 -> 
  custom:container-demuxer-ogg: 62fdf1f143b41e24485cea50d1cbac27 -> 
  custom:video-encoder-webm-vp8: eb34c28f22e8b96e1ab97ce403110664 -> 
  custom:framework-osx-AVFoundation: b23960f63f64bdc6ff669e2cdcee2391 -> 
  custom:video-decoder-webm-vp8: 9c59270c3fd7afecdb556c50c9e8de78 -> 
  custom:graphics/normal-map-encoding: 01000000000000000000000000000000 -> 02000000000000000000000000000000
  custom:audio-decoder-ogg-vorbis: bf7c407c2cedff20999df2af8eb42d56 -> 
  custom:audio-encoder-webm-vorbis: bf7c407c2cedff20999df2af8eb42d56 -> 
========================================================================
Received Import Request.
  Time since last request: 91.906568 seconds.
  path: Assets/__Scripts/RATC scripts/CardRATC.cs
  artifactKey: Guid(be539db3e26c84c8a9da6218e379201e) Importer(815301076,1909f56bfc062723c751e8b465ee728b)
Start importing Assets/__Scripts/RATC scripts/CardRATC.cs using Guid(be539db3e26c84c8a9da6218e379201e) Importer(815301076,1909f56bfc062723c751e8b465ee728b)  -> (artifact id: '727df3f9af059890fcda3b37b53395d2') in 0.032119 seconds 
========================================================================
Received Prepare
Registering precompiled user dll's ...
Registered in 0.055415 seconds.
Begin MonoManager ReloadAssembly
Native extension for OSXStandalone target not found
Refreshing native plugins compatible for Editor in 0.90 ms, found 2 plugins.
Preloading 0 native plugins for Editor in 0.00 ms.
Mono: successfully reloaded assembly
- Completed reload, in  6.987 seconds
Domain Reload Profiling:
	ReloadAssembly (7051ms)
		BeginReloadAssembly (285ms)
			ExecutionOrderSort (0ms)
			DisableScriptedObjects (12ms)
			BackupInstance (0ms)
			ReleaseScriptingObjects (0ms)
			CreateAndSetChildDomain (109ms)
		EndReloadAssembly (6648ms)
			LoadAssemblies (4323ms)
			RebuildTransferFunctionScriptingTraits (0ms)
			SetupTypeCache (573ms)
			ReleaseScriptCaches (1ms)
			RebuildScriptCaches (100ms)
			SetupLoadedEditorAssemblies (919ms)
				LogAssemblyErrors (0ms)
				InitializePlatformSupportModulesInManaged (115ms)
				SetLoadedEditorAssemblies (1ms)
				RefreshPlugins (1ms)
				BeforeProcessingInitializeOnLoad (80ms)
				ProcessInitializeOnLoadAttributes (603ms)
				ProcessInitializeOnLoadMethodAttributes (116ms)
				AfterProcessingInitializeOnLoad (2ms)
				EditorAssembliesLoaded (0ms)
			ExecutionOrderSort2 (0ms)
			AwakeInstancesAfterBackupRestoration (14ms)
Platform modules already initialized, skipping
Switching build target platform(2) subTarget(0) extendedPlatform(0) -> platform(13) subTarget(65536) extendedPlatform(0)
Refreshing native plugins compatible for Editor in 0.95 ms, found 2 plugins.
Preloading 0 native plugins for Editor in 0.00 ms.
Unloading 2001 Unused Serialized files (Serialized files now loaded: 0)
System memory in use before: 169.9 MB.
System memory in use after: 170.0 MB.

Unloading 49 unused Assets to reduce memory usage. Loaded Objects now: 2435.
Total: 8.400686 ms (FindLiveObjects: 0.247260 ms CreateObjectMapping: 0.175597 ms MarkObjects: 7.942807 ms  DeleteObjects: 0.033433 ms)

AssetImportParameters requested are different than current active one (requested -> active):
  custom:video-decoder-ogg-theora: a1e56fd34408186e4bbccfd4996cb3dc -> 
  custom:container-muxer-webm: aa71ff27fc2769a1b78a27578f13a17b -> 
  custom:container-demuxer-webm: 4f35f7cbe854078d1ac9338744f61a02 -> 
  custom:container-demuxer-ogg: 62fdf1f143b41e24485cea50d1cbac27 -> 
  custom:video-encoder-webm-vp8: eb34c28f22e8b96e1ab97ce403110664 -> 
  custom:framework-osx-AVFoundation: b23960f63f64bdc6ff669e2cdcee2391 -> 
  custom:video-decoder-webm-vp8: 9c59270c3fd7afecdb556c50c9e8de78 -> 
  custom:graphics/normal-map-encoding: 01000000000000000000000000000000 -> 02000000000000000000000000000000
  custom:audio-decoder-ogg-vorbis: bf7c407c2cedff20999df2af8eb42d56 -> 
  custom:audio-encoder-webm-vorbis: bf7c407c2cedff20999df2af8eb42d56 -> 
========================================================================
Received Prepare
Registering precompiled user dll's ...
Registered in 0.038254 seconds.
Begin MonoManager ReloadAssembly
Native extension for OSXStandalone target not found
Refreshing native plugins compatible for Editor in 0.89 ms, found 2 plugins.
Preloading 0 native plugins for Editor in 0.00 ms.
Mono: successfully reloaded assembly
- Completed reload, in  2.069 seconds
Domain Reload Profiling:
	ReloadAssembly (2069ms)
		BeginReloadAssembly (202ms)
			ExecutionOrderSort (0ms)
			DisableScriptedObjects (13ms)
			BackupInstance (0ms)
			ReleaseScriptingObjects (0ms)
			CreateAndSetChildDomain (105ms)
		EndReloadAssembly (1753ms)
			LoadAssemblies (117ms)
			RebuildTransferFunctionScriptingTraits (0ms)
			SetupTypeCache (561ms)
			ReleaseScriptCaches (1ms)
			RebuildScriptCaches (97ms)
			SetupLoadedEditorAssemblies (687ms)
				LogAssemblyErrors (0ms)
				InitializePlatformSupportModulesInManaged (8ms)
				SetLoadedEditorAssemblies (1ms)
				RefreshPlugins (1ms)
				BeforeProcessingInitializeOnLoad (79ms)
				ProcessInitializeOnLoadAttributes (482ms)
				ProcessInitializeOnLoadMethodAttributes (113ms)
				AfterProcessingInitializeOnLoad (2ms)
				EditorAssembliesLoaded (0ms)
			ExecutionOrderSort2 (0ms)
			AwakeInstancesAfterBackupRestoration (14ms)
Platform modules already initialized, skipping
Switching build target platform(2) subTarget(0) extendedPlatform(0) -> platform(13) subTarget(65536) extendedPlatform(0)
Refreshing native plugins compatible for Editor in 0.93 ms, found 2 plugins.
Preloading 0 native plugins for Editor in 0.00 ms.
Unloading 2001 Unused Serialized files (Serialized files now loaded: 0)
System memory in use before: 170.1 MB.
System memory in use after: 170.2 MB.

Unloading 49 unused Assets to reduce memory usage. Loaded Objects now: 2438.
Total: 8.478408 ms (FindLiveObjects: 0.225932 ms CreateObjectMapping: 0.149300 ms MarkObjects: 8.068523 ms  DeleteObjects: 0.032953 ms)

AssetImportParameters requested are different than current active one (requested -> active):
  custom:video-decoder-ogg-theora: a1e56fd34408186e4bbccfd4996cb3dc -> 
  custom:container-muxer-webm: aa71ff27fc2769a1b78a27578f13a17b -> 
  custom:container-demuxer-webm: 4f35f7cbe854078d1ac9338744f61a02 -> 
  custom:container-demuxer-ogg: 62fdf1f143b41e24485cea50d1cbac27 -> 
  custom:video-encoder-webm-vp8: eb34c28f22e8b96e1ab97ce403110664 -> 
  custom:framework-osx-AVFoundation: b23960f63f64bdc6ff669e2cdcee2391 -> 
  custom:video-decoder-webm-vp8: 9c59270c3fd7afecdb556c50c9e8de78 -> 
  custom:graphics/normal-map-encoding: 01000000000000000000000000000000 -> 02000000000000000000000000000000
  custom:audio-decoder-ogg-vorbis: bf7c407c2cedff20999df2af8eb42d56 -> 
  custom:audio-encoder-webm-vorbis: bf7c407c2cedff20999df2af8eb42d56 -> 
========================================================================
Received Import Request.
  Time since last request: 292.713339 seconds.
  path: Assets/__Scripts/RATC scripts/CardRATC.cs
  artifactKey: Guid(be539db3e26c84c8a9da6218e379201e) Importer(815301076,1909f56bfc062723c751e8b465ee728b)
Start importing Assets/__Scripts/RATC scripts/CardRATC.cs using Guid(be539db3e26c84c8a9da6218e379201e) Importer(815301076,1909f56bfc062723c751e8b465ee728b)  -> (artifact id: 'f19f4840a402e8560fefb734ef6fb297') in 0.014012 seconds 
========================================================================
Received Import Request.
  Time since last request: 89.952872 seconds.
  path: Assets/_Sprites/FaceCard_11C.png
  artifactKey: Guid(0044ad2d99ea04858a663c3491cc9a91) Importer(815301076,1909f56bfc062723c751e8b465ee728b)
Start importing Assets/_Sprites/FaceCard_11C.png using Guid(0044ad2d99ea04858a663c3491cc9a91) Importer(815301076,1909f56bfc062723c751e8b465ee728b)  -> (artifact id: '2b4b5c50d96e77eae3a5ae3f874babb1') in 3.371771 seconds 
========================================================================
Received Prepare
Registering precompiled user dll's ...
Registered in 0.029290 seconds.
Begin MonoManager ReloadAssembly
Native extension for OSXStandalone target not found
Refreshing native plugins compatible for Editor in 0.90 ms, found 2 plugins.
Preloading 0 native plugins for Editor in 0.00 ms.
Mono: successfully reloaded assembly
- Completed reload, in  4.910 seconds
Domain Reload Profiling:
	ReloadAssembly (4916ms)
		BeginReloadAssembly (224ms)
			ExecutionOrderSort (0ms)
			DisableScriptedObjects (12ms)
			BackupInstance (0ms)
			ReleaseScriptingObjects (0ms)
			CreateAndSetChildDomain (117ms)
		EndReloadAssembly (4566ms)
			LoadAssemblies (2725ms)
			RebuildTransferFunctionScriptingTraits (0ms)
			SetupTypeCache (604ms)
			ReleaseScriptCaches (1ms)
			RebuildScriptCaches (102ms)
			SetupLoadedEditorAssemblies (738ms)
				LogAssemblyErrors (0ms)
				InitializePlatformSupportModulesInManaged (10ms)
				SetLoadedEditorAssemblies (1ms)
				RefreshPlugins (1ms)
				BeforeProcessingInitializeOnLoad (85ms)
				ProcessInitializeOnLoadAttributes (523ms)
				ProcessInitializeOnLoadMethodAttributes (116ms)
				AfterProcessingInitializeOnLoad (3ms)
				EditorAssembliesLoaded (1ms)
			ExecutionOrderSort2 (0ms)
			AwakeInstancesAfterBackupRestoration (21ms)
Platform modules already initialized, skipping
Switching build target platform(2) subTarget(0) extendedPlatform(0) -> platform(13) subTarget(65536) extendedPlatform(0)
Refreshing native plugins compatible for Editor in 1.22 ms, found 2 plugins.
Preloading 0 native plugins for Editor in 0.00 ms.
Unloading 2002 Unused Serialized files (Serialized files now loaded: 0)
System memory in use before: 179.3 MB.
System memory in use after: 179.4 MB.

Unloading 49 unused Assets to reduce memory usage. Loaded Objects now: 2462.
Total: 8.708309 ms (FindLiveObjects: 0.230573 ms CreateObjectMapping: 0.115615 ms MarkObjects: 8.307619 ms  DeleteObjects: 0.052341 ms)

AssetImportParameters requested are different than current active one (requested -> active):
  custom:video-decoder-ogg-theora: a1e56fd34408186e4bbccfd4996cb3dc -> 
  custom:container-muxer-webm: aa71ff27fc2769a1b78a27578f13a17b -> 
  custom:container-demuxer-webm: 4f35f7cbe854078d1ac9338744f61a02 -> 
  custom:container-demuxer-ogg: 62fdf1f143b41e24485cea50d1cbac27 -> 
  custom:video-encoder-webm-vp8: eb34c28f22e8b96e1ab97ce403110664 -> 
  custom:framework-osx-AVFoundation: b23960f63f64bdc6ff669e2cdcee2391 -> 
  custom:video-decoder-webm-vp8: 9c59270c3fd7afecdb556c50c9e8de78 -> 
  custom:graphics/normal-map-encoding: 01000000000000000000000000000000 -> 02000000000000000000000000000000
  custom:audio-decoder-ogg-vorbis: bf7c407c2cedff20999df2af8eb42d56 -> 
  custom:audio-encoder-webm-vorbis: bf7c407c2cedff20999df2af8eb42d56 -> 
========================================================================
Received Import Request.
  Time since last request: 698.591986 seconds.
  path: Assets/__Scripts/RATC scripts/CardRATC.cs
  artifactKey: Guid(be539db3e26c84c8a9da6218e379201e) Importer(815301076,1909f56bfc062723c751e8b465ee728b)
Start importing Assets/__Scripts/RATC scripts/CardRATC.cs using Guid(be539db3e26c84c8a9da6218e379201e) Importer(815301076,1909f56bfc062723c751e8b465ee728b)  -> (artifact id: '7b9b2166cea597ff7c08f17cc730e0bf') in 0.219372 seconds 
========================================================================
Received Import Request.
  Time since last request: 945.232833 seconds.
  path: Assets/RATATCAT_Game.unity
  artifactKey: Guid(729ef81c591844bafa0a81b99e14c10b) Importer(815301076,1909f56bfc062723c751e8b465ee728b)
Start importing Assets/RATATCAT_Game.unity using Guid(729ef81c591844bafa0a81b99e14c10b) Importer(815301076,1909f56bfc062723c751e8b465ee728b)  -> (artifact id: '95079bb713b80fa9663f2972a6ea5781') in 0.066445 seconds 
========================================================================
Received Import Request.
  Time since last request: 0.863138 seconds.
  path: Assets/RATATCAT_Start.unity
  artifactKey: Guid(d4995c144432d4acabb5b3e4c77b0852) Importer(815301076,1909f56bfc062723c751e8b465ee728b)
Start importing Assets/RATATCAT_Start.unity using Guid(d4995c144432d4acabb5b3e4c77b0852) Importer(815301076,1909f56bfc062723c751e8b465ee728b)  -> (artifact id: 'bea01d7cc2988d5cfb174357d586a70f') in 0.058222 seconds 
========================================================================
Received Import Request.
  Time since last request: 32.360728 seconds.
  path: Assets/tempSprites
  artifactKey: Guid(8c1726aae824b4ba3833b1e213e8593d) Importer(815301076,1909f56bfc062723c751e8b465ee728b)
Start importing Assets/tempSprites using Guid(8c1726aae824b4ba3833b1e213e8593d) Importer(815301076,1909f56bfc062723c751e8b465ee728b)  -> (artifact id: 'f80702de5843077289e05f800aab52ae') in 0.064686 seconds 
========================================================================
Received Import Request.
  Time since last request: 2.210642 seconds.
  path: Assets/_Sprites
  artifactKey: Guid(c1ce6190c47ff49ee892f7281f238071) Importer(815301076,1909f56bfc062723c751e8b465ee728b)
Start importing Assets/_Sprites using Guid(c1ce6190c47ff49ee892f7281f238071) Importer(815301076,1909f56bfc062723c751e8b465ee728b)  -> (artifact id: '207aeaf4d2023c953a8622f8a039fead') in 0.001333 seconds 
========================================================================
Received Import Request.
  Time since last request: 1.445526 seconds.
  path: Assets/_Sprites/Card_Back.png
  artifactKey: Guid(a8185ed8d47594bb8a3b8e2d9233f769) Importer(815301076,1909f56bfc062723c751e8b465ee728b)
Start importing Assets/_Sprites/Card_Back.png using Guid(a8185ed8d47594bb8a3b8e2d9233f769) Importer(815301076,1909f56bfc062723c751e8b465ee728b)  -> (artifact id: '9a17bb9c6de74fb24079d6b4faa91b5d') in 0.154408 seconds 
========================================================================
Received Import Request.
  Time since last request: 8.928996 seconds.
  path: Assets/_Sprites/ProspectorBackground.png
  artifactKey: Guid(410722e641735434fa9000d31a38bd1b) Importer(815301076,1909f56bfc062723c751e8b465ee728b)
Start importing Assets/_Sprites/ProspectorBackground.png using Guid(410722e641735434fa9000d31a38bd1b) Importer(815301076,1909f56bfc062723c751e8b465ee728b)  -> (artifact id: 'a5a627f0fc91b8df93cf318911b7846c') in 0.148565 seconds 
========================================================================
Received Import Request.
  Time since last request: 1.481935 seconds.
  path: Assets/_Sprites/Spade.png
  artifactKey: Guid(a7994da692eef4500be008b80674eecb) Importer(815301076,1909f56bfc062723c751e8b465ee728b)
Start importing Assets/_Sprites/Spade.png using Guid(a7994da692eef4500be008b80674eecb) Importer(815301076,1909f56bfc062723c751e8b465ee728b)  -> (artifact id: 'fb5b36f20d956e2422f4e29f23fcb5c6') in 0.048108 seconds 
========================================================================
Received Import Request.
  Time since last request: 15.952366 seconds.
  path: Assets/_Sprites/Card_Front.png
  artifactKey: Guid(873a7658b7ec742228520c7b15510f4d) Importer(815301076,1909f56bfc062723c751e8b465ee728b)
Start importing Assets/_Sprites/Card_Front.png using Guid(873a7658b7ec742228520c7b15510f4d) Importer(815301076,1909f56bfc062723c751e8b465ee728b)  -> (artifact id: '6695979e9d4e50f143240c8ee4e0abd9') in 0.145189 seconds 
========================================================================
Received Import Request.
  Time since last request: 8.892249 seconds.
  path: Assets/_Sprites/Card_Front 1.png
  artifactKey: Guid(84390c0e67d244f25820b2031e6e3205) Importer(815301076,1909f56bfc062723c751e8b465ee728b)
Start importing Assets/_Sprites/Card_Front 1.png using Guid(84390c0e67d244f25820b2031e6e3205) Importer(815301076,1909f56bfc062723c751e8b465ee728b)  -> (artifact id: '0f897b46c0961650543cfb5a83e134a9') in 0.064255 seconds 
========================================================================
Received Import Request.
  Time since last request: 6.981983 seconds.
  path: Assets/_Sprites/Club.png
  artifactKey: Guid(f2e3abd22e9ae4d17ab5c0659ff3e024) Importer(815301076,1909f56bfc062723c751e8b465ee728b)
Start importing Assets/_Sprites/Club.png using Guid(f2e3abd22e9ae4d17ab5c0659ff3e024) Importer(815301076,1909f56bfc062723c751e8b465ee728b)  -> (artifact id: '10820d4d883874dbba117dc2f6ddbad3') in 0.056128 seconds 
========================================================================
Received Import Request.
  Time since last request: 4.718494 seconds.
  path: Assets/_Sprites/Letters.png
  artifactKey: Guid(a3dfadce2ec324208b9305ffd5119ba8) Importer(815301076,1909f56bfc062723c751e8b465ee728b)
Start importing Assets/_Sprites/Letters.png using Guid(a3dfadce2ec324208b9305ffd5119ba8) Importer(815301076,1909f56bfc062723c751e8b465ee728b)  -> (artifact id: '4abfb7f710e5986d0d01922c1116dcef') in 0.102289 seconds 
========================================================================
Received Import Request.
  Time since last request: 3.205530 seconds.
  path: Assets/_Sprites/Letters 1.png
  artifactKey: Guid(bb83debfb656a4cf793e826827000fe7) Importer(815301076,1909f56bfc062723c751e8b465ee728b)
Start importing Assets/_Sprites/Letters 1.png using Guid(bb83debfb656a4cf793e826827000fe7) Importer(815301076,1909f56bfc062723c751e8b465ee728b)  -> (artifact id: '64824e0698f0838367667173f78b3e22') in 0.069192 seconds 
========================================================================
Received Import Request.
  Time since last request: 15.102772 seconds.
  path: Assets/_Sprites/Heart.png
  artifactKey: Guid(3f3ffa8970b63467cad6ba98725b1c95) Importer(815301076,1909f56bfc062723c751e8b465ee728b)
Start importing Assets/_Sprites/Heart.png using Guid(3f3ffa8970b63467cad6ba98725b1c95) Importer(815301076,1909f56bfc062723c751e8b465ee728b)  -> (artifact id: 'b3bc825ae1bae934088eb787ee8d923f') in 0.059598 seconds 
========================================================================
Received Import Request.
  Time since last request: 7.556519 seconds.
  path: Assets/_Sprites/FaceCard_12C.png
  artifactKey: Guid(d86c46d6378144162964786d621fb0ca) Importer(815301076,1909f56bfc062723c751e8b465ee728b)
Start importing Assets/_Sprites/FaceCard_12C.png using Guid(d86c46d6378144162964786d621fb0ca) Importer(815301076,1909f56bfc062723c751e8b465ee728b)  -> (artifact id: '742f4fb2e61da1d4455a3daa2b8d2ac4') in 0.062799 seconds 
========================================================================
Received Import Request.
  Time since last request: 28.687657 seconds.
  path: Assets/tempSprites/tempNumbers.png
  artifactKey: Guid(bb83debfb656a4cf793e826827000fe7) Importer(815301076,1909f56bfc062723c751e8b465ee728b)
Start importing Assets/tempSprites/tempNumbers.png using Guid(bb83debfb656a4cf793e826827000fe7) Importer(815301076,1909f56bfc062723c751e8b465ee728b)  -> (artifact id: 'b22a308e17ca9e92b516636a00c034e9') in 0.098798 seconds 
========================================================================
Received Import Request.
  Time since last request: 1.790115 seconds.
  path: Assets/tempSprites/Card_Back 1.png
  artifactKey: Guid(fe591ab73c25b4267a38fea838d0d7d8) Importer(815301076,1909f56bfc062723c751e8b465ee728b)
Start importing Assets/tempSprites/Card_Back 1.png using Guid(fe591ab73c25b4267a38fea838d0d7d8) Importer(815301076,1909f56bfc062723c751e8b465ee728b)  -> (artifact id: '29530ac34eb78d3e8fac206b76726202') in 0.022311 seconds 
========================================================================
Received Import Request.
  Time since last request: 7.871686 seconds.
  path: Assets/tempSprites/temp_CardBack.png
  artifactKey: Guid(fe591ab73c25b4267a38fea838d0d7d8) Importer(815301076,1909f56bfc062723c751e8b465ee728b)
Start importing Assets/tempSprites/temp_CardBack.png using Guid(fe591ab73c25b4267a38fea838d0d7d8) Importer(815301076,1909f56bfc062723c751e8b465ee728b)  -> (artifact id: '9925555b45e7f185b16857a77f7dddf5') in 0.016340 seconds 
========================================================================
Received Import Request.
  Time since last request: 7.310148 seconds.
  path: Assets/tempSprites/temp_CardFront.png
  artifactKey: Guid(84390c0e67d244f25820b2031e6e3205) Importer(815301076,1909f56bfc062723c751e8b465ee728b)
Start importing Assets/tempSprites/temp_CardFront.png using Guid(84390c0e67d244f25820b2031e6e3205) Importer(815301076,1909f56bfc062723c751e8b465ee728b)  -> (artifact id: 'fd063088d2eac588707f52d9512d0a2d') in 0.054159 seconds 
========================================================================
Received Import Request.
  Time since last request: 207.492823 seconds.
  path: Assets/__Scripts/RATC scripts/RATCDeck.cs
  artifactKey: Guid(67233ecf67f7f4a59bd7d8c7ade560e4) Importer(815301076,1909f56bfc062723c751e8b465ee728b)
Start importing Assets/__Scripts/RATC scripts/RATCDeck.cs using Guid(67233ecf67f7f4a59bd7d8c7ade560e4) Importer(815301076,1909f56bfc062723c751e8b465ee728b)  -> (artifact id: '85dd5a4d56f57b961b26222732be0f5e') in 0.006236 seconds 
========================================================================
Received Import Request.
  Time since last request: 139.436501 seconds.
  path: Assets/__Scripts/RATC scripts/RATCDeck.cs
  artifactKey: Guid(67233ecf67f7f4a59bd7d8c7ade560e4) Importer(815301076,1909f56bfc062723c751e8b465ee728b)
Start importing Assets/__Scripts/RATC scripts/RATCDeck.cs using Guid(67233ecf67f7f4a59bd7d8c7ade560e4) Importer(815301076,1909f56bfc062723c751e8b465ee728b)  -> (artifact id: '43e38219347acb7e04437050028fd4cc') in 0.006513 seconds 
========================================================================
Received Import Request.
  Time since last request: 8.943027 seconds.
  path: Assets/__Scripts/RATC scripts/RATCLayout.cs
  artifactKey: Guid(cc27c65d1a4ff412a9ee00fc94200608) Importer(815301076,1909f56bfc062723c751e8b465ee728b)
Start importing Assets/__Scripts/RATC scripts/RATCLayout.cs using Guid(cc27c65d1a4ff412a9ee00fc94200608) Importer(815301076,1909f56bfc062723c751e8b465ee728b)  -> (artifact id: 'd309190c72ef2fd0866faf3155c40172') in 0.007556 seconds 
========================================================================
Received Import Request.
  Time since last request: 12.181154 seconds.
  path: Assets/__Scripts/BartokLayout.cs
  artifactKey: Guid(05eabc843b7e3784a893a2b985a47169) Importer(815301076,1909f56bfc062723c751e8b465ee728b)
Start importing Assets/__Scripts/BartokLayout.cs using Guid(05eabc843b7e3784a893a2b985a47169) Importer(815301076,1909f56bfc062723c751e8b465ee728b)  -> (artifact id: 'f9620980660c63933ff70b68e1d97405') in 0.006104 seconds 
========================================================================
Received Import Request.
  Time since last request: 3737.551129 seconds.
  path: Assets/__Scripts/RATC scripts/RatatCat.cs
  artifactKey: Guid(1fe93f1e6d283498d93d9635ce92e116) Importer(815301076,1909f56bfc062723c751e8b465ee728b)
Start importing Assets/__Scripts/RATC scripts/RatatCat.cs using Guid(1fe93f1e6d283498d93d9635ce92e116) Importer(815301076,1909f56bfc062723c751e8b465ee728b)  -> (artifact id: 'dc01c838a1acd6bfc6b81f40dd92d54a') in 0.005011 seconds 
========================================================================
Received Import Request.
  Time since last request: 5.662116 seconds.
  path: Assets/__Scripts/RATC scripts/RatatatCat.cs
  artifactKey: Guid(1fe93f1e6d283498d93d9635ce92e116) Importer(815301076,1909f56bfc062723c751e8b465ee728b)
Start importing Assets/__Scripts/RATC scripts/RatatatCat.cs using Guid(1fe93f1e6d283498d93d9635ce92e116) Importer(815301076,1909f56bfc062723c751e8b465ee728b)  -> (artifact id: '1c29f2d965dcbebfdd95593d9137a58b') in 0.086669 seconds 
========================================================================
Received Import Request.
  Time since last request: 87.700779 seconds.
  path: Assets/__Scripts/Player.cs
  artifactKey: Guid(4b4b443e7be0e90438340823128d1e1c) Importer(815301076,1909f56bfc062723c751e8b465ee728b)
Start importing Assets/__Scripts/Player.cs using Guid(4b4b443e7be0e90438340823128d1e1c) Importer(815301076,1909f56bfc062723c751e8b465ee728b)  -> (artifact id: 'c618f87c8aa040be96ae675a4b9f63ac') in 0.043695 seconds 
========================================================================
Received Import Request.
  Time since last request: 20.509699 seconds.
  path: Assets/__Scripts/RATC scripts/RATCPlayer.cs
  artifactKey: Guid(a33821177f85d4bf3ad616f567eb3d99) Importer(815301076,1909f56bfc062723c751e8b465ee728b)
Start importing Assets/__Scripts/RATC scripts/RATCPlayer.cs using Guid(a33821177f85d4bf3ad616f567eb3d99) Importer(815301076,1909f56bfc062723c751e8b465ee728b)  -> (artifact id: '857267f973dcb7a838a0ae5cd451580c') in 0.097985 seconds 
========================================================================
Received Prepare
Registering precompiled user dll's ...
Registered in 0.031874 seconds.
Begin MonoManager ReloadAssembly
Native extension for OSXStandalone target not found
Refreshing native plugins compatible for Editor in 0.99 ms, found 2 plugins.
Preloading 0 native plugins for Editor in 0.00 ms.
Mono: successfully reloaded assembly
- Completed reload, in  6.532 seconds
Domain Reload Profiling:
	ReloadAssembly (6590ms)
		BeginReloadAssembly (278ms)
			ExecutionOrderSort (0ms)
			DisableScriptedObjects (12ms)
			BackupInstance (0ms)
			ReleaseScriptingObjects (0ms)
			CreateAndSetChildDomain (121ms)
		EndReloadAssembly (6193ms)
			LoadAssemblies (4172ms)
			RebuildTransferFunctionScriptingTraits (0ms)
			SetupTypeCache (556ms)
			ReleaseScriptCaches (1ms)
			RebuildScriptCaches (100ms)
			SetupLoadedEditorAssemblies (744ms)
				LogAssemblyErrors (0ms)
				InitializePlatformSupportModulesInManaged (8ms)
				SetLoadedEditorAssemblies (1ms)
				RefreshPlugins (1ms)
				BeforeProcessingInitializeOnLoad (81ms)
				ProcessInitializeOnLoadAttributes (532ms)
				ProcessInitializeOnLoadMethodAttributes (118ms)
				AfterProcessingInitializeOnLoad (3ms)
				EditorAssembliesLoaded (0ms)
			ExecutionOrderSort2 (0ms)
			AwakeInstancesAfterBackupRestoration (24ms)
Platform modules already initialized, skipping
Switching build target platform(2) subTarget(0) extendedPlatform(0) -> platform(13) subTarget(65536) extendedPlatform(0)
Refreshing native plugins compatible for Editor in 0.88 ms, found 2 plugins.
Preloading 0 native plugins for Editor in 0.00 ms.
Unloading 2015 Unused Serialized files (Serialized files now loaded: 0)
System memory in use before: 191.0 MB.
System memory in use after: 191.2 MB.

Unloading 49 unused Assets to reduce memory usage. Loaded Objects now: 2685.
Total: 8.823900 ms (FindLiveObjects: 0.284758 ms CreateObjectMapping: 0.175115 ms MarkObjects: 8.324794 ms  DeleteObjects: 0.037838 ms)

AssetImportParameters requested are different than current active one (requested -> active):
  custom:video-decoder-ogg-theora: a1e56fd34408186e4bbccfd4996cb3dc -> 
  custom:container-muxer-webm: aa71ff27fc2769a1b78a27578f13a17b -> 
  custom:container-demuxer-webm: 4f35f7cbe854078d1ac9338744f61a02 -> 
  custom:container-demuxer-ogg: 62fdf1f143b41e24485cea50d1cbac27 -> 
  custom:video-encoder-webm-vp8: eb34c28f22e8b96e1ab97ce403110664 -> 
  custom:framework-osx-AVFoundation: b23960f63f64bdc6ff669e2cdcee2391 -> 
  custom:video-decoder-webm-vp8: 9c59270c3fd7afecdb556c50c9e8de78 -> 
  custom:graphics/normal-map-encoding: 01000000000000000000000000000000 -> 02000000000000000000000000000000
  custom:audio-decoder-ogg-vorbis: bf7c407c2cedff20999df2af8eb42d56 -> 
  custom:audio-encoder-webm-vorbis: bf7c407c2cedff20999df2af8eb42d56 -> 
========================================================================
Received Import Request.
  Time since last request: 1173.211228 seconds.
  path: Assets/__Bartok_Scene_0 1.unity
  artifactKey: Guid(8939559ecf9674f49b358501f12bb6e6) Importer(815301076,1909f56bfc062723c751e8b465ee728b)
Start importing Assets/__Bartok_Scene_0 1.unity using Guid(8939559ecf9674f49b358501f12bb6e6) Importer(815301076,1909f56bfc062723c751e8b465ee728b)  -> (artifact id: '38a5879e3b79f41aaca6510a74e46d1c') in 0.021696 seconds 
========================================================================
Received Import Request.
  Time since last request: 14.398016 seconds.
  path: Assets/RATC_Scene_0.unity
  artifactKey: Guid(8939559ecf9674f49b358501f12bb6e6) Importer(815301076,1909f56bfc062723c751e8b465ee728b)
Start importing Assets/RATC_Scene_0.unity using Guid(8939559ecf9674f49b358501f12bb6e6) Importer(815301076,1909f56bfc062723c751e8b465ee728b)  -> (artifact id: '4006ec73add56bfeb84b4a2ebca55aa6') in 0.019064 seconds 
========================================================================
Received Import Request.
  Time since last request: 4.646302 seconds.
  path: Assets/__Bartok_Scene_0.unity
  artifactKey: Guid(51522ca524a145c419dff906deae731e) Importer(815301076,1909f56bfc062723c751e8b465ee728b)
Start importing Assets/__Bartok_Scene_0.unity using Guid(51522ca524a145c419dff906deae731e) Importer(815301076,1909f56bfc062723c751e8b465ee728b)  -> (artifact id: '33ac6f1d479198ba4fce8cae3b19064b') in 0.001687 seconds 
========================================================================
Received Import Request.
  Time since last request: 0.965716 seconds.
  path: Assets/__Prospector_Scene_0.unity
  artifactKey: Guid(e7876eae655084f8d9b344b33478f0fa) Importer(815301076,1909f56bfc062723c751e8b465ee728b)
Start importing Assets/__Prospector_Scene_0.unity using Guid(e7876eae655084f8d9b344b33478f0fa) Importer(815301076,1909f56bfc062723c751e8b465ee728b)  -> (artifact id: '0ede50084c168e2abc6ba03f9df37806') in 0.001656 seconds 
========================================================================
Received Import Request.
  Time since last request: 0.847630 seconds.
  path: Assets/Scenes
  artifactKey: Guid(b23c444240ada494391ab9cd349f2401) Importer(815301076,1909f56bfc062723c751e8b465ee728b)
Start importing Assets/Scenes using Guid(b23c444240ada494391ab9cd349f2401) Importer(815301076,1909f56bfc062723c751e8b465ee728b)  -> (artifact id: 'ae784ac624ef1e5251653e6b4c7f624a') in 0.001408 seconds 
========================================================================
Received Import Request.
  Time since last request: 5.689600 seconds.
  path: Assets/Materials
  artifactKey: Guid(7fda732e238691647a2b408be0a30b57) Importer(815301076,1909f56bfc062723c751e8b465ee728b)
Start importing Assets/Materials using Guid(7fda732e238691647a2b408be0a30b57) Importer(815301076,1909f56bfc062723c751e8b465ee728b)  -> (artifact id: 'd84a7aeb46004487468a30bf4cdd98d0') in 0.001412 seconds 
========================================================================
Received Import Request.
  Time since last request: 192.890165 seconds.
  path: Assets/_Prefabs/Prefab RATCCard.prefab
  artifactKey: Guid(8603d9cbc2a7f43f1851d9915ed09ea9) Importer(815301076,1909f56bfc062723c751e8b465ee728b)
Start importing Assets/_Prefabs/Prefab RATCCard.prefab using Guid(8603d9cbc2a7f43f1851d9915ed09ea9) Importer(815301076,1909f56bfc062723c751e8b465ee728b)  -> (artifact id: '275a6c0477cd8e1738413c2ce494874d') in 1.479870 seconds 
========================================================================
Received Import Request.
  Time since last request: 24.648149 seconds.
  path: Assets/_Prefabs/PrefabCard.prefab
  artifactKey: Guid(ee93767be21efa14eaa16db1093e90b5) Importer(815301076,1909f56bfc062723c751e8b465ee728b)
Start importing Assets/_Prefabs/PrefabCard.prefab using Guid(ee93767be21efa14eaa16db1093e90b5) Importer(815301076,1909f56bfc062723c751e8b465ee728b)  -> (artifact id: 'cdf97340cab13fbfbb0f2ca02dad4f27') in 0.095459 seconds 
========================================================================
Received Import Request.
  Time since last request: 5.835327 seconds.
  path: Assets/_Prefabs/Prefab RATCCard.prefab
  artifactKey: Guid(8603d9cbc2a7f43f1851d9915ed09ea9) Importer(815301076,1909f56bfc062723c751e8b465ee728b)
Start importing Assets/_Prefabs/Prefab RATCCard.prefab using Guid(8603d9cbc2a7f43f1851d9915ed09ea9) Importer(815301076,1909f56bfc062723c751e8b465ee728b)  -> (artifact id: '8f52028919e3e93d404ba6a45e8fa010') in 0.011987 seconds 
========================================================================
Received Import Request.
  Time since last request: 43.029361 seconds.
  path: Assets/_Prefabs/PrefabSprite.prefab
  artifactKey: Guid(12a0355f16a4e3040b7c1daff1c8ed35) Importer(815301076,1909f56bfc062723c751e8b465ee728b)
Start importing Assets/_Prefabs/PrefabSprite.prefab using Guid(12a0355f16a4e3040b7c1daff1c8ed35) Importer(815301076,1909f56bfc062723c751e8b465ee728b)  -> (artifact id: '56cc3b2dbf338d8e07a20c778e3e08db') in 0.083380 seconds 
========================================================================
Received Prepare
Registering precompiled user dll's ...
Registered in 0.091219 seconds.
Begin MonoManager ReloadAssembly
Native extension for OSXStandalone target not found
Refreshing native plugins compatible for Editor in 0.89 ms, found 2 plugins.
Preloading 0 native plugins for Editor in 0.00 ms.
Mono: successfully reloaded assembly
- Completed reload, in  5.357 seconds
Domain Reload Profiling:
	ReloadAssembly (5358ms)
		BeginReloadAssembly (221ms)
			ExecutionOrderSort (0ms)
			DisableScriptedObjects (15ms)
			BackupInstance (0ms)
			ReleaseScriptingObjects (0ms)
			CreateAndSetChildDomain (114ms)
		EndReloadAssembly (5020ms)
			LoadAssemblies (3246ms)
			RebuildTransferFunctionScriptingTraits (0ms)
			SetupTypeCache (575ms)
			ReleaseScriptCaches (1ms)
			RebuildScriptCaches (99ms)
			SetupLoadedEditorAssemblies (716ms)
				LogAssemblyErrors (0ms)
				InitializePlatformSupportModulesInManaged (8ms)
				SetLoadedEditorAssemblies (1ms)
				RefreshPlugins (1ms)
				BeforeProcessingInitializeOnLoad (80ms)
				ProcessInitializeOnLoadAttributes (505ms)
				ProcessInitializeOnLoadMethodAttributes (119ms)
				AfterProcessingInitializeOnLoad (3ms)
				EditorAssembliesLoaded (0ms)
			ExecutionOrderSort2 (0ms)
			AwakeInstancesAfterBackupRestoration (25ms)
Platform modules already initialized, skipping
Switching build target platform(2) subTarget(0) extendedPlatform(0) -> platform(13) subTarget(65536) extendedPlatform(0)
Refreshing native plugins compatible for Editor in 0.89 ms, found 2 plugins.
Preloading 0 native plugins for Editor in 0.00 ms.
Unloading 2004 Unused Serialized files (Serialized files now loaded: 0)
System memory in use before: 195.2 MB.
System memory in use after: 195.3 MB.

Unloading 49 unused Assets to reduce memory usage. Loaded Objects now: 2693.
Total: 9.671354 ms (FindLiveObjects: 0.246961 ms CreateObjectMapping: 0.092911 ms MarkObjects: 9.275605 ms  DeleteObjects: 0.053743 ms)

AssetImportParameters requested are different than current active one (requested -> active):
  custom:video-decoder-ogg-theora: a1e56fd34408186e4bbccfd4996cb3dc -> 
  custom:container-muxer-webm: aa71ff27fc2769a1b78a27578f13a17b -> 
  custom:container-demuxer-webm: 4f35f7cbe854078d1ac9338744f61a02 -> 
  custom:container-demuxer-ogg: 62fdf1f143b41e24485cea50d1cbac27 -> 
  custom:video-encoder-webm-vp8: eb34c28f22e8b96e1ab97ce403110664 -> 
  custom:framework-osx-AVFoundation: b23960f63f64bdc6ff669e2cdcee2391 -> 
  custom:video-decoder-webm-vp8: 9c59270c3fd7afecdb556c50c9e8de78 -> 
  custom:graphics/normal-map-encoding: 01000000000000000000000000000000 -> 02000000000000000000000000000000
  custom:audio-decoder-ogg-vorbis: bf7c407c2cedff20999df2af8eb42d56 -> 
  custom:audio-encoder-webm-vorbis: bf7c407c2cedff20999df2af8eb42d56 -> 
========================================================================
Received Prepare
Registering precompiled user dll's ...
Registered in 0.004004 seconds.
Begin MonoManager ReloadAssembly
Native extension for OSXStandalone target not found
Refreshing native plugins compatible for Editor in 0.91 ms, found 2 plugins.
Preloading 0 native plugins for Editor in 0.00 ms.
Mono: successfully reloaded assembly
- Completed reload, in  2.109 seconds
Domain Reload Profiling:
	ReloadAssembly (2109ms)
		BeginReloadAssembly (210ms)
			ExecutionOrderSort (0ms)
			DisableScriptedObjects (17ms)
			BackupInstance (0ms)
			ReleaseScriptingObjects (0ms)
			CreateAndSetChildDomain (106ms)
		EndReloadAssembly (1781ms)
			LoadAssemblies (118ms)
			RebuildTransferFunctionScriptingTraits (0ms)
			SetupTypeCache (579ms)
			ReleaseScriptCaches (1ms)
			RebuildScriptCaches (100ms)
			SetupLoadedEditorAssemblies (709ms)
				LogAssemblyErrors (0ms)
				InitializePlatformSupportModulesInManaged (8ms)
				SetLoadedEditorAssemblies (1ms)
				RefreshPlugins (1ms)
				BeforeProcessingInitializeOnLoad (80ms)
				ProcessInitializeOnLoadAttributes (498ms)
				ProcessInitializeOnLoadMethodAttributes (118ms)
				AfterProcessingInitializeOnLoad (3ms)
				EditorAssembliesLoaded (0ms)
			ExecutionOrderSort2 (0ms)
			AwakeInstancesAfterBackupRestoration (24ms)
Platform modules already initialized, skipping
Switching build target platform(2) subTarget(0) extendedPlatform(0) -> platform(13) subTarget(65536) extendedPlatform(0)
Refreshing native plugins compatible for Editor in 0.87 ms, found 2 plugins.
Preloading 0 native plugins for Editor in 0.00 ms.
Unloading 2004 Unused Serialized files (Serialized files now loaded: 0)
System memory in use before: 195.4 MB.
System memory in use after: 195.5 MB.

Unloading 49 unused Assets to reduce memory usage. Loaded Objects now: 2696.
Total: 8.128357 ms (FindLiveObjects: 0.240329 ms CreateObjectMapping: 0.089844 ms MarkObjects: 7.761581 ms  DeleteObjects: 0.034712 ms)

AssetImportParameters requested are different than current active one (requested -> active):
  custom:video-decoder-ogg-theora: a1e56fd34408186e4bbccfd4996cb3dc -> 
  custom:container-muxer-webm: aa71ff27fc2769a1b78a27578f13a17b -> 
  custom:container-demuxer-webm: 4f35f7cbe854078d1ac9338744f61a02 -> 
  custom:container-demuxer-ogg: 62fdf1f143b41e24485cea50d1cbac27 -> 
  custom:video-encoder-webm-vp8: eb34c28f22e8b96e1ab97ce403110664 -> 
  custom:framework-osx-AVFoundation: b23960f63f64bdc6ff669e2cdcee2391 -> 
  custom:video-decoder-webm-vp8: 9c59270c3fd7afecdb556c50c9e8de78 -> 
  custom:graphics/normal-map-encoding: 01000000000000000000000000000000 -> 02000000000000000000000000000000
  custom:audio-decoder-ogg-vorbis: bf7c407c2cedff20999df2af8eb42d56 -> 
  custom:audio-encoder-webm-vorbis: bf7c407c2cedff20999df2af8eb42d56 -> 
========================================================================
Received Prepare
Registering precompiled user dll's ...
Registered in 0.046207 seconds.
Begin MonoManager ReloadAssembly
Native extension for OSXStandalone target not found
Refreshing native plugins compatible for Editor in 0.86 ms, found 2 plugins.
Preloading 0 native plugins for Editor in 0.00 ms.
Mono: successfully reloaded assembly
- Completed reload, in  2.184 seconds
Domain Reload Profiling:
	ReloadAssembly (2185ms)
		BeginReloadAssembly (207ms)
			ExecutionOrderSort (0ms)
			DisableScriptedObjects (15ms)
			BackupInstance (0ms)
			ReleaseScriptingObjects (0ms)
			CreateAndSetChildDomain (106ms)
		EndReloadAssembly (1857ms)
			LoadAssemblies (120ms)
			RebuildTransferFunctionScriptingTraits (0ms)
			SetupTypeCache (566ms)
			ReleaseScriptCaches (1ms)
			RebuildScriptCaches (99ms)
			SetupLoadedEditorAssemblies (720ms)
				LogAssemblyErrors (0ms)
				InitializePlatformSupportModulesInManaged (8ms)
				SetLoadedEditorAssemblies (1ms)
				RefreshPlugins (1ms)
				BeforeProcessingInitializeOnLoad (78ms)
				ProcessInitializeOnLoadAttributes (508ms)
				ProcessInitializeOnLoadMethodAttributes (122ms)
				AfterProcessingInitializeOnLoad (2ms)
				EditorAssembliesLoaded (1ms)
			ExecutionOrderSort2 (0ms)
			AwakeInstancesAfterBackupRestoration (25ms)
Platform modules already initialized, skipping
Switching build target platform(2) subTarget(0) extendedPlatform(0) -> platform(13) subTarget(65536) extendedPlatform(0)
Refreshing native plugins compatible for Editor in 0.91 ms, found 2 plugins.
Preloading 0 native plugins for Editor in 0.00 ms.
Unloading 2004 Unused Serialized files (Serialized files now loaded: 0)
System memory in use before: 195.6 MB.
System memory in use after: 195.7 MB.

Unloading 49 unused Assets to reduce memory usage. Loaded Objects now: 2699.
Total: 8.214648 ms (FindLiveObjects: 0.227826 ms CreateObjectMapping: 0.090454 ms MarkObjects: 7.862056 ms  DeleteObjects: 0.032605 ms)

AssetImportParameters requested are different than current active one (requested -> active):
  custom:video-decoder-ogg-theora: a1e56fd34408186e4bbccfd4996cb3dc -> 
  custom:container-muxer-webm: aa71ff27fc2769a1b78a27578f13a17b -> 
  custom:container-demuxer-webm: 4f35f7cbe854078d1ac9338744f61a02 -> 
  custom:container-demuxer-ogg: 62fdf1f143b41e24485cea50d1cbac27 -> 
  custom:video-encoder-webm-vp8: eb34c28f22e8b96e1ab97ce403110664 -> 
  custom:framework-osx-AVFoundation: b23960f63f64bdc6ff669e2cdcee2391 -> 
  custom:video-decoder-webm-vp8: 9c59270c3fd7afecdb556c50c9e8de78 -> 
  custom:graphics/normal-map-encoding: 01000000000000000000000000000000 -> 02000000000000000000000000000000
  custom:audio-decoder-ogg-vorbis: bf7c407c2cedff20999df2af8eb42d56 -> 
  custom:audio-encoder-webm-vorbis: bf7c407c2cedff20999df2af8eb42d56 -> 
========================================================================
Received Prepare
Registering precompiled user dll's ...
Registered in 0.003247 seconds.
Begin MonoManager ReloadAssembly
Native extension for OSXStandalone target not found
Refreshing native plugins compatible for Editor in 0.90 ms, found 2 plugins.
Preloading 0 native plugins for Editor in 0.00 ms.
Mono: successfully reloaded assembly
- Completed reload, in  2.243 seconds
Domain Reload Profiling:
	ReloadAssembly (2244ms)
		BeginReloadAssembly (244ms)
			ExecutionOrderSort (0ms)
			DisableScriptedObjects (19ms)
			BackupInstance (0ms)
			ReleaseScriptingObjects (0ms)
			CreateAndSetChildDomain (121ms)
		EndReloadAssembly (1860ms)
			LoadAssemblies (150ms)
			RebuildTransferFunctionScriptingTraits (0ms)
			SetupTypeCache (651ms)
			ReleaseScriptCaches (1ms)
			RebuildScriptCaches (98ms)
			SetupLoadedEditorAssemblies (710ms)
				LogAssemblyErrors (0ms)
				InitializePlatformSupportModulesInManaged (8ms)
				SetLoadedEditorAssemblies (1ms)
				RefreshPlugins (1ms)
				BeforeProcessingInitializeOnLoad (81ms)
				ProcessInitializeOnLoadAttributes (500ms)
				ProcessInitializeOnLoadMethodAttributes (115ms)
				AfterProcessingInitializeOnLoad (3ms)
				EditorAssembliesLoaded (0ms)
			ExecutionOrderSort2 (0ms)
			AwakeInstancesAfterBackupRestoration (24ms)
Platform modules already initialized, skipping
Switching build target platform(2) subTarget(0) extendedPlatform(0) -> platform(13) subTarget(65536) extendedPlatform(0)
Refreshing native plugins compatible for Editor in 0.83 ms, found 2 plugins.
Preloading 0 native plugins for Editor in 0.00 ms.
Unloading 2004 Unused Serialized files (Serialized files now loaded: 0)
System memory in use before: 195.8 MB.
System memory in use after: 195.9 MB.

Unloading 49 unused Assets to reduce memory usage. Loaded Objects now: 2702.
Total: 8.318486 ms (FindLiveObjects: 0.233943 ms CreateObjectMapping: 0.155048 ms MarkObjects: 7.892459 ms  DeleteObjects: 0.035440 ms)

AssetImportParameters requested are different than current active one (requested -> active):
  custom:video-decoder-ogg-theora: a1e56fd34408186e4bbccfd4996cb3dc -> 
  custom:container-muxer-webm: aa71ff27fc2769a1b78a27578f13a17b -> 
  custom:container-demuxer-webm: 4f35f7cbe854078d1ac9338744f61a02 -> 
  custom:container-demuxer-ogg: 62fdf1f143b41e24485cea50d1cbac27 -> 
  custom:video-encoder-webm-vp8: eb34c28f22e8b96e1ab97ce403110664 -> 
  custom:framework-osx-AVFoundation: b23960f63f64bdc6ff669e2cdcee2391 -> 
  custom:video-decoder-webm-vp8: 9c59270c3fd7afecdb556c50c9e8de78 -> 
  custom:graphics/normal-map-encoding: 01000000000000000000000000000000 -> 02000000000000000000000000000000
  custom:audio-decoder-ogg-vorbis: bf7c407c2cedff20999df2af8eb42d56 -> 
  custom:audio-encoder-webm-vorbis: bf7c407c2cedff20999df2af8eb42d56 -> 
