Using pre-set license
Pro License: NO

 COMMAND LINE ARGUMENTS:
/Applications/Unity/EditorsFolder/2021.1.12f1/Unity.app/Contents/MacOS/Unity
-adb2
-batchMode
-noUpm
-name
AssetImportWorker67
-projectPath
/Users/admin/Documents/Unity/Learn/10-14-ratc-game-final
-logFile
Logs/AssetImportWorker67.log
-srvPort
63389
Successfully changed project path to: /Users/admin/Documents/Unity/Learn/10-14-ratc-game-final
/Users/admin/Documents/Unity/Learn/10-14-ratc-game-final
Using Asset Import Pipeline V2.
Refreshing native plugins compatible for Editor in 1910.58 ms, found 3 plugins.
Preloading 0 native plugins for Editor in 0.00 ms.
Initialize engine version: 2021.1.12f1 (afcadd793de6)
[Subsystems] Discovering subsystems at path /Applications/Unity/EditorsFolder/2021.1.12f1/Unity.app/Contents/Resources/UnitySubsystems
[Subsystems] Discovering subsystems at path /Users/admin/Documents/Unity/Learn/10-14-ratc-game-final/Assets
GfxDevice: creating device client; threaded=0; jobified=0
2021-12-02 07:57:57.263 Unity[56636:1014509] Color LCD preferred device: NVIDIA GeForce GT 650M (high power)
2021-12-02 07:57:57.337 Unity[56636:1014509] Metal devices available: 2
2021-12-02 07:57:57.337 Unity[56636:1014509] 0: NVIDIA GeForce GT 650M (high power)
2021-12-02 07:57:57.337 Unity[56636:1014509] 1: Intel HD Graphics 4000 (low power)
2021-12-02 07:57:57.338 Unity[56636:1014509] Using device NVIDIA GeForce GT 650M (high power)
Initializing Metal device caps: NVIDIA GeForce GT 650M
Initialize mono
Mono path[0] = '/Applications/Unity/EditorsFolder/2021.1.12f1/Unity.app/Contents/Managed'
Mono path[1] = '/Applications/Unity/EditorsFolder/2021.1.12f1/Unity.app/Contents/MonoBleedingEdge/lib/mono/unityjit'
Mono config path = '/Applications/Unity/EditorsFolder/2021.1.12f1/Unity.app/Contents/MonoBleedingEdge/etc'
Using monoOptions --debugger-agent=transport=dt_socket,embedding=1,server=y,suspend=n,address=127.0.0.1:56636
Begin MonoManager ReloadAssembly
