Using pre-set license
Pro License: NO

 COMMAND LINE ARGUMENTS:
/Applications/Unity/EditorsFolder/2021.1.12f1/Unity.app/Contents/MacOS/Unity
-adb2
-batchMode
-noUpm
-name
AssetImportWorker31
-projectPath
/Users/admin/Documents/Unity/Learn/10-14-ratc-game-final
-logFile
Logs/AssetImportWorker31.log
-srvPort
57811
Successfully changed project path to: /Users/admin/Documents/Unity/Learn/10-14-ratc-game-final
/Users/admin/Documents/Unity/Learn/10-14-ratc-game-final
Using Asset Import Pipeline V2.
Refreshing native plugins compatible for Editor in 485.53 ms, found 2 plugins.
Preloading 0 native plugins for Editor in 0.00 ms.
Initialize engine version: 2021.1.12f1 (afcadd793de6)
[Subsystems] Discovering subsystems at path /Applications/Unity/EditorsFolder/2021.1.12f1/Unity.app/Contents/Resources/UnitySubsystems
[Subsystems] Discovering subsystems at path /Users/admin/Documents/Unity/Learn/10-14-ratc-game-final/Assets
GfxDevice: creating device client; threaded=0; jobified=0
2021-11-30 17:22:02.415 Unity[36251:688837] Color LCD preferred device: NVIDIA GeForce GT 650M (high power)
2021-11-30 17:22:02.415 Unity[36251:688837] Metal devices available: 2
2021-11-30 17:22:02.416 Unity[36251:688837] 0: NVIDIA GeForce GT 650M (high power)
2021-11-30 17:22:02.416 Unity[36251:688837] 1: Intel HD Graphics 4000 (low power)
2021-11-30 17:22:02.417 Unity[36251:688837] Using device NVIDIA GeForce GT 650M (high power)
Initializing Metal device caps: NVIDIA GeForce GT 650M
Initialize mono
Mono path[0] = '/Applications/Unity/EditorsFolder/2021.1.12f1/Unity.app/Contents/Managed'
Mono path[1] = '/Applications/Unity/EditorsFolder/2021.1.12f1/Unity.app/Contents/MonoBleedingEdge/lib/mono/unityjit'
Mono config path = '/Applications/Unity/EditorsFolder/2021.1.12f1/Unity.app/Contents/MonoBleedingEdge/etc'
Using monoOptions --debugger-agent=transport=dt_socket,embedding=1,server=y,suspend=n,address=127.0.0.1:56251
Begin MonoManager ReloadAssembly
Registering precompiled unity dll's ...
Register platform support module: /Applications/Unity/EditorsFolder/2021.1.12f1/Unity.app/Contents/PlaybackEngines/MacStandaloneSupport/UnityEditor.OSXStandalone.Extensions.dll
Registered in 0.082171 seconds.
Native extension for OSXStandalone target not found
Refreshing native plugins compatible for Editor in 143.64 ms, found 2 plugins.
Preloading 0 native plugins for Editor in 0.00 ms.
Mono: successfully reloaded assembly
- Completed reload, in 12.890 seconds
Domain Reload Profiling:
	ReloadAssembly (12890ms)
		BeginReloadAssembly (130ms)
			ExecutionOrderSort (0ms)
			DisableScriptedObjects (0ms)
			BackupInstance (0ms)
			ReleaseScriptingObjects (0ms)
			CreateAndSetChildDomain (1ms)
		EndReloadAssembly (1237ms)
			LoadAssemblies (173ms)
			RebuildTransferFunctionScriptingTraits (0ms)
			SetupTypeCache (350ms)
			ReleaseScriptCaches (0ms)
			RebuildScriptCaches (73ms)
			SetupLoadedEditorAssemblies (566ms)
				LogAssemblyErrors (0ms)
				InitializePlatformSupportModulesInManaged (11ms)
				SetLoadedEditorAssemblies (0ms)
				RefreshPlugins (144ms)
				BeforeProcessingInitializeOnLoad (3ms)
				ProcessInitializeOnLoadAttributes (310ms)
				ProcessInitializeOnLoadMethodAttributes (98ms)
				AfterProcessingInitializeOnLoad (0ms)
				EditorAssembliesLoaded (0ms)
			ExecutionOrderSort2 (0ms)
			AwakeInstancesAfterBackupRestoration (0ms)
Platform modules already initialized, skipping
Registering precompiled user dll's ...
Registered in 0.326222 seconds.
